{"numFailedTestSuites":0,"numFailedTests":0,"numPassedTestSuites":79,"numPassedTests":1184,"numPendingTestSuites":1,"numPendingTests":42,"numRuntimeErrorTestSuites":0,"numTodoTests":0,"numTotalTestSuites":80,"numTotalTests":1226,"openHandles":[],"snapshot":{"added":0,"didUpdate":false,"failure":false,"filesAdded":0,"filesRemoved":0,"filesRemovedList":[],"filesUnmatched":0,"filesUpdated":0,"matched":0,"total":0,"unchecked":0,"uncheckedKeysByFile":[],"unmatched":0,"updated":0},"startTime":1757936806994,"success":true,"testResults":[{"assertionResults":[{"ancestorTitles":["summary-quality-checker","checkSummaryQuality","valid summaries"],"duration":5,"failing":false,"failureDetails":[],"failureMessages":[],"fullName":"summary-quality-checker checkSummaryQuality valid summaries should accept well-formatted summary","invocations":1,"location":null,"numPassingAsserts":4,"retryReasons":[],"startAt":1757936807758,"status":"passed","title":"should accept well-formatted summary"},{"ancestorTitles":["summary-quality-checker","checkSummaryQuality","valid summaries"],"duration":1,"failing":false,"failureDetails":[],"failureMessages":[],"fullName":"summary-quality-checker checkSummaryQuality valid summaries should accept summary with ideal length","invocations":1,"location":null,"numPassingAsserts":2,"retryReasons":[],"startAt":1757936807763,"status":"passed","title":"should accept summary with ideal length"},{"ancestorTitles":["summary-quality-checker","checkSummaryQuality","summary length validation"],"duration":2,"failing":false,"failureDetails":[],"failureMessages":[],"fullName":"summary-quality-checker checkSummaryQuality summary length validation should detect too short summary","invocations":1,"location":null,"numPassingAsserts":3,"retryReasons":[],"startAt":1757936807764,"status":"passed","title":"should detect too short summary"},{"ancestorTitles":["summary-quality-checker","checkSummaryQuality","summary length validation"],"duration":0,"failing":false,"failureDetails":[],"failureMessages":[],"fullName":"summary-quality-checker checkSummaryQuality summary length validation should detect too long summary","invocations":1,"location":null,"numPassingAsserts":1,"retryReasons":[],"startAt":1757936807766,"status":"passed","title":"should detect too long summary"},{"ancestorTitles":["summary-quality-checker","checkSummaryQuality","summary length validation"],"duration":0,"failing":false,"failureDetails":[],"failureMessages":[],"fullName":"summary-quality-checker checkSummaryQuality summary length validation should warn for short but acceptable summary","invocations":1,"location":null,"numPassingAsserts":2,"retryReasons":[],"startAt":1757936807767,"status":"passed","title":"should warn for short but acceptable summary"},{"ancestorTitles":["summary-quality-checker","checkSummaryQuality","summary length validation"],"duration":1,"failing":false,"failureDetails":[],"failureMessages":[],"fullName":"summary-quality-checker checkSummaryQuality summary length validation should warn about slightly long summary","invocations":1,"location":null,"numPassingAsserts":1,"retryReasons":[],"startAt":1757936807767,"status":"passed","title":"should warn about slightly long summary"},{"ancestorTitles":["summary-quality-checker","checkSummaryQuality","detailed summary length validation"],"duration":1,"failing":false,"failureDetails":[],"failureMessages":[],"fullName":"summary-quality-checker checkSummaryQuality detailed summary length validation should detect too short detailed summary","invocations":1,"location":null,"numPassingAsserts":1,"retryReasons":[],"startAt":1757936807768,"status":"passed","title":"should detect too short detailed summary"},{"ancestorTitles":["summary-quality-checker","checkSummaryQuality","detailed summary length validation"],"duration":0,"failing":false,"failureDetails":[],"failureMessages":[],"fullName":"summary-quality-checker checkSummaryQuality detailed summary length validation should warn about slightly long detailed summary","invocations":1,"location":null,"numPassingAsserts":1,"retryReasons":[],"startAt":1757936807769,"status":"passed","title":"should warn about slightly long detailed summary"},{"ancestorTitles":["summary-quality-checker","checkSummaryQuality","detailed summary length validation"],"duration":1,"failing":false,"failureDetails":[],"failureMessages":[],"fullName":"summary-quality-checker checkSummaryQuality detailed summary length validation should detect too long detailed summary","invocations":1,"location":null,"numPassingAsserts":1,"retryReasons":[],"startAt":1757936807769,"status":"passed","title":"should detect too long detailed summary"},{"ancestorTitles":["summary-quality-checker","checkSummaryQuality","format validation"],"duration":1,"failing":false,"failureDetails":[],"failureMessages":[],"fullName":"summary-quality-checker checkSummaryQuality format validation should detect when bullet points are too few","invocations":1,"location":null,"numPassingAsserts":2,"retryReasons":[],"startAt":1757936807770,"status":"passed","title":"should detect when bullet points are too few"},{"ancestorTitles":["summary-quality-checker","checkSummaryQuality","format validation"],"duration":2,"failing":false,"failureDetails":[],"failureMessages":[],"fullName":"summary-quality-checker checkSummaryQuality format validation should detect when no bullet points exist","invocations":1,"location":null,"numPassingAsserts":1,"retryReasons":[],"startAt":1757936807771,"status":"passed","title":"should detect when no bullet points exist"},{"ancestorTitles":["summary-quality-checker","checkSummaryQuality","format validation"],"duration":0,"failing":false,"failureDetails":[],"failureMessages":[],"fullName":"summary-quality-checker checkSummaryQuality format validation should validate detailed summary length","invocations":1,"location":null,"numPassingAsserts":1,"retryReasons":[],"startAt":1757936807773,"status":"passed","title":"should validate detailed summary length"},{"ancestorTitles":["summary-quality-checker","checkSummaryQuality","punctuation validation"],"duration":1,"failing":false,"failureDetails":[],"failureMessages":[],"fullName":"summary-quality-checker checkSummaryQuality punctuation validation should require period at end of summary","invocations":1,"location":null,"numPassingAsserts":1,"retryReasons":[],"startAt":1757936807773,"status":"passed","title":"should require period at end of summary"},{"ancestorTitles":["summary-quality-checker","checkSummaryQuality","punctuation validation"],"duration":1,"failing":false,"failureDetails":[],"failureMessages":[],"fullName":"summary-quality-checker checkSummaryQuality punctuation validation should not check period at end of bullet points","invocations":1,"location":null,"numPassingAsserts":1,"retryReasons":[],"startAt":1757936807774,"status":"passed","title":"should not check period at end of bullet points"},{"ancestorTitles":["summary-quality-checker","checkSummaryQuality","score calculation"],"duration":1,"failing":false,"failureDetails":[],"failureMessages":[],"fullName":"summary-quality-checker checkSummaryQuality score calculation should calculate perfect score for ideal summary","invocations":1,"location":null,"numPassingAsserts":3,"retryReasons":[],"startAt":1757936807775,"status":"passed","title":"should calculate perfect score for ideal summary"},{"ancestorTitles":["summary-quality-checker","checkSummaryQuality","score calculation"],"duration":1,"failing":false,"failureDetails":[],"failureMessages":[],"fullName":"summary-quality-checker checkSummaryQuality score calculation should mark as invalid when score below 70","invocations":1,"location":null,"numPassingAsserts":3,"retryReasons":[],"startAt":1757936807776,"status":"passed","title":"should mark as invalid when score below 70"},{"ancestorTitles":["summary-quality-checker","checkSummaryQuality","score calculation"],"duration":1,"failing":false,"failureDetails":[],"failureMessages":[],"fullName":"summary-quality-checker checkSummaryQuality score calculation should require regeneration with critical issues","invocations":1,"location":null,"numPassingAsserts":2,"retryReasons":[],"startAt":1757936807777,"status":"passed","title":"should require regeneration with critical issues"},{"ancestorTitles":["summary-quality-checker","checkSummaryQuality","score calculation"],"duration":1,"failing":false,"failureDetails":[],"failureMessages":[],"fullName":"summary-quality-checker checkSummaryQuality score calculation should require regeneration with multiple major issues","invocations":1,"location":null,"numPassingAsserts":2,"retryReasons":[],"startAt":1757936807778,"status":"passed","title":"should require regeneration with multiple major issues"},{"ancestorTitles":["summary-quality-checker","checkSummaryQuality","score calculation"],"duration":0,"failing":false,"failureDetails":[],"failureMessages":[],"fullName":"summary-quality-checker checkSummaryQuality score calculation should not go below 0 score","invocations":1,"location":null,"numPassingAsserts":1,"retryReasons":[],"startAt":1757936807779,"status":"passed","title":"should not go below 0 score"},{"ancestorTitles":["summary-quality-checker","calculateQualityStats"],"duration":2,"failing":false,"failureDetails":[],"failureMessages":[],"fullName":"summary-quality-checker calculateQualityStats should calculate statistics for quality results","invocations":1,"location":null,"numPassingAsserts":7,"retryReasons":[],"startAt":1757936807780,"status":"passed","title":"should calculate statistics for quality results"},{"ancestorTitles":["summary-quality-checker","calculateQualityStats"],"duration":8,"failing":false,"failureDetails":[],"failureMessages":[],"fullName":"summary-quality-checker calculateQualityStats should handle empty results","invocations":1,"location":null,"numPassingAsserts":7,"retryReasons":[],"startAt":1757936807782,"status":"passed","title":"should handle empty results"},{"ancestorTitles":["summary-quality-checker","generateQualityReport"],"duration":1,"failing":false,"failureDetails":[],"failureMessages":[],"fullName":"summary-quality-checker generateQualityReport should generate markdown report","invocations":1,"location":null,"numPassingAsserts":6,"retryReasons":[],"startAt":1757936807790,"status":"passed","title":"should generate markdown report"},{"ancestorTitles":["summary-quality-checker","generateQualityReport"],"duration":2,"failing":false,"failureDetails":[],"failureMessages":[],"fullName":"summary-quality-checker generateQualityReport should handle no issues","invocations":1,"location":null,"numPassingAsserts":4,"retryReasons":[],"startAt":1757936807791,"status":"passed","title":"should handle no issues"},{"ancestorTitles":["summary-quality-checker","expandSummaryIfNeeded"],"duration":0,"failing":false,"failureDetails":[],"failureMessages":[],"fullName":"summary-quality-checker expandSummaryIfNeeded should not expand valid summary","invocations":1,"location":null,"numPassingAsserts":1,"retryReasons":[],"startAt":1757936807793,"status":"passed","title":"should not expand valid summary"},{"ancestorTitles":["summary-quality-checker","expandSummaryIfNeeded"],"duration":1,"failing":false,"failureDetails":[],"failureMessages":[],"fullName":"summary-quality-checker expandSummaryIfNeeded should not expand summary over 50 chars","invocations":1,"location":null,"numPassingAsserts":1,"retryReasons":[],"startAt":1757936807793,"status":"passed","title":"should not expand summary over 50 chars"},{"ancestorTitles":["summary-quality-checker","expandSummaryIfNeeded"],"duration":0,"failing":false,"failureDetails":[],"failureMessages":[],"fullName":"summary-quality-checker expandSummaryIfNeeded should expand very short summary","invocations":1,"location":null,"numPassingAsserts":2,"retryReasons":[],"startAt":1757936807794,"status":"passed","title":"should expand very short summary"},{"ancestorTitles":["summary-quality-checker","expandSummaryIfNeeded"],"duration":1,"failing":false,"failureDetails":[],"failureMessages":[],"fullName":"summary-quality-checker expandSummaryIfNeeded should expand with title when very short","invocations":1,"location":null,"numPassingAsserts":3,"retryReasons":[],"startAt":1757936807794,"status":"passed","title":"should expand with title when very short"},{"ancestorTitles":["summary-quality-checker","expandSummaryIfNeeded"],"duration":0,"failing":false,"failureDetails":[],"failureMessages":[],"fullName":"summary-quality-checker expandSummaryIfNeeded should use content for expansion","invocations":1,"location":null,"numPassingAsserts":2,"retryReasons":[],"startAt":1757936807795,"status":"passed","title":"should use content for expansion"},{"ancestorTitles":["summary-quality-checker","expandSummaryIfNeeded"],"duration":0,"failing":false,"failureDetails":[],"failureMessages":[],"fullName":"summary-quality-checker expandSummaryIfNeeded should ensure result ends with period","invocations":1,"location":null,"numPassingAsserts":1,"retryReasons":[],"startAt":1757936807795,"status":"passed","title":"should ensure result ends with period"},{"ancestorTitles":["summary-quality-checker","expandSummaryIfNeeded"],"duration":1,"failing":false,"failureDetails":[],"failureMessages":[],"fullName":"summary-quality-checker expandSummaryIfNeeded should return as-is if over 50 chars even with higher minLength","invocations":1,"location":null,"numPassingAsserts":1,"retryReasons":[],"startAt":1757936807795,"status":"passed","title":"should return as-is if over 50 chars even with higher minLength"},{"ancestorTitles":["summary-quality-checker","environment variable helpers","isQualityCheckEnabled"],"duration":0,"failing":false,"failureDetails":[],"failureMessages":[],"fullName":"summary-quality-checker environment variable helpers isQualityCheckEnabled should return true by default","invocations":1,"location":null,"numPassingAsserts":1,"retryReasons":[],"startAt":1757936807796,"status":"passed","title":"should return true by default"},{"ancestorTitles":["summary-quality-checker","environment variable helpers","isQualityCheckEnabled"],"duration":0,"failing":false,"failureDetails":[],"failureMessages":[],"fullName":"summary-quality-checker environment variable helpers isQualityCheckEnabled should return true when enabled","invocations":1,"location":null,"numPassingAsserts":1,"retryReasons":[],"startAt":1757936807796,"status":"passed","title":"should return true when enabled"},{"ancestorTitles":["summary-quality-checker","environment variable helpers","isQualityCheckEnabled"],"duration":1,"failing":false,"failureDetails":[],"failureMessages":[],"fullName":"summary-quality-checker environment variable helpers isQualityCheckEnabled should return false when disabled","invocations":1,"location":null,"numPassingAsserts":1,"retryReasons":[],"startAt":1757936807796,"status":"passed","title":"should return false when disabled"},{"ancestorTitles":["summary-quality-checker","environment variable helpers","getMinQualityScore"],"duration":0,"failing":false,"failureDetails":[],"failureMessages":[],"fullName":"summary-quality-checker environment variable helpers getMinQualityScore should return 70 by default","invocations":1,"location":null,"numPassingAsserts":1,"retryReasons":[],"startAt":1757936807797,"status":"passed","title":"should return 70 by default"},{"ancestorTitles":["summary-quality-checker","environment variable helpers","getMinQualityScore"],"duration":0,"failing":false,"failureDetails":[],"failureMessages":[],"fullName":"summary-quality-checker environment variable helpers getMinQualityScore should return custom value","invocations":1,"location":null,"numPassingAsserts":1,"retryReasons":[],"startAt":1757936807797,"status":"passed","title":"should return custom value"},{"ancestorTitles":["summary-quality-checker","environment variable helpers","getMinQualityScore"],"duration":1,"failing":false,"failureDetails":[],"failureMessages":[],"fullName":"summary-quality-checker environment variable helpers getMinQualityScore should return default for invalid value","invocations":1,"location":null,"numPassingAsserts":1,"retryReasons":[],"startAt":1757936807797,"status":"passed","title":"should return default for invalid value"},{"ancestorTitles":["summary-quality-checker","environment variable helpers","getMaxRegenerationAttempts"],"duration":0,"failing":false,"failureDetails":[],"failureMessages":[],"fullName":"summary-quality-checker environment variable helpers getMaxRegenerationAttempts should return 3 by default","invocations":1,"location":null,"numPassingAsserts":1,"retryReasons":[],"startAt":1757936807798,"status":"passed","title":"should return 3 by default"},{"ancestorTitles":["summary-quality-checker","environment variable helpers","getMaxRegenerationAttempts"],"duration":0,"failing":false,"failureDetails":[],"failureMessages":[],"fullName":"summary-quality-checker environment variable helpers getMaxRegenerationAttempts should return custom value","invocations":1,"location":null,"numPassingAsserts":1,"retryReasons":[],"startAt":1757936807798,"status":"passed","title":"should return custom value"},{"ancestorTitles":["summary-quality-checker","environment variable helpers","getMaxRegenerationAttempts"],"duration":1,"failing":false,"failureDetails":[],"failureMessages":[],"fullName":"summary-quality-checker environment variable helpers getMaxRegenerationAttempts should return default for invalid value","invocations":1,"location":null,"numPassingAsserts":1,"retryReasons":[],"startAt":1757936807798,"status":"passed","title":"should return default for invalid value"},{"ancestorTitles":["summary-quality-checker","Thin Content Quality Criteria"],"duration":0,"failing":false,"failureDetails":[],"failureMessages":[],"fullName":"summary-quality-checker Thin Content Quality Criteria should accept 60-100 character summaries for thin content","invocations":1,"location":null,"numPassingAsserts":3,"retryReasons":[],"startAt":1757936807799,"status":"passed","title":"should accept 60-100 character summaries for thin content"},{"ancestorTitles":["summary-quality-checker","Thin Content Quality Criteria"],"duration":0,"failing":false,"failureDetails":[],"failureMessages":[],"fullName":"summary-quality-checker Thin Content Quality Criteria should reject summaries shorter than 60 characters for thin content","invocations":1,"location":null,"numPassingAsserts":2,"retryReasons":[],"startAt":1757936807799,"status":"passed","title":"should reject summaries shorter than 60 characters for thin content"},{"ancestorTitles":["summary-quality-checker","Thin Content Quality Criteria"],"duration":0,"failing":false,"failureDetails":[],"failureMessages":[],"fullName":"summary-quality-checker Thin Content Quality Criteria should warn about summaries longer than 100 characters for thin content","invocations":1,"location":null,"numPassingAsserts":1,"retryReasons":[],"startAt":1757936807800,"status":"passed","title":"should warn about summaries longer than 100 characters for thin content"},{"ancestorTitles":["summary-quality-checker","Thin Content Quality Criteria"],"duration":0,"failing":false,"failureDetails":[],"failureMessages":[],"fullName":"summary-quality-checker Thin Content Quality Criteria should strictly reject speculation in thin content","invocations":1,"location":null,"numPassingAsserts":2,"retryReasons":[],"startAt":1757936807800,"status":"passed","title":"should strictly reject speculation in thin content"},{"ancestorTitles":["summary-quality-checker","Thin Content Quality Criteria"],"duration":1,"failing":false,"failureDetails":[],"failureMessages":[],"fullName":"summary-quality-checker Thin Content Quality Criteria should apply thin content criteria for Speaker Deck","invocations":1,"location":null,"numPassingAsserts":4,"retryReasons":[],"startAt":1757936807800,"status":"passed","title":"should apply thin content criteria for Speaker Deck"},{"ancestorTitles":["summary-quality-checker","Thin Content Quality Criteria"],"duration":0,"failing":false,"failureDetails":[],"failureMessages":[],"fullName":"summary-quality-checker Thin Content Quality Criteria should reject speculation in thin content","invocations":1,"location":null,"numPassingAsserts":2,"retryReasons":[],"startAt":1757936807801,"status":"passed","title":"should reject speculation in thin content"}],"endTime":1757936807803,"message":"","name":"/app/__tests__/unit/utils/summary-quality-checker.test.ts","startTime":1757936807313,"status":"passed","summary":""},{"assertionResults":[{"ancestorTitles":["/api/articles - Extended Tests","GET - Read Filter Tests"],"duration":7,"failing":false,"failureDetails":[],"failureMessages":[],"fullName":"/api/articles - Extended Tests GET - Read Filter Tests 未読記事のみをフィルタリング（認証済み）","invocations":1,"location":null,"numPassingAsserts":3,"retryReasons":[],"startAt":1757936807921,"status":"passed","title":"未読記事のみをフィルタリング（認証済み）"},{"ancestorTitles":["/api/articles - Extended Tests","GET - Read Filter Tests"],"duration":1,"failing":false,"failureDetails":[],"failureMessages":[],"fullName":"/api/articles - Extended Tests GET - Read Filter Tests 既読記事のみをフィルタリング（認証済み）","invocations":1,"location":null,"numPassingAsserts":3,"retryReasons":[],"startAt":1757936807928,"status":"passed","title":"既読記事のみをフィルタリング（認証済み）"},{"ancestorTitles":["/api/articles - Extended Tests","GET - Read Filter Tests"],"duration":1,"failing":false,"failureDetails":[],"failureMessages":[],"fullName":"/api/articles - Extended Tests GET - Read Filter Tests 未認証の場合、readFilterは無視される","invocations":1,"location":null,"numPassingAsserts":2,"retryReasons":[],"startAt":1757936807929,"status":"passed","title":"未認証の場合、readFilterは無視される"},{"ancestorTitles":["/api/articles - Extended Tests","GET - Multiple Tags with AND Mode"],"duration":1,"failing":false,"failureDetails":[],"failureMessages":[],"fullName":"/api/articles - Extended Tests GET - Multiple Tags with AND Mode 複数タグをAND条件で検索","invocations":1,"location":null,"numPassingAsserts":3,"retryReasons":[],"startAt":1757936807930,"status":"passed","title":"複数タグをAND条件で検索"},{"ancestorTitles":["/api/articles - Extended Tests","GET - Multiple Tags with AND Mode"],"duration":0,"failing":false,"failureDetails":[],"failureMessages":[],"fullName":"/api/articles - Extended Tests GET - Multiple Tags with AND Mode 複数タグをOR条件で検索（デフォルト）","invocations":1,"location":null,"numPassingAsserts":3,"retryReasons":[],"startAt":1757936807932,"status":"passed","title":"複数タグをOR条件で検索（デフォルト）"},{"ancestorTitles":["/api/articles - Extended Tests","GET - Multiple Tags with AND Mode"],"duration":0,"failing":false,"failureDetails":[],"failureMessages":[],"fullName":"/api/articles - Extended Tests GET - Multiple Tags with AND Mode 空白を含むタグリストを正しく処理","invocations":1,"location":null,"numPassingAsserts":2,"retryReasons":[],"startAt":1757936807933,"status":"passed","title":"空白を含むタグリストを正しく処理"},{"ancestorTitles":["/api/articles - Extended Tests","GET - Category Filter Tests"],"duration":2,"failing":false,"failureDetails":[],"failureMessages":[],"fullName":"/api/articles - Extended Tests GET - Category Filter Tests 未分類（uncategorized）記事をフィルタリング","invocations":1,"location":null,"numPassingAsserts":4,"retryReasons":[],"startAt":1757936807933,"status":"passed","title":"未分類（uncategorized）記事をフィルタリング"},{"ancestorTitles":["/api/articles - Extended Tests","GET - Category Filter Tests"],"duration":2,"failing":false,"failureDetails":[],"failureMessages":[],"fullName":"/api/articles - Extended Tests GET - Category Filter Tests 特定カテゴリー（frontend）でフィルタリング","invocations":1,"location":null,"numPassingAsserts":3,"retryReasons":[],"startAt":1757936807935,"status":"passed","title":"特定カテゴリー（frontend）でフィルタリング"},{"ancestorTitles":["/api/articles - Extended Tests","GET - Category Filter Tests"],"duration":1,"failing":false,"failureDetails":[],"failureMessages":[],"fullName":"/api/articles - Extended Tests GET - Category Filter Tests category=allの場合、フィルタリングしない","invocations":1,"location":null,"numPassingAsserts":2,"retryReasons":[],"startAt":1757936807937,"status":"passed","title":"category=allの場合、フィルタリングしない"},{"ancestorTitles":["/api/articles - Extended Tests","GET - Combined Filters"],"duration":2,"failing":false,"failureDetails":[],"failureMessages":[],"fullName":"/api/articles - Extended Tests GET - Combined Filters 複数のフィルタを組み合わせて使用","invocations":1,"location":null,"numPassingAsserts":3,"retryReasons":[],"startAt":1757936807938,"status":"passed","title":"複数のフィルタを組み合わせて使用"},{"ancestorTitles":["/api/articles - Extended Tests","GET - Combined Filters"],"duration":null,"failing":false,"failureDetails":[],"failureMessages":[],"fullName":"/api/articles - Extended Tests GET - Combined Filters sourceとカテゴリーとタグの組み合わせ","invocations":1,"location":null,"numPassingAsserts":0,"retryReasons":[],"startAt":1757936807940,"status":"pending","title":"sourceとカテゴリーとタグの組み合わせ"},{"ancestorTitles":["/api/articles - Extended Tests","GET - Edge Cases"],"duration":3,"failing":false,"failureDetails":[],"failureMessages":[],"fullName":"/api/articles - Extended Tests GET - Edge Cases 無効なreadFilterは無視される","invocations":1,"location":null,"numPassingAsserts":2,"retryReasons":[],"startAt":1757936807940,"status":"passed","title":"無効なreadFilterは無視される"},{"ancestorTitles":["/api/articles - Extended Tests","GET - Edge Cases"],"duration":1,"failing":false,"failureDetails":[],"failureMessages":[],"fullName":"/api/articles - Extended Tests GET - Edge Cases 空のタグリストは無視される","invocations":1,"location":null,"numPassingAsserts":2,"retryReasons":[],"startAt":1757936807943,"status":"passed","title":"空のタグリストは無視される"},{"ancestorTitles":["/api/articles - Extended Tests","GET - Edge Cases"],"duration":1,"failing":false,"failureDetails":[],"failureMessages":[],"fullName":"/api/articles - Extended Tests GET - Edge Cases 全て空白のタグリストは無視される","invocations":1,"location":null,"numPassingAsserts":2,"retryReasons":[],"startAt":1757936807944,"status":"passed","title":"全て空白のタグリストは無視される"}],"endTime":1757936807947,"message":"","name":"/app/__tests__/api/articles/route-extended.test.ts","startTime":1757936807313,"status":"focused","summary":""},{"assertionResults":[{"ancestorTitles":["summary-validator","validateSummary"],"duration":2,"failing":false,"failureDetails":[],"failureMessages":[],"fullName":"summary-validator validateSummary should validate correct summary","invocations":1,"location":null,"numPassingAsserts":2,"retryReasons":[],"startAt":1757936808006,"status":"passed","title":"should validate correct summary"},{"ancestorTitles":["summary-validator","validateSummary"],"duration":1,"failing":false,"failureDetails":[],"failureMessages":[],"fullName":"summary-validator validateSummary should reject empty summary","invocations":1,"location":null,"numPassingAsserts":2,"retryReasons":[],"startAt":1757936808008,"status":"passed","title":"should reject empty summary"},{"ancestorTitles":["summary-validator","validateSummary"],"duration":0,"failing":false,"failureDetails":[],"failureMessages":[],"fullName":"summary-validator validateSummary should reject whitespace-only summary","invocations":1,"location":null,"numPassingAsserts":2,"retryReasons":[],"startAt":1757936808009,"status":"passed","title":"should reject whitespace-only summary"},{"ancestorTitles":["summary-validator","validateSummary"],"duration":6,"failing":false,"failureDetails":[],"failureMessages":[],"fullName":"summary-validator validateSummary should detect incomplete ending patterns","invocations":1,"location":null,"numPassingAsserts":14,"retryReasons":[],"startAt":1757936808010,"status":"passed","title":"should detect incomplete ending patterns"},{"ancestorTitles":["summary-validator","validateSummary"],"duration":1,"failing":false,"failureDetails":[],"failureMessages":[],"fullName":"summary-validator validateSummary should reject too short summary","invocations":1,"location":null,"numPassingAsserts":3,"retryReasons":[],"startAt":1757936808016,"status":"passed","title":"should reject too short summary"},{"ancestorTitles":["summary-validator","validateSummary"],"duration":0,"failing":false,"failureDetails":[],"failureMessages":[],"fullName":"summary-validator validateSummary should reject too long summary","invocations":1,"location":null,"numPassingAsserts":3,"retryReasons":[],"startAt":1757936808017,"status":"passed","title":"should reject too long summary"},{"ancestorTitles":["summary-validator","validateSummary"],"duration":1,"failing":false,"failureDetails":[],"failureMessages":[],"fullName":"summary-validator validateSummary should require period at the end","invocations":1,"location":null,"numPassingAsserts":2,"retryReasons":[],"startAt":1757936808017,"status":"passed","title":"should require period at the end"},{"ancestorTitles":["summary-validator","validateSummary"],"duration":1,"failing":false,"failureDetails":[],"failureMessages":[],"fullName":"summary-validator validateSummary should detect unwanted labels","invocations":1,"location":null,"numPassingAsserts":10,"retryReasons":[],"startAt":1757936808018,"status":"passed","title":"should detect unwanted labels"},{"ancestorTitles":["summary-validator","validateSummary"],"duration":2,"failing":false,"failureDetails":[],"failureMessages":[],"fullName":"summary-validator validateSummary should detect typical prefix patterns","invocations":1,"location":null,"numPassingAsserts":14,"retryReasons":[],"startAt":1757936808019,"status":"passed","title":"should detect typical prefix patterns"},{"ancestorTitles":["summary-validator","validateSummary"],"duration":1,"failing":false,"failureDetails":[],"failureMessages":[],"fullName":"summary-validator validateSummary should reject summary with newlines","invocations":1,"location":null,"numPassingAsserts":2,"retryReasons":[],"startAt":1757936808021,"status":"passed","title":"should reject summary with newlines"},{"ancestorTitles":["summary-validator","validateSummary"],"duration":1,"failing":false,"failureDetails":[],"failureMessages":[],"fullName":"summary-validator validateSummary should return multiple errors for multiple issues","invocations":1,"location":null,"numPassingAsserts":6,"retryReasons":[],"startAt":1757936808022,"status":"passed","title":"should return multiple errors for multiple issues"},{"ancestorTitles":["summary-validator","validateDetailedSummary"],"duration":0,"failing":false,"failureDetails":[],"failureMessages":[],"fullName":"summary-validator validateDetailedSummary should validate correct detailed summary","invocations":1,"location":null,"numPassingAsserts":2,"retryReasons":[],"startAt":1757936808023,"status":"passed","title":"should validate correct detailed summary"},{"ancestorTitles":["summary-validator","validateDetailedSummary"],"duration":1,"failing":false,"failureDetails":[],"failureMessages":[],"fullName":"summary-validator validateDetailedSummary should reject non-bullet point format","invocations":1,"location":null,"numPassingAsserts":2,"retryReasons":[],"startAt":1757936808023,"status":"passed","title":"should reject non-bullet point format"},{"ancestorTitles":["summary-validator","validateDetailedSummary"],"duration":0,"failing":false,"failureDetails":[],"failureMessages":[],"fullName":"summary-validator validateDetailedSummary should require minimum number of bullet points","invocations":1,"location":null,"numPassingAsserts":2,"retryReasons":[],"startAt":1757936808024,"status":"passed","title":"should require minimum number of bullet points"},{"ancestorTitles":["summary-validator","validateDetailedSummary"],"duration":3,"failing":false,"failureDetails":[],"failureMessages":[],"fullName":"summary-validator validateDetailedSummary should reject too many bullet points","invocations":1,"location":null,"numPassingAsserts":1,"retryReasons":[],"startAt":1757936808024,"status":"passed","title":"should reject too many bullet points"},{"ancestorTitles":["summary-validator","validateDetailedSummary"],"duration":1,"failing":false,"failureDetails":[],"failureMessages":[],"fullName":"summary-validator validateDetailedSummary should reject empty summary","invocations":1,"location":null,"numPassingAsserts":2,"retryReasons":[],"startAt":1757936808027,"status":"passed","title":"should reject empty summary"},{"ancestorTitles":["summary-validator","validateDetailedSummary"],"duration":1,"failing":false,"failureDetails":[],"failureMessages":[],"fullName":"summary-validator validateDetailedSummary should reject too short detailed summary","invocations":1,"location":null,"numPassingAsserts":2,"retryReasons":[],"startAt":1757936808028,"status":"passed","title":"should reject too short detailed summary"},{"ancestorTitles":["summary-validator","validateDetailedSummary"],"duration":0,"failing":false,"failureDetails":[],"failureMessages":[],"fullName":"summary-validator validateDetailedSummary should reject too long detailed summary","invocations":1,"location":null,"numPassingAsserts":1,"retryReasons":[],"startAt":1757936808029,"status":"passed","title":"should reject too long detailed summary"},{"ancestorTitles":["summary-validator","validateAndNormalizeTags"],"duration":1,"failing":false,"failureDetails":[],"failureMessages":[],"fullName":"summary-validator validateAndNormalizeTags should normalize valid tags","invocations":1,"location":null,"numPassingAsserts":1,"retryReasons":[],"startAt":1757936808029,"status":"passed","title":"should normalize valid tags"},{"ancestorTitles":["summary-validator","validateAndNormalizeTags"],"duration":1,"failing":false,"failureDetails":[],"failureMessages":[],"fullName":"summary-validator validateAndNormalizeTags should filter out empty tags","invocations":1,"location":null,"numPassingAsserts":1,"retryReasons":[],"startAt":1757936808030,"status":"passed","title":"should filter out empty tags"},{"ancestorTitles":["summary-validator","validateAndNormalizeTags"],"duration":0,"failing":false,"failureDetails":[],"failureMessages":[],"fullName":"summary-validator validateAndNormalizeTags should remove duplicates","invocations":1,"location":null,"numPassingAsserts":1,"retryReasons":[],"startAt":1757936808031,"status":"passed","title":"should remove duplicates"},{"ancestorTitles":["summary-validator","validateAndNormalizeTags"],"duration":1,"failing":false,"failureDetails":[],"failureMessages":[],"fullName":"summary-validator validateAndNormalizeTags should limit to 5 tags","invocations":1,"location":null,"numPassingAsserts":2,"retryReasons":[],"startAt":1757936808032,"status":"passed","title":"should limit to 5 tags"},{"ancestorTitles":["summary-validator","validateAndNormalizeTags"],"duration":0,"failing":false,"failureDetails":[],"failureMessages":[],"fullName":"summary-validator validateAndNormalizeTags should handle empty array","invocations":1,"location":null,"numPassingAsserts":1,"retryReasons":[],"startAt":1757936808033,"status":"passed","title":"should handle empty array"},{"ancestorTitles":["summary-validator","validateAndNormalizeTags"],"duration":1,"failing":false,"failureDetails":[],"failureMessages":[],"fullName":"summary-validator validateAndNormalizeTags should trim whitespace from tags","invocations":1,"location":null,"numPassingAsserts":1,"retryReasons":[],"startAt":1757936808033,"status":"passed","title":"should trim whitespace from tags"},{"ancestorTitles":["summary-validator","cleanupSummary"],"duration":2,"failing":false,"failureDetails":[],"failureMessages":[],"fullName":"summary-validator cleanupSummary should remove unwanted labels","invocations":1,"location":null,"numPassingAsserts":1,"retryReasons":[],"startAt":1757936808034,"status":"passed","title":"should remove unwanted labels"},{"ancestorTitles":["summary-validator","cleanupSummary"],"duration":0,"failing":false,"failureDetails":[],"failureMessages":[],"fullName":"summary-validator cleanupSummary should remove multiple labels","invocations":1,"location":null,"numPassingAsserts":1,"retryReasons":[],"startAt":1757936808036,"status":"passed","title":"should remove multiple labels"},{"ancestorTitles":["summary-validator","cleanupSummary"],"duration":0,"failing":false,"failureDetails":[],"failureMessages":[],"fullName":"summary-validator cleanupSummary should trim whitespace","invocations":1,"location":null,"numPassingAsserts":1,"retryReasons":[],"startAt":1757936808037,"status":"passed","title":"should trim whitespace"},{"ancestorTitles":["summary-validator","cleanupSummary"],"duration":0,"failing":false,"failureDetails":[],"failureMessages":[],"fullName":"summary-validator cleanupSummary should handle multiple spaces","invocations":1,"location":null,"numPassingAsserts":1,"retryReasons":[],"startAt":1757936808037,"status":"passed","title":"should handle multiple spaces"},{"ancestorTitles":["summary-validator","cleanupSummary"],"duration":1,"failing":false,"failureDetails":[],"failureMessages":[],"fullName":"summary-validator cleanupSummary should preserve content without labels","invocations":1,"location":null,"numPassingAsserts":1,"retryReasons":[],"startAt":1757936808037,"status":"passed","title":"should preserve content without labels"},{"ancestorTitles":["summary-validator","cleanupSummary"],"duration":0,"failing":false,"failureDetails":[],"failureMessages":[],"fullName":"summary-validator cleanupSummary should handle empty string","invocations":1,"location":null,"numPassingAsserts":1,"retryReasons":[],"startAt":1757936808038,"status":"passed","title":"should handle empty string"},{"ancestorTitles":["summary-validator","autoFixSummary"],"duration":1,"failing":false,"failureDetails":[],"failureMessages":[],"fullName":"summary-validator autoFixSummary should add period if missing","invocations":1,"location":null,"numPassingAsserts":1,"retryReasons":[],"startAt":1757936808038,"status":"passed","title":"should add period if missing"},{"ancestorTitles":["summary-validator","autoFixSummary"],"duration":1,"failing":false,"failureDetails":[],"failureMessages":[],"fullName":"summary-validator autoFixSummary should not add duplicate period","invocations":1,"location":null,"numPassingAsserts":1,"retryReasons":[],"startAt":1757936808039,"status":"passed","title":"should not add duplicate period"},{"ancestorTitles":["summary-validator","autoFixSummary"],"duration":0,"failing":false,"failureDetails":[],"failureMessages":[],"fullName":"summary-validator autoFixSummary should remove labels and add period","invocations":1,"location":null,"numPassingAsserts":1,"retryReasons":[],"startAt":1757936808040,"status":"passed","title":"should remove labels and add period"},{"ancestorTitles":["summary-validator","autoFixSummary"],"duration":0,"failing":false,"failureDetails":[],"failureMessages":[],"fullName":"summary-validator autoFixSummary should handle incomplete patterns","invocations":1,"location":null,"numPassingAsserts":1,"retryReasons":[],"startAt":1757936808040,"status":"passed","title":"should handle incomplete patterns"},{"ancestorTitles":["summary-validator","autoFixSummary"],"duration":0,"failing":false,"failureDetails":[],"failureMessages":[],"fullName":"summary-validator autoFixSummary should clean up whitespace","invocations":1,"location":null,"numPassingAsserts":1,"retryReasons":[],"startAt":1757936808041,"status":"passed","title":"should clean up whitespace"},{"ancestorTitles":["summary-validator","autoFixSummary"],"duration":0,"failing":false,"failureDetails":[],"failureMessages":[],"fullName":"summary-validator autoFixSummary should handle empty string","invocations":1,"location":null,"numPassingAsserts":1,"retryReasons":[],"startAt":1757936808041,"status":"passed","title":"should handle empty string"},{"ancestorTitles":["summary-validator","autoFixSummary"],"duration":5,"failing":false,"failureDetails":[],"failureMessages":[],"fullName":"summary-validator autoFixSummary should remove prefix patterns","invocations":1,"location":null,"numPassingAsserts":3,"retryReasons":[],"startAt":1757936808042,"status":"passed","title":"should remove prefix patterns"},{"ancestorTitles":["summary-validator","validateByArticleType"],"duration":1,"failing":false,"failureDetails":[],"failureMessages":[],"fullName":"summary-validator validateByArticleType should validate implementation type correctly","invocations":1,"location":null,"numPassingAsserts":3,"retryReasons":[],"startAt":1757936808047,"status":"passed","title":"should validate implementation type correctly"},{"ancestorTitles":["summary-validator","validateByArticleType"],"duration":0,"failing":false,"failureDetails":[],"failureMessages":[],"fullName":"summary-validator validateByArticleType should validate tutorial type correctly","invocations":1,"location":null,"numPassingAsserts":3,"retryReasons":[],"startAt":1757936808048,"status":"passed","title":"should validate tutorial type correctly"},{"ancestorTitles":["summary-validator","validateByArticleType"],"duration":1,"failing":false,"failureDetails":[],"failureMessages":[],"fullName":"summary-validator validateByArticleType should validate problem-solving type correctly","invocations":1,"location":null,"numPassingAsserts":3,"retryReasons":[],"startAt":1757936808048,"status":"passed","title":"should validate problem-solving type correctly"},{"ancestorTitles":["summary-validator","validateByArticleType"],"duration":0,"failing":false,"failureDetails":[],"failureMessages":[],"fullName":"summary-validator validateByArticleType should validate tech-intro type correctly","invocations":1,"location":null,"numPassingAsserts":3,"retryReasons":[],"startAt":1757936808049,"status":"passed","title":"should validate tech-intro type correctly"},{"ancestorTitles":["summary-validator","validateByArticleType"],"duration":1,"failing":false,"failureDetails":[],"failureMessages":[],"fullName":"summary-validator validateByArticleType should validate release type correctly","invocations":1,"location":null,"numPassingAsserts":3,"retryReasons":[],"startAt":1757936808049,"status":"passed","title":"should validate release type correctly"},{"ancestorTitles":["summary-validator","validateByArticleType"],"duration":0,"failing":false,"failureDetails":[],"failureMessages":[],"fullName":"summary-validator validateByArticleType should add warnings for missing keywords in implementation type","invocations":1,"location":null,"numPassingAsserts":2,"retryReasons":[],"startAt":1757936808050,"status":"passed","title":"should add warnings for missing keywords in implementation type"},{"ancestorTitles":["summary-validator","validateByArticleType"],"duration":1,"failing":false,"failureDetails":[],"failureMessages":[],"fullName":"summary-validator validateByArticleType should add warnings for missing keywords in tutorial type","invocations":1,"location":null,"numPassingAsserts":2,"retryReasons":[],"startAt":1757936808050,"status":"passed","title":"should add warnings for missing keywords in tutorial type"},{"ancestorTitles":["summary-validator","validateByArticleType"],"duration":0,"failing":false,"failureDetails":[],"failureMessages":[],"fullName":"summary-validator validateByArticleType should combine base validation errors","invocations":1,"location":null,"numPassingAsserts":3,"retryReasons":[],"startAt":1757936808051,"status":"passed","title":"should combine base validation errors"},{"ancestorTitles":["summary-validator","validateByArticleType"],"duration":1,"failing":false,"failureDetails":[],"failureMessages":[],"fullName":"summary-validator validateByArticleType should handle empty summary","invocations":1,"location":null,"numPassingAsserts":2,"retryReasons":[],"startAt":1757936808051,"status":"passed","title":"should handle empty summary"}],"endTime":1757936808054,"message":"","name":"/app/__tests__/unit/utils/summary-validator.test.ts","startTime":1757936807809,"status":"passed","summary":""},{"assertionResults":[{"ancestorTitles":["source-stats","calculateSourceStats"],"duration":4,"failing":false,"failureDetails":[],"failureMessages":[],"fullName":"source-stats calculateSourceStats should calculate stats for multiple articles","invocations":1,"location":null,"numPassingAsserts":6,"retryReasons":[],"startAt":1757936808165,"status":"passed","title":"should calculate stats for multiple articles"},{"ancestorTitles":["source-stats","calculateSourceStats"],"duration":6,"failing":false,"failureDetails":[],"failureMessages":[],"fullName":"source-stats calculateSourceStats should handle empty articles array","invocations":1,"location":null,"numPassingAsserts":6,"retryReasons":[],"startAt":1757936808169,"status":"passed","title":"should handle empty articles array"},{"ancestorTitles":["source-stats","calculateSourceStats"],"duration":0,"failing":false,"failureDetails":[],"failureMessages":[],"fullName":"source-stats calculateSourceStats should use provided totalArticles count","invocations":1,"location":null,"numPassingAsserts":2,"retryReasons":[],"startAt":1757936808175,"status":"passed","title":"should use provided totalArticles count"},{"ancestorTitles":["source-stats","calculateSourceStats"],"duration":2,"failing":false,"failureDetails":[],"failureMessages":[],"fullName":"source-stats calculateSourceStats should handle single article","invocations":1,"location":null,"numPassingAsserts":4,"retryReasons":[],"startAt":1757936808175,"status":"passed","title":"should handle single article"},{"ancestorTitles":["source-stats","calculateAverageQualityScore"],"duration":1,"failing":false,"failureDetails":[],"failureMessages":[],"fullName":"source-stats calculateAverageQualityScore should calculate average quality score","invocations":1,"location":null,"numPassingAsserts":1,"retryReasons":[],"startAt":1757936808177,"status":"passed","title":"should calculate average quality score"},{"ancestorTitles":["source-stats","calculateAverageQualityScore"],"duration":1,"failing":false,"failureDetails":[],"failureMessages":[],"fullName":"source-stats calculateAverageQualityScore should handle articles with null quality scores","invocations":1,"location":null,"numPassingAsserts":1,"retryReasons":[],"startAt":1757936808178,"status":"passed","title":"should handle articles with null quality scores"},{"ancestorTitles":["source-stats","calculateAverageQualityScore"],"duration":1,"failing":false,"failureDetails":[],"failureMessages":[],"fullName":"source-stats calculateAverageQualityScore should return 0 for empty array","invocations":1,"location":null,"numPassingAsserts":1,"retryReasons":[],"startAt":1757936808179,"status":"passed","title":"should return 0 for empty array"},{"ancestorTitles":["source-stats","calculateAverageQualityScore"],"duration":1,"failing":false,"failureDetails":[],"failureMessages":[],"fullName":"source-stats calculateAverageQualityScore should return 0 when all scores are null","invocations":1,"location":null,"numPassingAsserts":1,"retryReasons":[],"startAt":1757936808180,"status":"passed","title":"should return 0 when all scores are null"},{"ancestorTitles":["source-stats","extractPopularTags"],"duration":2,"failing":false,"failureDetails":[],"failureMessages":[],"fullName":"source-stats extractPopularTags should extract most popular tags","invocations":1,"location":null,"numPassingAsserts":4,"retryReasons":[],"startAt":1757936808181,"status":"passed","title":"should extract most popular tags"},{"ancestorTitles":["source-stats","extractPopularTags"],"duration":1,"failing":false,"failureDetails":[],"failureMessages":[],"fullName":"source-stats extractPopularTags should limit to top 5 tags","invocations":1,"location":null,"numPassingAsserts":1,"retryReasons":[],"startAt":1757936808183,"status":"passed","title":"should limit to top 5 tags"},{"ancestorTitles":["source-stats","extractPopularTags"],"duration":0,"failing":false,"failureDetails":[],"failureMessages":[],"fullName":"source-stats extractPopularTags should handle articles without tags","invocations":1,"location":null,"numPassingAsserts":1,"retryReasons":[],"startAt":1757936808184,"status":"passed","title":"should handle articles without tags"},{"ancestorTitles":["source-stats","extractPopularTags"],"duration":0,"failing":false,"failureDetails":[],"failureMessages":[],"fullName":"source-stats extractPopularTags should handle empty array","invocations":1,"location":null,"numPassingAsserts":1,"retryReasons":[],"startAt":1757936808185,"status":"passed","title":"should handle empty array"},{"ancestorTitles":["source-stats","calculatePublishFrequency"],"duration":1,"failing":false,"failureDetails":[],"failureMessages":[],"fullName":"source-stats calculatePublishFrequency should calculate daily frequency for frequent publishing","invocations":1,"location":null,"numPassingAsserts":1,"retryReasons":[],"startAt":1757936808185,"status":"passed","title":"should calculate daily frequency for frequent publishing"},{"ancestorTitles":["source-stats","calculatePublishFrequency"],"duration":1,"failing":false,"failureDetails":[],"failureMessages":[],"fullName":"source-stats calculatePublishFrequency should calculate weekly frequency for less frequent publishing","invocations":1,"location":null,"numPassingAsserts":2,"retryReasons":[],"startAt":1757936808187,"status":"passed","title":"should calculate weekly frequency for less frequent publishing"},{"ancestorTitles":["source-stats","calculatePublishFrequency"],"duration":1,"failing":false,"failureDetails":[],"failureMessages":[],"fullName":"source-stats calculatePublishFrequency should return 0 for empty array","invocations":1,"location":null,"numPassingAsserts":1,"retryReasons":[],"startAt":1757936808188,"status":"passed","title":"should return 0 for empty array"},{"ancestorTitles":["source-stats","calculatePublishFrequency"],"duration":1,"failing":false,"failureDetails":[],"failureMessages":[],"fullName":"source-stats calculatePublishFrequency should handle single article","invocations":1,"location":null,"numPassingAsserts":1,"retryReasons":[],"startAt":1757936808189,"status":"passed","title":"should handle single article"},{"ancestorTitles":["source-stats","getLastPublishedDate"],"duration":1,"failing":false,"failureDetails":[],"failureMessages":[],"fullName":"source-stats getLastPublishedDate should return most recent publish date","invocations":1,"location":null,"numPassingAsserts":1,"retryReasons":[],"startAt":1757936808190,"status":"passed","title":"should return most recent publish date"},{"ancestorTitles":["source-stats","getLastPublishedDate"],"duration":1,"failing":false,"failureDetails":[],"failureMessages":[],"fullName":"source-stats getLastPublishedDate should return null for empty array","invocations":1,"location":null,"numPassingAsserts":1,"retryReasons":[],"startAt":1757936808191,"status":"passed","title":"should return null for empty array"},{"ancestorTitles":["source-stats","getLastPublishedDate"],"duration":2,"failing":false,"failureDetails":[],"failureMessages":[],"fullName":"source-stats getLastPublishedDate should handle single article","invocations":1,"location":null,"numPassingAsserts":1,"retryReasons":[],"startAt":1757936808192,"status":"passed","title":"should handle single article"},{"ancestorTitles":["source-stats","getLastPublishedDate"],"duration":1,"failing":false,"failureDetails":[],"failureMessages":[],"fullName":"source-stats getLastPublishedDate should handle articles with same date","invocations":1,"location":null,"numPassingAsserts":1,"retryReasons":[],"startAt":1757936808194,"status":"passed","title":"should handle articles with same date"},{"ancestorTitles":["source-stats","calculateGrowthRate"],"duration":0,"failing":false,"failureDetails":[],"failureMessages":[],"fullName":"source-stats calculateGrowthRate should calculate positive growth rate","invocations":1,"location":null,"numPassingAsserts":1,"retryReasons":[],"startAt":1757936808195,"status":"passed","title":"should calculate positive growth rate"},{"ancestorTitles":["source-stats","calculateGrowthRate"],"duration":1,"failing":false,"failureDetails":[],"failureMessages":[],"fullName":"source-stats calculateGrowthRate should calculate negative growth rate","invocations":1,"location":null,"numPassingAsserts":1,"retryReasons":[],"startAt":1757936808195,"status":"passed","title":"should calculate negative growth rate"},{"ancestorTitles":["source-stats","calculateGrowthRate"],"duration":1,"failing":false,"failureDetails":[],"failureMessages":[],"fullName":"source-stats calculateGrowthRate should return 0 for empty array","invocations":1,"location":null,"numPassingAsserts":1,"retryReasons":[],"startAt":1757936808196,"status":"passed","title":"should return 0 for empty array"},{"ancestorTitles":["source-stats","calculateGrowthRate"],"duration":0,"failing":false,"failureDetails":[],"failureMessages":[],"fullName":"source-stats calculateGrowthRate should handle all articles in recent period","invocations":1,"location":null,"numPassingAsserts":1,"retryReasons":[],"startAt":1757936808197,"status":"passed","title":"should handle all articles in recent period"},{"ancestorTitles":["source-stats","calculateGrowthRate"],"duration":1,"failing":false,"failureDetails":[],"failureMessages":[],"fullName":"source-stats calculateGrowthRate should handle all articles in previous period","invocations":1,"location":null,"numPassingAsserts":1,"retryReasons":[],"startAt":1757936808197,"status":"passed","title":"should handle all articles in previous period"},{"ancestorTitles":["source-stats","estimateSourceCategory"],"duration":1,"failing":false,"failureDetails":[],"failureMessages":[],"fullName":"source-stats estimateSourceCategory should categorize as company blog for tech blog names","invocations":1,"location":null,"numPassingAsserts":1,"retryReasons":[],"startAt":1757936808198,"status":"passed","title":"should categorize as company blog for tech blog names"},{"ancestorTitles":["source-stats","estimateSourceCategory"],"duration":1,"failing":false,"failureDetails":[],"failureMessages":[],"fullName":"source-stats estimateSourceCategory should categorize as personal blog for generic blog names","invocations":1,"location":null,"numPassingAsserts":1,"retryReasons":[],"startAt":1757936808199,"status":"passed","title":"should categorize as personal blog for generic blog names"},{"ancestorTitles":["source-stats","estimateSourceCategory"],"duration":0,"failing":false,"failureDetails":[],"failureMessages":[],"fullName":"source-stats estimateSourceCategory should categorize as news site for news-related names","invocations":1,"location":null,"numPassingAsserts":1,"retryReasons":[],"startAt":1757936808200,"status":"passed","title":"should categorize as news site for news-related names"},{"ancestorTitles":["source-stats","estimateSourceCategory"],"duration":1,"failing":false,"failureDetails":[],"failureMessages":[],"fullName":"source-stats estimateSourceCategory should categorize as community for community platforms","invocations":1,"location":null,"numPassingAsserts":4,"retryReasons":[],"startAt":1757936808200,"status":"passed","title":"should categorize as community for community platforms"},{"ancestorTitles":["source-stats","estimateSourceCategory"],"duration":1,"failing":false,"failureDetails":[],"failureMessages":[],"fullName":"source-stats estimateSourceCategory should categorize TechCrunch as news site","invocations":1,"location":null,"numPassingAsserts":1,"retryReasons":[],"startAt":1757936808201,"status":"passed","title":"should categorize TechCrunch as news site"},{"ancestorTitles":["source-stats","estimateSourceCategory"],"duration":1,"failing":false,"failureDetails":[],"failureMessages":[],"fullName":"source-stats estimateSourceCategory should categorize Hacker News as news site","invocations":1,"location":null,"numPassingAsserts":1,"retryReasons":[],"startAt":1757936808202,"status":"passed","title":"should categorize Hacker News as news site"},{"ancestorTitles":["source-stats","estimateSourceCategory"],"duration":0,"failing":false,"failureDetails":[],"failureMessages":[],"fullName":"source-stats estimateSourceCategory should return other for unrecognized names","invocations":1,"location":null,"numPassingAsserts":1,"retryReasons":[],"startAt":1757936808203,"status":"passed","title":"should return other for unrecognized names"},{"ancestorTitles":["source-stats","estimateSourceCategory"],"duration":1,"failing":false,"failureDetails":[],"failureMessages":[],"fullName":"source-stats estimateSourceCategory should handle case-insensitive matching","invocations":1,"location":null,"numPassingAsserts":2,"retryReasons":[],"startAt":1757936808203,"status":"passed","title":"should handle case-insensitive matching"}],"endTime":1757936808205,"message":"","name":"/app/__tests__/unit/utils/source-stats.test.ts","startTime":1757936807956,"status":"passed","summary":""},{"assertionResults":[{"ancestorTitles":["/api/articles","GET"],"duration":5,"failing":false,"failureDetails":[],"failureMessages":[],"fullName":"/api/articles GET returns paginated articles with default parameters","invocations":1,"location":null,"numPassingAsserts":11,"retryReasons":[],"startAt":1757936808492,"status":"passed","title":"returns paginated articles with default parameters"},{"ancestorTitles":["/api/articles","GET"],"duration":0,"failing":false,"failureDetails":[],"failureMessages":[],"fullName":"/api/articles GET handles pagination parameters correctly","invocations":1,"location":null,"numPassingAsserts":3,"retryReasons":[],"startAt":1757936808498,"status":"passed","title":"handles pagination parameters correctly"},{"ancestorTitles":["/api/articles","GET"],"duration":1,"failing":false,"failureDetails":[],"failureMessages":[],"fullName":"/api/articles GET filters articles by source","invocations":1,"location":null,"numPassingAsserts":4,"retryReasons":[],"startAt":1757936808499,"status":"passed","title":"filters articles by source"},{"ancestorTitles":["/api/articles","GET"],"duration":1,"failing":false,"failureDetails":[],"failureMessages":[],"fullName":"/api/articles GET filters articles by multiple sources","invocations":1,"location":null,"numPassingAsserts":2,"retryReasons":[],"startAt":1757936808500,"status":"passed","title":"filters articles by multiple sources"},{"ancestorTitles":["/api/articles","GET"],"duration":7,"failing":false,"failureDetails":[],"failureMessages":[],"fullName":"/api/articles GET filters articles by tag","invocations":1,"location":null,"numPassingAsserts":2,"retryReasons":[],"startAt":1757936808501,"status":"passed","title":"filters articles by tag"},{"ancestorTitles":["/api/articles","GET"],"duration":1,"failing":false,"failureDetails":[],"failureMessages":[],"fullName":"/api/articles GET handles search with single keyword","invocations":1,"location":null,"numPassingAsserts":2,"retryReasons":[],"startAt":1757936808508,"status":"passed","title":"handles search with single keyword"},{"ancestorTitles":["/api/articles","GET"],"duration":1,"failing":false,"failureDetails":[],"failureMessages":[],"fullName":"/api/articles GET handles search with multiple keywords (AND search)","invocations":1,"location":null,"numPassingAsserts":2,"retryReasons":[],"startAt":1757936808509,"status":"passed","title":"handles search with multiple keywords (AND search)"},{"ancestorTitles":["/api/articles","GET"],"duration":1,"failing":false,"failureDetails":[],"failureMessages":[],"fullName":"/api/articles GET sorts articles by different fields","invocations":1,"location":null,"numPassingAsserts":2,"retryReasons":[],"startAt":1757936808510,"status":"passed","title":"sorts articles by different fields"},{"ancestorTitles":["/api/articles","GET"],"duration":17,"failing":false,"failureDetails":[],"failureMessages":[],"fullName":"/api/articles GET handles database errors gracefully","invocations":1,"location":null,"numPassingAsserts":3,"retryReasons":[],"startAt":1757936808511,"status":"passed","title":"handles database errors gracefully"},{"ancestorTitles":["/api/articles","GET"],"duration":1,"failing":false,"failureDetails":[],"failureMessages":[],"fullName":"/api/articles GET validates limit parameter","invocations":1,"location":null,"numPassingAsserts":2,"retryReasons":[],"startAt":1757936808528,"status":"passed","title":"validates limit parameter"},{"ancestorTitles":["/api/articles","GET"],"duration":1,"failing":false,"failureDetails":[],"failureMessages":[],"fullName":"/api/articles GET filters by date range","invocations":1,"location":null,"numPassingAsserts":3,"retryReasons":[],"startAt":1757936808529,"status":"passed","title":"filters by date range"},{"ancestorTitles":["/api/articles","GET"],"duration":0,"failing":false,"failureDetails":[],"failureMessages":[],"fullName":"/api/articles GET handles cache errors gracefully","invocations":1,"location":null,"numPassingAsserts":3,"retryReasons":[],"startAt":1757936808531,"status":"passed","title":"handles cache errors gracefully"},{"ancestorTitles":["/api/articles","GET"],"duration":1,"failing":false,"failureDetails":[],"failureMessages":[],"fullName":"/api/articles GET supports none source filter","invocations":1,"location":null,"numPassingAsserts":6,"retryReasons":[],"startAt":1757936808531,"status":"passed","title":"supports none source filter"},{"ancestorTitles":["/api/articles","GET"],"duration":1,"failing":false,"failureDetails":[],"failureMessages":[],"fullName":"/api/articles GET includes performance headers","invocations":1,"location":null,"numPassingAsserts":2,"retryReasons":[],"startAt":1757936808532,"status":"passed","title":"includes performance headers"}],"endTime":1757936808534,"message":"","name":"/app/__tests__/api/articles/route.test.ts","startTime":1757936808220,"status":"passed","summary":""},{"assertionResults":[{"ancestorTitles":["/api/article-views","GET"],"duration":3,"failing":false,"failureDetails":[],"failureMessages":[],"fullName":"/api/article-views GET 認証済みユーザーの閲覧履歴を返す","invocations":1,"location":null,"numPassingAsserts":6,"retryReasons":[],"startAt":1757936808806,"status":"passed","title":"認証済みユーザーの閲覧履歴を返す"},{"ancestorTitles":["/api/article-views","GET"],"duration":1,"failing":false,"failureDetails":[],"failureMessages":[],"fullName":"/api/article-views GET ページネーションパラメータを正しく処理する","invocations":1,"location":null,"numPassingAsserts":3,"retryReasons":[],"startAt":1757936808810,"status":"passed","title":"ページネーションパラメータを正しく処理する"},{"ancestorTitles":["/api/article-views","GET"],"duration":1,"failing":false,"failureDetails":[],"failureMessages":[],"fullName":"/api/article-views GET 未認証の場合401を返す","invocations":1,"location":null,"numPassingAsserts":3,"retryReasons":[],"startAt":1757936808811,"status":"passed","title":"未認証の場合401を返す"},{"ancestorTitles":["/api/article-views","GET"],"duration":1,"failing":false,"failureDetails":[],"failureMessages":[],"fullName":"/api/article-views GET 空の閲覧履歴を返す","invocations":1,"location":null,"numPassingAsserts":3,"retryReasons":[],"startAt":1757936808812,"status":"passed","title":"空の閲覧履歴を返す"},{"ancestorTitles":["/api/article-views","POST"],"duration":3,"failing":false,"failureDetails":[],"failureMessages":[],"fullName":"/api/article-views POST 新規記事閲覧を記録する","invocations":1,"location":null,"numPassingAsserts":5,"retryReasons":[],"startAt":1757936808813,"status":"passed","title":"新規記事閲覧を記録する"},{"ancestorTitles":["/api/article-views","POST"],"duration":1,"failing":false,"failureDetails":[],"failureMessages":[],"fullName":"/api/article-views POST 既存の閲覧記録がある場合は更新する","invocations":1,"location":null,"numPassingAsserts":5,"retryReasons":[],"startAt":1757936808816,"status":"passed","title":"既存の閲覧記録がある場合は更新する"},{"ancestorTitles":["/api/article-views","POST"],"duration":1,"failing":false,"failureDetails":[],"failureMessages":[],"fullName":"/api/article-views POST 100件を超える履歴の場合、古い履歴のviewedAtをnullに更新する","invocations":1,"location":null,"numPassingAsserts":2,"retryReasons":[],"startAt":1757936808817,"status":"passed","title":"100件を超える履歴の場合、古い履歴のviewedAtをnullに更新する"},{"ancestorTitles":["/api/article-views","POST"],"duration":1,"failing":false,"failureDetails":[],"failureMessages":[],"fullName":"/api/article-views POST articleIdが無い場合400を返す","invocations":1,"location":null,"numPassingAsserts":3,"retryReasons":[],"startAt":1757936808818,"status":"passed","title":"articleIdが無い場合400を返す"},{"ancestorTitles":["/api/article-views","POST"],"duration":1,"failing":false,"failureDetails":[],"failureMessages":[],"fullName":"/api/article-views POST 記事が存在しない場合404を返す","invocations":1,"location":null,"numPassingAsserts":3,"retryReasons":[],"startAt":1757936808819,"status":"passed","title":"記事が存在しない場合404を返す"},{"ancestorTitles":["/api/article-views","POST"],"duration":0,"failing":false,"failureDetails":[],"failureMessages":[],"fullName":"/api/article-views POST 未認証の場合でも記録はしないが200を返す","invocations":1,"location":null,"numPassingAsserts":3,"retryReasons":[],"startAt":1757936808820,"status":"passed","title":"未認証の場合でも記録はしないが200を返す"},{"ancestorTitles":["/api/article-views","DELETE"],"duration":0,"failing":false,"failureDetails":[],"failureMessages":[],"fullName":"/api/article-views DELETE 閲覧履歴をクリアする（viewedAtがnullでないもののみ）","invocations":1,"location":null,"numPassingAsserts":4,"retryReasons":[],"startAt":1757936808821,"status":"passed","title":"閲覧履歴をクリアする（viewedAtがnullでないもののみ）"},{"ancestorTitles":["/api/article-views","DELETE"],"duration":1,"failing":false,"failureDetails":[],"failureMessages":[],"fullName":"/api/article-views DELETE 未認証の場合401を返す","invocations":1,"location":null,"numPassingAsserts":3,"retryReasons":[],"startAt":1757936808821,"status":"passed","title":"未認証の場合401を返す"},{"ancestorTitles":["/api/article-views","DELETE"],"duration":1,"failing":false,"failureDetails":[],"failureMessages":[],"fullName":"/api/article-views DELETE 削除対象がない場合でも成功を返す","invocations":1,"location":null,"numPassingAsserts":3,"retryReasons":[],"startAt":1757936808822,"status":"passed","title":"削除対象がない場合でも成功を返す"}],"endTime":1757936808824,"message":"","name":"/app/__tests__/api/article-views/route.test.ts","startTime":1757936808567,"status":"passed","summary":""},{"assertionResults":[{"ancestorTitles":["Environment Configuration","getEnv"],"duration":4,"failing":false,"failureDetails":[],"failureMessages":[],"fullName":"Environment Configuration getEnv validates required environment variables","invocations":1,"location":null,"numPassingAsserts":2,"retryReasons":[],"startAt":1757936808331,"status":"passed","title":"validates required environment variables"},{"ancestorTitles":["Environment Configuration","getEnv"],"duration":5,"failing":false,"failureDetails":[],"failureMessages":[],"fullName":"Environment Configuration getEnv provides defaults for optional variables","invocations":1,"location":null,"numPassingAsserts":3,"retryReasons":[],"startAt":1757936808335,"status":"passed","title":"provides defaults for optional variables"},{"ancestorTitles":["Environment Configuration","getEnv"],"duration":20,"failing":false,"failureDetails":[],"failureMessages":[],"fullName":"Environment Configuration getEnv validates URL format for DATABASE_URL","invocations":1,"location":null,"numPassingAsserts":1,"retryReasons":[],"startAt":1757936808340,"status":"passed","title":"validates URL format for DATABASE_URL"},{"ancestorTitles":["Environment Configuration","getEnv"],"duration":2,"failing":false,"failureDetails":[],"failureMessages":[],"fullName":"Environment Configuration getEnv validates port numbers","invocations":1,"location":null,"numPassingAsserts":1,"retryReasons":[],"startAt":1757936808360,"status":"passed","title":"validates port numbers"},{"ancestorTitles":["Environment Configuration","getEnv"],"duration":2,"failing":false,"failureDetails":[],"failureMessages":[],"fullName":"Environment Configuration getEnv validates enum values","invocations":1,"location":null,"numPassingAsserts":1,"retryReasons":[],"startAt":1757936808362,"status":"passed","title":"validates enum values"},{"ancestorTitles":["Environment Configuration","getEnv"],"duration":3,"failing":false,"failureDetails":[],"failureMessages":[],"fullName":"Environment Configuration getEnv handles development mode with warnings","invocations":1,"location":null,"numPassingAsserts":2,"retryReasons":[],"startAt":1757936808364,"status":"passed","title":"handles development mode with warnings"},{"ancestorTitles":["Environment Configuration","env proxy"],"duration":78,"failing":false,"failureDetails":[],"failureMessages":[],"fullName":"Environment Configuration env proxy provides type-safe access to environment variables","invocations":1,"location":null,"numPassingAsserts":2,"retryReasons":[],"startAt":1757936808367,"status":"passed","title":"provides type-safe access to environment variables"},{"ancestorTitles":["Environment Configuration","env proxy"],"duration":50,"failing":false,"failureDetails":[],"failureMessages":[],"fullName":"Environment Configuration env proxy returns undefined for non-existent variables","invocations":1,"location":null,"numPassingAsserts":1,"retryReasons":[],"startAt":1757936808445,"status":"passed","title":"returns undefined for non-existent variables"},{"ancestorTitles":["Environment Configuration","features"],"duration":1,"failing":false,"failureDetails":[],"failureMessages":[],"fullName":"Environment Configuration features correctly interprets feature flags","invocations":1,"location":null,"numPassingAsserts":3,"retryReasons":[],"startAt":1757936808495,"status":"passed","title":"correctly interprets feature flags"},{"ancestorTitles":["Environment Configuration","features"],"duration":1,"failing":false,"failureDetails":[],"failureMessages":[],"fullName":"Environment Configuration features uses defaults when flags are not set","invocations":1,"location":null,"numPassingAsserts":3,"retryReasons":[],"startAt":1757936808496,"status":"passed","title":"uses defaults when flags are not set"},{"ancestorTitles":["Environment Configuration","config helpers"],"duration":1,"failing":false,"failureDetails":[],"failureMessages":[],"fullName":"Environment Configuration config helpers constructs Redis URL correctly","invocations":1,"location":null,"numPassingAsserts":1,"retryReasons":[],"startAt":1757936808497,"status":"passed","title":"constructs Redis URL correctly"},{"ancestorTitles":["Environment Configuration","config helpers"],"duration":1,"failing":false,"failureDetails":[],"failureMessages":[],"fullName":"Environment Configuration config helpers uses REDIS_URL when provided","invocations":1,"location":null,"numPassingAsserts":1,"retryReasons":[],"startAt":1757936808498,"status":"passed","title":"uses REDIS_URL when provided"},{"ancestorTitles":["Environment Configuration","config helpers"],"duration":1,"failing":false,"failureDetails":[],"failureMessages":[],"fullName":"Environment Configuration config helpers parses numeric configurations","invocations":1,"location":null,"numPassingAsserts":3,"retryReasons":[],"startAt":1757936808499,"status":"passed","title":"parses numeric configurations"},{"ancestorTitles":["Environment Configuration","config helpers"],"duration":1,"failing":false,"failureDetails":[],"failureMessages":[],"fullName":"Environment Configuration config helpers uses test database in test environment","invocations":1,"location":null,"numPassingAsserts":1,"retryReasons":[],"startAt":1757936808500,"status":"passed","title":"uses test database in test environment"},{"ancestorTitles":["Environment Configuration","config helpers"],"duration":1,"failing":false,"failureDetails":[],"failureMessages":[],"fullName":"Environment Configuration config helpers uses test database configuration in test environment","invocations":1,"location":null,"numPassingAsserts":2,"retryReasons":[],"startAt":1757936808501,"status":"passed","title":"uses test database configuration in test environment"},{"ancestorTitles":["Environment Configuration","config helpers"],"duration":117,"failing":false,"failureDetails":[],"failureMessages":[],"fullName":"Environment Configuration config helpers correctly identifies environment","invocations":1,"location":null,"numPassingAsserts":6,"retryReasons":[],"startAt":1757936808502,"status":"passed","title":"correctly identifies environment"},{"ancestorTitles":["Environment Configuration","config helpers"],"duration":97,"failing":false,"failureDetails":[],"failureMessages":[],"fullName":"Environment Configuration config helpers constructs app URL correctly","invocations":1,"location":null,"numPassingAsserts":2,"retryReasons":[],"startAt":1757936808619,"status":"passed","title":"constructs app URL correctly"},{"ancestorTitles":["Environment Configuration - getEnv"],"duration":0,"failing":false,"failureDetails":[],"failureMessages":[],"fullName":"Environment Configuration - getEnv validates required environment variables","invocations":1,"location":null,"numPassingAsserts":2,"retryReasons":[],"startAt":1757936808717,"status":"passed","title":"validates required environment variables"},{"ancestorTitles":["Environment Configuration - getEnv"],"duration":1,"failing":false,"failureDetails":[],"failureMessages":[],"fullName":"Environment Configuration - getEnv provides defaults for optional variables","invocations":1,"location":null,"numPassingAsserts":3,"retryReasons":[],"startAt":1757936808717,"status":"passed","title":"provides defaults for optional variables"},{"ancestorTitles":["Environment Configuration - getEnv"],"duration":1,"failing":false,"failureDetails":[],"failureMessages":[],"fullName":"Environment Configuration - getEnv validates URL format for DATABASE_URL","invocations":1,"location":null,"numPassingAsserts":1,"retryReasons":[],"startAt":1757936808718,"status":"passed","title":"validates URL format for DATABASE_URL"},{"ancestorTitles":["Environment Configuration - getEnv"],"duration":1,"failing":false,"failureDetails":[],"failureMessages":[],"fullName":"Environment Configuration - getEnv validates port numbers","invocations":1,"location":null,"numPassingAsserts":1,"retryReasons":[],"startAt":1757936808719,"status":"passed","title":"validates port numbers"},{"ancestorTitles":["Environment Configuration - getEnv"],"duration":5,"failing":false,"failureDetails":[],"failureMessages":[],"fullName":"Environment Configuration - getEnv validates enum values","invocations":1,"location":null,"numPassingAsserts":1,"retryReasons":[],"startAt":1757936808720,"status":"passed","title":"validates enum values"},{"ancestorTitles":["Environment Configuration - getEnv"],"duration":1,"failing":false,"failureDetails":[],"failureMessages":[],"fullName":"Environment Configuration - getEnv handles development mode with warnings","invocations":1,"location":null,"numPassingAsserts":2,"retryReasons":[],"startAt":1757936808725,"status":"passed","title":"handles development mode with warnings"},{"ancestorTitles":["Environment Configuration - features"],"duration":1,"failing":false,"failureDetails":[],"failureMessages":[],"fullName":"Environment Configuration - features correctly interprets feature flags","invocations":1,"location":null,"numPassingAsserts":3,"retryReasons":[],"startAt":1757936808726,"status":"passed","title":"correctly interprets feature flags"},{"ancestorTitles":["Environment Configuration - features"],"duration":0,"failing":false,"failureDetails":[],"failureMessages":[],"fullName":"Environment Configuration - features uses defaults when flags are not set","invocations":1,"location":null,"numPassingAsserts":3,"retryReasons":[],"startAt":1757936808727,"status":"passed","title":"uses defaults when flags are not set"},{"ancestorTitles":["Environment Configuration - env proxy"],"duration":44,"failing":false,"failureDetails":[],"failureMessages":[],"fullName":"Environment Configuration - env proxy provides type-safe access to environment variables","invocations":1,"location":null,"numPassingAsserts":2,"retryReasons":[],"startAt":1757936808727,"status":"passed","title":"provides type-safe access to environment variables"},{"ancestorTitles":["Environment Configuration - env proxy"],"duration":51,"failing":false,"failureDetails":[],"failureMessages":[],"fullName":"Environment Configuration - env proxy returns undefined for non-existent variables","invocations":1,"location":null,"numPassingAsserts":1,"retryReasons":[],"startAt":1757936808771,"status":"passed","title":"returns undefined for non-existent variables"},{"ancestorTitles":["Environment Configuration - Config Helpers"],"duration":47,"failing":false,"failureDetails":[],"failureMessages":[],"fullName":"Environment Configuration - Config Helpers constructs Redis URL correctly","invocations":1,"location":null,"numPassingAsserts":1,"retryReasons":[],"startAt":1757936808822,"status":"passed","title":"constructs Redis URL correctly"},{"ancestorTitles":["Environment Configuration - Config Helpers"],"duration":0,"failing":false,"failureDetails":[],"failureMessages":[],"fullName":"Environment Configuration - Config Helpers uses REDIS_URL when provided","invocations":1,"location":null,"numPassingAsserts":1,"retryReasons":[],"startAt":1757936808869,"status":"passed","title":"uses REDIS_URL when provided"},{"ancestorTitles":["Environment Configuration - Config Helpers"],"duration":1,"failing":false,"failureDetails":[],"failureMessages":[],"fullName":"Environment Configuration - Config Helpers parses numeric configurations","invocations":1,"location":null,"numPassingAsserts":3,"retryReasons":[],"startAt":1757936808869,"status":"passed","title":"parses numeric configurations"},{"ancestorTitles":["Environment Configuration - Config Helpers"],"duration":0,"failing":false,"failureDetails":[],"failureMessages":[],"fullName":"Environment Configuration - Config Helpers uses test database in test environment","invocations":1,"location":null,"numPassingAsserts":1,"retryReasons":[],"startAt":1757936808870,"status":"passed","title":"uses test database in test environment"},{"ancestorTitles":["Environment Configuration - Config Helpers"],"duration":1,"failing":false,"failureDetails":[],"failureMessages":[],"fullName":"Environment Configuration - Config Helpers uses test database configuration in test environment","invocations":1,"location":null,"numPassingAsserts":1,"retryReasons":[],"startAt":1757936808870,"status":"passed","title":"uses test database configuration in test environment"},{"ancestorTitles":["Environment Configuration - Config Helpers"],"duration":0,"failing":false,"failureDetails":[],"failureMessages":[],"fullName":"Environment Configuration - Config Helpers correctly identifies environment","invocations":1,"location":null,"numPassingAsserts":3,"retryReasons":[],"startAt":1757936808871,"status":"passed","title":"correctly identifies environment"},{"ancestorTitles":["Environment Configuration - Config Helpers"],"duration":1,"failing":false,"failureDetails":[],"failureMessages":[],"fullName":"Environment Configuration - Config Helpers constructs app URL correctly","invocations":1,"location":null,"numPassingAsserts":2,"retryReasons":[],"startAt":1757936808871,"status":"passed","title":"constructs app URL correctly"}],"endTime":1757936808873,"message":"","name":"/app/__tests__/lib/config/env.test.ts","startTime":1757936808058,"status":"passed","summary":""},{"assertionResults":[{"ancestorTitles":["tag-categorizer","categorizeTag","languages category"],"duration":2,"failing":false,"failureDetails":[],"failureMessages":[],"fullName":"tag-categorizer categorizeTag languages category should categorize programming languages correctly","invocations":1,"location":null,"numPassingAsserts":6,"retryReasons":[],"startAt":1757936809035,"status":"passed","title":"should categorize programming languages correctly"},{"ancestorTitles":["tag-categorizer","categorizeTag","languages category"],"duration":1,"failing":false,"failureDetails":[],"failureMessages":[],"fullName":"tag-categorizer categorizeTag languages category should handle case-insensitive matching","invocations":1,"location":null,"numPassingAsserts":3,"retryReasons":[],"startAt":1757936809037,"status":"passed","title":"should handle case-insensitive matching"},{"ancestorTitles":["tag-categorizer","categorizeTag","frameworks category"],"duration":1,"failing":false,"failureDetails":[],"failureMessages":[],"fullName":"tag-categorizer categorizeTag frameworks category should categorize web frameworks correctly","invocations":1,"location":null,"numPassingAsserts":5,"retryReasons":[],"startAt":1757936809038,"status":"passed","title":"should categorize web frameworks correctly"},{"ancestorTitles":["tag-categorizer","categ
[...]
PI call","invocations":1,"location":null,"numPassingAsserts":1,"retryReasons":[],"startAt":1757936820039,"status":"passed","title":"should include content in API call"},{"ancestorTitles":["UnifiedSummaryService","generate"],"duration":1,"failing":false,"failureDetails":[],"failureMessages":[],"fullName":"UnifiedSummaryService generate should handle empty content gracefully","invocations":1,"location":null,"numPassingAsserts":3,"retryReasons":[],"startAt":1757936820040,"status":"passed","title":"should handle empty content gracefully"},{"ancestorTitles":["UnifiedSummaryService","generate"],"duration":1,"failing":false,"failureDetails":[],"failureMessages":[],"fullName":"UnifiedSummaryService generate should handle very long content","invocations":1,"location":null,"numPassingAsserts":2,"retryReasons":[],"startAt":1757936820041,"status":"passed","title":"should handle very long content"},{"ancestorTitles":["UnifiedSummaryService","generate"],"duration":0,"failing":false,"failureDetails":[],"failureMessages":[],"fullName":"UnifiedSummaryService generate should ensure summary ends with proper punctuation","invocations":1,"location":null,"numPassingAsserts":1,"retryReasons":[],"startAt":1757936820043,"status":"passed","title":"should ensure summary ends with proper punctuation"}],"endTime":1757936820044,"message":"","name":"/app/__tests__/unit/services/unified-summary-service.test.ts","startTime":1757936819879,"status":"passed","summary":""},{"assertionResults":[{"ancestorTitles":["unified-summary-parser","parseUnifiedResponse with markdown bold removal"],"duration":5,"failing":false,"failureDetails":[],"failureMessages":[],"fullName":"unified-summary-parser parseUnifiedResponse with markdown bold removal should remove markdown bold syntax from detailed summary","invocations":1,"location":null,"numPassingAsserts":3,"retryReasons":[],"startAt":1757936820126,"status":"passed","title":"should remove markdown bold syntax from detailed summary"},{"ancestorTitles":["unified-summary-parser","parseUnifiedResponse with markdown bold removal"],"duration":1,"failing":false,"failureDetails":[],"failureMessages":[],"fullName":"unified-summary-parser parseUnifiedResponse with markdown bold removal should handle multiple markdown bold patterns in one line","invocations":1,"location":null,"numPassingAsserts":3,"retryReasons":[],"startAt":1757936820131,"status":"passed","title":"should handle multiple markdown bold patterns in one line"},{"ancestorTitles":["unified-summary-parser","parseUnifiedResponse with markdown bold removal"],"duration":0,"failing":false,"failureDetails":[],"failureMessages":[],"fullName":"unified-summary-parser parseUnifiedResponse with markdown bold removal should preserve normal detailed summary without markdown","invocations":1,"location":null,"numPassingAsserts":2,"retryReasons":[],"startAt":1757936820132,"status":"passed","title":"should preserve normal detailed summary without markdown"},{"ancestorTitles":["unified-summary-parser","parseUnifiedResponse with markdown bold removal"],"duration":1,"failing":false,"failureDetails":[],"failureMessages":[],"fullName":"unified-summary-parser parseUnifiedResponse with markdown bold removal should handle mixed markdown and normal content","invocations":1,"location":null,"numPassingAsserts":4,"retryReasons":[],"startAt":1757936820132,"status":"passed","title":"should handle mixed markdown and normal content"},{"ancestorTitles":["unified-summary-parser","parseUnifiedResponse with markdown bold removal"],"duration":0,"failing":false,"failureDetails":[],"failureMessages":[],"fullName":"unified-summary-parser parseUnifiedResponse with markdown bold removal should handle edge cases with asterisks","invocations":1,"location":null,"numPassingAsserts":4,"retryReasons":[],"startAt":1757936820133,"status":"passed","title":"should handle edge cases with asterisks"},{"ancestorTitles":["unified-summary-parser","parseUnifiedResponse general functionality"],"duration":1,"failing":false,"failureDetails":[],"failureMessages":[],"fullName":"unified-summary-parser parseUnifiedResponse general functionality should parse all sections correctly","invocations":1,"location":null,"numPassingAsserts":4,"retryReasons":[],"startAt":1757936820134,"status":"passed","title":"should parse all sections correctly"}],"endTime":1757936820136,"message":"","name":"/app/__tests__/unit/utils/unified-summary-parser.test.ts","startTime":1757936819979,"status":"passed","summary":""},{"assertionResults":[{"ancestorTitles":["GET /api/recommendations"],"duration":1,"failing":false,"failureDetails":[],"failureMessages":[],"fullName":"GET /api/recommendations should return 401 if user is not authenticated","invocations":1,"location":null,"numPassingAsserts":2,"retryReasons":[],"startAt":1757936820180,"status":"passed","title":"should return 401 if user is not authenticated"},{"ancestorTitles":["GET /api/recommendations"],"duration":1,"failing":false,"failureDetails":[],"failureMessages":[],"fullName":"GET /api/recommendations should respect limit parameter","invocations":1,"location":null,"numPassingAsserts":1,"retryReasons":[],"startAt":1757936820182,"status":"passed","title":"should respect limit parameter"},{"ancestorTitles":["GET /api/recommendations"],"duration":0,"failing":false,"failureDetails":[],"failureMessages":[],"fullName":"GET /api/recommendations should enforce maximum limit of 30","invocations":1,"location":null,"numPassingAsserts":1,"retryReasons":[],"startAt":1757936820183,"status":"passed","title":"should enforce maximum limit of 30"},{"ancestorTitles":["GET /api/recommendations"],"duration":5,"failing":false,"failureDetails":[],"failureMessages":[],"fullName":"GET /api/recommendations should handle service errors gracefully","invocations":1,"location":null,"numPassingAsserts":2,"retryReasons":[],"startAt":1757936820183,"status":"passed","title":"should handle service errors gracefully"}],"endTime":1757936820188,"message":"","name":"/app/__tests__/api/recommendations.test.ts","startTime":1757936820046,"status":"passed","summary":""},{"assertionResults":[{"ancestorTitles":["source-filter-cookie","parseSourceFilterFromCookie"],"duration":1,"failing":false,"failureDetails":[],"failureMessages":[],"fullName":"source-filter-cookie parseSourceFilterFromCookie should parse comma-separated source IDs","invocations":1,"location":null,"numPassingAsserts":1,"retryReasons":[],"startAt":1757936820281,"status":"passed","title":"should parse comma-separated source IDs"},{"ancestorTitles":["source-filter-cookie","parseSourceFilterFromCookie"],"duration":1,"failing":false,"failureDetails":[],"failureMessages":[],"fullName":"source-filter-cookie parseSourceFilterFromCookie should handle empty cookie value","invocations":1,"location":null,"numPassingAsserts":1,"retryReasons":[],"startAt":1757936820282,"status":"passed","title":"should handle empty cookie value"},{"ancestorTitles":["source-filter-cookie","parseSourceFilterFromCookie"],"duration":0,"failing":false,"failureDetails":[],"failureMessages":[],"fullName":"source-filter-cookie parseSourceFilterFromCookie should handle empty string","invocations":1,"location":null,"numPassingAsserts":1,"retryReasons":[],"startAt":1757936820283,"status":"passed","title":"should handle empty string"},{"ancestorTitles":["source-filter-cookie","parseSourceFilterFromCookie"],"duration":1,"failing":false,"failureDetails":[],"failureMessages":[],"fullName":"source-filter-cookie parseSourceFilterFromCookie should filter out empty strings after split","invocations":1,"location":null,"numPassingAsserts":1,"retryReasons":[],"startAt":1757936820283,"status":"passed","title":"should filter out empty strings after split"},{"ancestorTitles":["source-filter-cookie","parseSourceFilterFromCookie"],"duration":0,"failing":false,"failureDetails":[],"failureMessages":[],"fullName":"source-filter-cookie parseSourceFilterFromCookie should trim whitespace","invocations":1,"location":null,"numPassingAsserts":1,"retryReasons":[],"startAt":1757936820284,"status":"passed","title":"should trim whitespace"},{"ancestorTitles":["source-filter-cookie","parseSourceFilterFromCookie"],"duration":0,"failing":false,"failureDetails":[],"failureMessages":[],"fullName":"source-filter-cookie parseSourceFilterFromCookie should handle single source ID","invocations":1,"location":null,"numPassingAsserts":1,"retryReasons":[],"startAt":1757936820284,"status":"passed","title":"should handle single source ID"},{"ancestorTitles":["source-filter-cookie","setSourceFilterCookie"],"duration":1,"failing":false,"failureDetails":[],"failureMessages":[],"fullName":"source-filter-cookie setSourceFilterCookie should set cookie with source IDs","invocations":1,"location":null,"numPassingAsserts":0,"retryReasons":[],"startAt":1757936820284,"status":"passed","title":"should set cookie with source IDs"},{"ancestorTitles":["source-filter-cookie","setSourceFilterCookie"],"duration":0,"failing":false,"failureDetails":[],"failureMessages":[],"fullName":"source-filter-cookie setSourceFilterCookie should delete cookie when empty array is provided","invocations":1,"location":null,"numPassingAsserts":0,"retryReasons":[],"startAt":1757936820285,"status":"passed","title":"should delete cookie when empty array is provided"},{"ancestorTitles":["source-filter-cookie","setSourceFilterCookie"],"duration":0,"failing":false,"failureDetails":[],"failureMessages":[],"fullName":"source-filter-cookie setSourceFilterCookie should handle single source ID","invocations":1,"location":null,"numPassingAsserts":0,"retryReasons":[],"startAt":1757936820285,"status":"passed","title":"should handle single source ID"},{"ancestorTitles":["source-filter-cookie","getSourceFilterFromCookie"],"duration":1,"failing":false,"failureDetails":[],"failureMessages":[],"fullName":"source-filter-cookie getSourceFilterFromCookie should get source IDs from request cookie","invocations":1,"location":null,"numPassingAsserts":0,"retryReasons":[],"startAt":1757936820285,"status":"passed","title":"should get source IDs from request cookie"},{"ancestorTitles":["source-filter-cookie","getSourceFilterFromCookie"],"duration":0,"failing":false,"failureDetails":[],"failureMessages":[],"fullName":"source-filter-cookie getSourceFilterFromCookie should return empty array when cookie is not present","invocations":1,"location":null,"numPassingAsserts":0,"retryReasons":[],"startAt":1757936820286,"status":"passed","title":"should return empty array when cookie is not present"},{"ancestorTitles":["source-filter-cookie","parseSourceFilterFromCookieClient"],"duration":0,"failing":false,"failureDetails":[],"failureMessages":[],"fullName":"source-filter-cookie parseSourceFilterFromCookieClient should parse cookie from document.cookie","invocations":1,"location":null,"numPassingAsserts":0,"retryReasons":[],"startAt":1757936820286,"status":"passed","title":"should parse cookie from document.cookie"},{"ancestorTitles":["source-filter-cookie","parseSourceFilterFromCookieClient"],"duration":0,"failing":false,"failureDetails":[],"failureMessages":[],"fullName":"source-filter-cookie parseSourceFilterFromCookieClient should return empty array when cookie is not present","invocations":1,"location":null,"numPassingAsserts":0,"retryReasons":[],"startAt":1757936820286,"status":"passed","title":"should return empty array when cookie is not present"},{"ancestorTitles":["source-filter-cookie","parseSourceFilterFromCookieClient"],"duration":0,"failing":false,"failureDetails":[],"failureMessages":[],"fullName":"source-filter-cookie parseSourceFilterFromCookieClient should handle empty document.cookie","invocations":1,"location":null,"numPassingAsserts":0,"retryReasons":[],"startAt":1757936820286,"status":"passed","title":"should handle empty document.cookie"}],"endTime":1757936820287,"message":"","name":"/app/__tests__/lib/source-filter-cookie.test.ts","startTime":1757936820139,"status":"passed","summary":""},{"assertionResults":[{"ancestorTitles":["型定義の検証","ArticleWhereInput"],"duration":2,"failing":false,"failureDetails":[],"failureMessages":[],"fullName":"型定義の検証 ArticleWhereInput 有効なWhere条件を受け入れる","invocations":1,"location":null,"numPassingAsserts":1,"retryReasons":[],"startAt":1757936820336,"status":"passed","title":"有効なWhere条件を受け入れる"},{"ancestorTitles":["型定義の検証","ArticleWhereInput"],"duration":0,"failing":false,"failureDetails":[],"failureMessages":[],"fullName":"型定義の検証 ArticleWhereInput 複雑な条件を受け入れる","invocations":1,"location":null,"numPassingAsserts":1,"retryReasons":[],"startAt":1757936820338,"status":"passed","title":"複雑な条件を受け入れる"},{"ancestorTitles":["型定義の検証","ArticleOrderByInput"],"duration":1,"failing":false,"failureDetails":[],"failureMessages":[],"fullName":"型定義の検証 ArticleOrderByInput 有効なOrderBy条件を受け入れる","invocations":1,"location":null,"numPassingAsserts":1,"retryReasons":[],"startAt":1757936820338,"status":"passed","title":"有効なOrderBy条件を受け入れる"},{"ancestorTitles":["型定義の検証","ArticleOrderByInput"],"duration":0,"failing":false,"failureDetails":[],"failureMessages":[],"fullName":"型定義の検証 ArticleOrderByInput 複数のソート条件を受け入れる","invocations":1,"location":null,"numPassingAsserts":1,"retryReasons":[],"startAt":1757936820339,"status":"passed","title":"複数のソート条件を受け入れる"},{"ancestorTitles":["型定義の検証","Prisma型との互換性"],"duration":1,"failing":false,"failureDetails":[],"failureMessages":[],"fullName":"型定義の検証 Prisma型との互換性 PrismaのArticleWhereInputと互換性がある","invocations":1,"location":null,"numPassingAsserts":1,"retryReasons":[],"startAt":1757936820339,"status":"passed","title":"PrismaのArticleWhereInputと互換性がある"}],"endTime":1757936820340,"message":"","name":"/app/__tests__/unit/types/validation.test.ts","startTime":1757936820194,"status":"passed","summary":""},{"assertionResults":[{"ancestorTitles":["Text Processor Utilities","cleanupText"],"duration":1,"failing":false,"failureDetails":[],"failureMessages":[],"fullName":"Text Processor Utilities cleanupText should remove line breaks","invocations":1,"location":null,"numPassingAsserts":1,"retryReasons":[],"startAt":1757936820455,"status":"passed","title":"should remove line breaks"},{"ancestorTitles":["Text Processor Utilities","cleanupText"],"duration":1,"failing":false,"failureDetails":[],"failureMessages":[],"fullName":"Text Processor Utilities cleanupText should remove excessive spaces","invocations":1,"location":null,"numPassingAsserts":1,"retryReasons":[],"startAt":1757936820456,"status":"passed","title":"should remove excessive spaces"},{"ancestorTitles":["Text Processor Utilities","cleanupText"],"duration":0,"failing":false,"failureDetails":[],"failureMessages":[],"fullName":"Text Processor Utilities cleanupText should trim whitespace","invocations":1,"location":null,"numPassingAsserts":1,"retryReasons":[],"startAt":1757936820457,"status":"passed","title":"should trim whitespace"},{"ancestorTitles":["Text Processor Utilities","cleanupText"],"duration":0,"failing":false,"failureDetails":[],"failureMessages":[],"fullName":"Text Processor Utilities cleanupText should handle empty string","invocations":1,"location":null,"numPassingAsserts":1,"retryReasons":[],"startAt":1757936820457,"status":"passed","title":"should handle empty string"},{"ancestorTitles":["Text Processor Utilities","cleanupText"],"duration":0,"failing":false,"failureDetails":[],"failureMessages":[],"fullName":"Text Processor Utilities cleanupText should handle null/undefined gracefully","invocations":1,"location":null,"numPassingAsserts":1,"retryReasons":[],"startAt":1757936820458,"status":"passed","title":"should handle null/undefined gracefully"},{"ancestorTitles":["Text Processor Utilities","cleanupDetailedSummary"],"duration":0,"failing":false,"failureDetails":[],"failureMessages":[],"fullName":"Text Processor Utilities cleanupDetailedSummary should preserve line breaks in detailed summary","invocations":1,"location":null,"numPassingAsserts":1,"retryReasons":[],"startAt":1757936820458,"status":"passed","title":"should preserve line breaks in detailed summary"},{"ancestorTitles":["Text Processor Utilities","cleanupDetailedSummary"],"duration":1,"failing":false,"failureDetails":[],"failureMessages":[],"fullName":"Text Processor Utilities cleanupDetailedSummary should trim each line","invocations":1,"location":null,"numPassingAsserts":1,"retryReasons":[],"startAt":1757936820458,"status":"passed","title":"should trim each line"},{"ancestorTitles":["Text Processor Utilities","cleanupDetailedSummary"],"duration":0,"failing":false,"failureDetails":[],"failureMessages":[],"fullName":"Text Processor Utilities cleanupDetailedSummary should remove empty lines","invocations":1,"location":null,"numPassingAsserts":1,"retryReasons":[],"startAt":1757936820459,"status":"passed","title":"should remove empty lines"},{"ancestorTitles":["Text Processor Utilities","cleanupDetailedSummary"],"duration":0,"failing":false,"failureDetails":[],"failureMessages":[],"fullName":"Text Processor Utilities cleanupDetailedSummary should handle bullet points correctly","invocations":1,"location":null,"numPassingAsserts":2,"retryReasons":[],"startAt":1757936820459,"status":"passed","title":"should handle bullet points correctly"}],"endTime":1757936820460,"message":"","name":"/app/__tests__/utils/text-processor.test.ts","startTime":1757936820293,"status":"passed","summary":""},{"assertionResults":[{"ancestorTitles":["Stats API"],"duration":1,"failing":false,"failureDetails":[],"failureMessages":[],"fullName":"Stats API should return correct statistics","invocations":1,"location":null,"numPassingAsserts":5,"retryReasons":[],"startAt":1757936820482,"status":"passed","title":"should return correct statistics"},{"ancestorTitles":["Stats API"],"duration":1,"failing":false,"failureDetails":[],"failureMessages":[],"fullName":"Stats API should handle empty database","invocations":1,"location":null,"numPassingAsserts":2,"retryReasons":[],"startAt":1757936820483,"status":"passed","title":"should handle empty database"}],"endTime":1757936820484,"message":"","name":"/app/__tests__/api/stats.test.ts","startTime":1757936820345,"status":"passed","summary":""},{"assertionResults":[{"ancestorTitles":["CLIコマンドの単体テスト"],"duration":2,"failing":false,"failureDetails":[],"failureMessages":[],"fullName":"CLIコマンドの単体テスト 正しいコマンド構造を持つ","invocations":1,"location":null,"numPassingAsserts":2,"retryReasons":[],"startAt":1757936820611,"status":"passed","title":"正しいコマンド構造を持つ"},{"ancestorTitles":["CLIコマンドの単体テスト"],"duration":0,"failing":false,"failureDetails":[],"failureMessages":[],"fullName":"CLIコマンドの単体テスト サブコマンドを正しく登録する","invocations":1,"location":null,"numPassingAsserts":2,"retryReasons":[],"startAt":1757936820613,"status":"passed","title":"サブコマンドを正しく登録する"},{"ancestorTitles":["CLIコマンドの単体テスト"],"duration":1,"failing":false,"failureDetails":[],"failureMessages":[],"fullName":"CLIコマンドの単体テスト オプションを正しく解析する","invocations":1,"location":null,"numPassingAsserts":2,"retryReasons":[],"startAt":1757936820614,"status":"passed","title":"オプションを正しく解析する"}],"endTime":1757936820615,"message":"","name":"/app/__tests__/unit/lib/cli.test.ts","startTime":1757936820462,"status":"passed","summary":""},{"assertionResults":[{"ancestorTitles":["Health Check API"],"duration":1,"failing":false,"failureDetails":[],"failureMessages":[],"fullName":"Health Check API should return healthy status when all services are up","invocations":1,"location":null,"numPassingAsserts":3,"retryReasons":[],"startAt":1757936820625,"status":"passed","title":"should return healthy status when all services are up"},{"ancestorTitles":["Health Check API"],"duration":0,"failing":false,"failureDetails":[],"failureMessages":[],"fullName":"Health Check API should return unhealthy status when database is down","invocations":1,"location":null,"numPassingAsserts":2,"retryReasons":[],"startAt":1757936820627,"status":"passed","title":"should return unhealthy status when database is down"}],"endTime":1757936820628,"message":"","name":"/app/__tests__/api/health.test.ts","startTime":1757936820487,"status":"passed","summary":""}],"wasInterrupted":false}
