{"numFailedTestSuites":0,"numFailedTests":0,"numPassedTestSuites":12,"numPassedTests":188,"numPendingTestSuites":0,"numPendingTests":5,"numRuntimeErrorTestSuites":0,"numTodoTests":0,"numTotalTestSuites":12,"numTotalTests":193,"openHandles":[],"snapshot":{"added":0,"didUpdate":false,"failure":false,"filesAdded":0,"filesRemoved":0,"filesRemovedList":[],"filesUnmatched":0,"filesUpdated":0,"matched":0,"total":0,"unchecked":0,"uncheckedKeysByFile":[],"unmatched":0,"updated":0},"startTime":1757936822395,"success":true,"testResults":[{"assertionResults":[{"ancestorTitles":["ArticleList","基本的なレンダリング"],"duration":33,"failing":false,"failureDetails":[],"failureMessages":[],"fullName":"ArticleList 基本的なレンダリング カードビューで記事リストを表示する","invocations":1,"location":null,"numPassingAsserts":5,"retryReasons":[],"startAt":1757936823847,"status":"passed","title":"カードビューで記事リストを表示する"},{"ancestorTitles":["ArticleList","基本的なレンダリング"],"duration":14,"failing":false,"failureDetails":[],"failureMessages":[],"fullName":"ArticleList 基本的なレンダリング リストビューで記事リストを表示する","invocations":1,"location":null,"numPassingAsserts":5,"retryReasons":[],"startAt":1757936823881,"status":"passed","title":"リストビューで記事リストを表示する"},{"ancestorTitles":["ArticleList","基本的なレンダリング"],"duration":4,"failing":false,"failureDetails":[],"failureMessages":[],"fullName":"ArticleList 基本的なレンダリング デフォルトではカードビューを使用する","invocations":1,"location":null,"numPassingAsserts":2,"retryReasons":[],"startAt":1757936823895,"status":"passed","title":"デフォルトではカードビューを使用する"},{"ancestorTitles":["ArticleList","基本的なレンダリング"],"duration":6,"failing":false,"failureDetails":[],"failureMessages":[],"fullName":"ArticleList 基本的なレンダリング 記事が空の場合は空状態メッセージを表示する","invocations":1,"location":null,"numPassingAsserts":2,"retryReasons":[],"startAt":1757936823899,"status":"passed","title":"記事が空の場合は空状態メッセージを表示する"},{"ancestorTitles":["ArticleList","既読/未読状態の管理"],"duration":6,"failing":false,"failureDetails":[],"failureMessages":[],"fullName":"ArticleList 既読/未読状態の管理 認証済みユーザーの既読状態を正しく反映する","invocations":1,"location":null,"numPassingAsserts":3,"retryReasons":[],"startAt":1757936823906,"status":"passed","title":"認証済みユーザーの既読状態を正しく反映する"},{"ancestorTitles":["ArticleList","既読/未読状態の管理"],"duration":10,"failing":false,"failureDetails":[],"failureMessages":[],"fullName":"ArticleList 既読/未読状態の管理 未認証ユーザーの場合はすべて既読として扱う","invocations":1,"location":null,"numPassingAsserts":3,"retryReasons":[],"startAt":1757936823912,"status":"passed","title":"未認証ユーザーの場合はすべて既読として扱う"},{"ancestorTitles":["ArticleList","既読/未読状態の管理"],"duration":7,"failing":false,"failureDetails":[],"failureMessages":[],"fullName":"ArticleList 既読/未読状態の管理 ローディング中は全記事を既読として表示する","invocations":1,"location":null,"numPassingAsserts":3,"retryReasons":[],"startAt":1757936823922,"status":"passed","title":"ローディング中は全記事を既読として表示する"},{"ancestorTitles":["ArticleList","イベントハンドリング"],"duration":51,"failing":false,"failureDetails":[],"failureMessages":[],"fullName":"ArticleList イベントハンドリング 記事クリック時にコールバックを実行する","invocations":1,"location":null,"numPassingAsserts":1,"retryReasons":[],"startAt":1757936823932,"status":"passed","title":"記事クリック時にコールバックを実行する"},{"ancestorTitles":["ArticleList","イベントハンドリング"],"duration":null,"failing":false,"failureDetails":[],"failureMessages":[],"fullName":"ArticleList イベントハンドリング 既読状態変更イベントで再レンダリングとUI更新を確認する","invocations":1,"location":null,"numPassingAsserts":0,"retryReasons":[],"startAt":1757936823989,"status":"pending","title":"既読状態変更イベントで再レンダリングとUI更新を確認する"},{"ancestorTitles":["ArticleList","イベントハンドリング"],"duration":4,"failing":false,"failureDetails":[],"failureMessages":[],"fullName":"ArticleList イベントハンドリング コンポーネントアンマウント時にイベントリスナーを削除する","invocations":1,"location":null,"numPassingAsserts":1,"retryReasons":[],"startAt":1757936823989,"status":"passed","title":"コンポーネントアンマウント時にイベントリスナーを削除する"},{"ancestorTitles":["ArticleList","リストビューモード"],"duration":8,"failing":false,"failureDetails":[],"failureMessages":[],"fullName":"ArticleList リストビューモード リストビューで正しくレンダリングする","invocations":1,"location":null,"numPassingAsserts":5,"retryReasons":[],"startAt":1757936823994,"status":"passed","title":"リストビューで正しくレンダリングする"},{"ancestorTitles":["ArticleList","リストビューモード"],"duration":2,"failing":false,"failureDetails":[],"failureMessages":[],"fullName":"ArticleList リストビューモード リストビューでも既読状態を正しく反映する","invocations":1,"location":null,"numPassingAsserts":3,"retryReasons":[],"startAt":1757936824002,"status":"passed","title":"リストビューでも既読状態を正しく反映する"},{"ancestorTitles":["ArticleList","パフォーマンス最適化"],"duration":5,"failing":false,"failureDetails":[],"failureMessages":[],"fullName":"ArticleList パフォーマンス最適化 記事IDのリストを一度だけ作成する（useMemo）","invocations":1,"location":null,"numPassingAsserts":0,"retryReasons":[],"startAt":1757936824006,"status":"passed","title":"記事IDのリストを一度だけ作成する（useMemo）"},{"ancestorTitles":["ArticleList","パフォーマンス最適化"],"duration":null,"failing":false,"failureDetails":[],"failureMessages":[],"fullName":"ArticleList パフォーマンス最適化 refreshKeyで強制再レンダリングする","invocations":1,"location":null,"numPassingAsserts":0,"retryReasons":[],"startAt":1757936824013,"status":"pending","title":"refreshKeyで強制再レンダリングする"},{"ancestorTitles":["ArticleList","エッジケース"],"duration":30,"failing":false,"failureDetails":[],"failureMessages":[],"fullName":"ArticleList エッジケース 非常に多くの記事でもクラッシュしない","invocations":1,"location":null,"numPassingAsserts":1,"retryReasons":[],"startAt":1757936824013,"status":"passed","title":"非常に多くの記事でもクラッシュしない"},{"ancestorTitles":["ArticleList","エッジケース"],"duration":2,"failing":false,"failureDetails":[],"failureMessages":[],"fullName":"ArticleList エッジケース 記事配列が更新されたときに正しく再レンダリングする","invocations":1,"location":null,"numPassingAsserts":6,"retryReasons":[],"startAt":1757936824044,"status":"passed","title":"記事配列が更新されたときに正しく再レンダリングする"},{"ancestorTitles":["ArticleList","エッジケース"],"duration":9,"failing":false,"failureDetails":[],"failureMessages":[],"fullName":"ArticleList エッジケース viewModeが変更されたときに正しくレンダリングを切り替える","invocations":1,"location":null,"numPassingAsserts":4,"retryReasons":[],"startAt":1757936824046,"status":"passed","title":"viewModeが変更されたときに正しくレンダリングを切り替える"}],"endTime":1757936824056,"message":"","name":"/app/app/components/article/__tests__/ArticleList.test.tsx","startTime":1757936823098,"status":"focused","summary":""},{"assertionResults":[{"ancestorTitles":["ArticleCard"],"duration":95,"failing":false,"failureDetails":[],"failureMessages":[],"fullName":"ArticleCard renders article information correctly","invocations":1,"location":null,"numPassingAsserts":5,"retryReasons":[],"startAt":1757936824017,"status":"passed","title":"renders article information correctly"},{"ancestorTitles":["ArticleCard"],"duration":96,"failing":false,"failureDetails":[],"failureMessages":[],"fullName":"ArticleCard handles click events when onArticleClick is provided","invocations":1,"location":null,"numPassingAsserts":1,"retryReasons":[],"startAt":1757936824114,"status":"passed","title":"handles click events when onArticleClick is provided"},{"ancestorTitles":["ArticleCard"],"duration":50,"failing":false,"failureDetails":[],"failureMessages":[],"fullName":"ArticleCard navigates to article detail page when clicked without onArticleClick","invocations":1,"location":null,"numPassingAsserts":1,"retryReasons":[],"startAt":1757936824210,"status":"passed","title":"navigates to article detail page when clicked without onArticleClick"},{"ancestorTitles":["ArticleCard"],"duration":9,"failing":false,"failureDetails":[],"failureMessages":[],"fullName":"ArticleCard displays favorite button for authenticated users","invocations":1,"location":null,"numPassingAsserts":1,"retryReasons":[],"startAt":1757936824260,"status":"passed","title":"displays favorite button for authenticated users"},{"ancestorTitles":["ArticleCard"],"duration":8,"failing":false,"failureDetails":[],"failureMessages":[],"fullName":"ArticleCard renders the article card container","invocations":1,"location":null,"numPassingAsserts":1,"retryReasons":[],"startAt":1757936824269,"status":"passed","title":"renders the article card container"},{"ancestorTitles":["ArticleCard"],"duration":7,"failing":false,"failureDetails":[],"failureMessages":[],"fullName":"ArticleCard renders without tags when tags array is empty","invocations":1,"location":null,"numPassingAsserts":1,"retryReasons":[],"startAt":1757936824277,"status":"passed","title":"renders without tags when tags array is empty"},{"ancestorTitles":["ArticleCard"],"duration":10,"failing":false,"failureDetails":[],"failureMessages":[],"fullName":"ArticleCard displays new badge for articles published within 24 hours","invocations":1,"location":null,"numPassingAsserts":1,"retryReasons":[],"startAt":1757936824284,"status":"passed","title":"displays new badge for articles published within 24 hours"},{"ancestorTitles":["ArticleCard"],"duration":11,"failing":false,"failureDetails":[],"failureMessages":[],"fullName":"ArticleCard does not display new badge for old articles","invocations":1,"location":null,"numPassingAsserts":1,"retryReasons":[],"startAt":1757936824294,"status":"passed","title":"does not display new badge for old articles"},{"ancestorTitles":["ArticleCard"],"duration":12,"failing":false,"failureDetails":[],"failureMessages":[],"fullName":"ArticleCard displays unread badge when isRead is false","invocations":1,"location":null,"numPassingAsserts":1,"retryReasons":[],"startAt":1757936824306,"status":"passed","title":"displays unread badge when isRead is false"},{"ancestorTitles":["ArticleCard"],"duration":19,"failing":false,"failureDetails":[],"failureMessages":[],"fullName":"ArticleCard does not display unread badge when isRead is true","invocations":1,"location":null,"numPassingAsserts":1,"retryReasons":[],"startAt":1757936824318,"status":"passed","title":"does not display unread badge when isRead is true"},{"ancestorTitles":["ArticleCard"],"duration":39,"failing":false,"failureDetails":[],"failureMessages":[],"fullName":"ArticleCard displays article thumbnail for Speaker Deck source","invocations":1,"location":null,"numPassingAsserts":2,"retryReasons":[],"startAt":1757936824337,"status":"passed","title":"displays article thumbnail for Speaker Deck source"},{"ancestorTitles":["ArticleCard"],"duration":24,"failing":false,"failureDetails":[],"failureMessages":[],"fullName":"ArticleCard displays summary when no thumbnail is shown","invocations":1,"location":null,"numPassingAsserts":1,"retryReasons":[],"startAt":1757936824376,"status":"passed","title":"displays summary when no thumbnail is shown"},{"ancestorTitles":["ArticleCard"],"duration":62,"failing":false,"failureDetails":[],"failureMessages":[],"fullName":"ArticleCard handles vote button click correctly","invocations":1,"location":null,"numPassingAsserts":2,"retryReasons":[],"startAt":1757936824400,"status":"passed","title":"handles vote button click correctly"},{"ancestorTitles":["ArticleCard"],"duration":19,"failing":false,"failureDetails":[],"failureMessages":[],"fullName":"ArticleCard displays quality score when available","invocations":1,"location":null,"numPassingAsserts":0,"retryReasons":[],"startAt":1757936824462,"status":"passed","title":"displays quality score when available"},{"ancestorTitles":["ArticleCard"],"duration":17,"failing":false,"failureDetails":[],"failureMessages":[],"fullName":"ArticleCard displays category label when category is present","invocations":1,"location":null,"numPassingAsserts":1,"retryReasons":[],"startAt":1757936824485,"status":"passed","title":"displays category label when category is present"},{"ancestorTitles":["ArticleCard"],"duration":23,"failing":false,"failureDetails":[],"failureMessages":[],"fullName":"ArticleCard displays publication date correctly","invocations":1,"location":null,"numPassingAsserts":1,"retryReasons":[],"startAt":1757936824503,"status":"passed","title":"displays publication date correctly"},{"ancestorTitles":["ArticleCard"],"duration":15,"failing":false,"failureDetails":[],"failureMessages":[],"fullName":"ArticleCard renders share button component","invocations":1,"location":null,"numPassingAsserts":1,"retryReasons":[],"startAt":1757936824527,"status":"passed","title":"renders share button component"},{"ancestorTitles":["ArticleCard"],"duration":11,"failing":false,"failureDetails":[],"failureMessages":[],"fullName":"ArticleCard applies correct styling for dark mode","invocations":1,"location":null,"numPassingAsserts":2,"retryReasons":[],"startAt":1757936824542,"status":"passed","title":"applies correct styling for dark mode"},{"ancestorTitles":["ArticleCard"],"duration":15,"failing":false,"failureDetails":[],"failureMessages":[],"fullName":"ArticleCard handles articles with very long titles gracefully","invocations":1,"location":null,"numPassingAsserts":2,"retryReasons":[],"startAt":1757936824553,"status":"passed","title":"handles articles with very long titles gracefully"},{"ancestorTitles":["ArticleCard"],"duration":16,"failing":false,"failureDetails":[],"failureMessages":[],"fullName":"ArticleCard correctly handles missing optional fields","invocations":1,"location":null,"numPassingAsserts":2,"retryReasons":[],"startAt":1757936824569,"status":"passed","title":"correctly handles missing optional fields"},{"ancestorTitles":["ArticleCard","source property validation"],"duration":11,"failing":false,"failureDetails":[],"failureMessages":[],"fullName":"ArticleCard source property validation renders article card with source property correctly","invocations":1,"location":null,"numPassingAsserts":3,"retryReasons":[],"startAt":1757936824585,"status":"passed","title":"renders article card with source property correctly"},{"ancestorTitles":["ArticleCard","source property validation"],"duration":23,"failing":false,"failureDetails":[],"failureMessages":[],"fullName":"ArticleCard source property validation handles Speaker Deck articles with source correctly","invocations":1,"location":null,"numPassingAsserts":3,"retryReasons":[],"startAt":1757936824598,"status":"passed","title":"handles Speaker Deck articles with source correctly"},{"ancestorTitles":["ArticleCard","source property validation"],"duration":14,"failing":false,"failureDetails":[],"failureMessages":[],"fullName":"ArticleCard source property validation handles Docswell articles with source correctly","invocations":1,"location":null,"numPassingAsserts":3,"retryReasons":[],"startAt":1757936824621,"status":"passed","title":"handles Docswell articles with source correctly"},{"ancestorTitles":["ArticleCard","source property validation"],"duration":13,"failing":false,"failureDetails":[],"failureMessages":[],"fullName":"ArticleCard source property validation displays source name when available","invocations":1,"location":null,"numPassingAsserts":1,"retryReasons":[],"startAt":1757936824635,"status":"passed","title":"displays source name when available"},{"ancestorTitles":["ArticleCard","source property validation"],"duration":17,"failing":false,"failureDetails":[],"failureMessages":[],"fullName":"ArticleCard source property validation does not render thumbnail when Speaker Deck article has no thumbnail","invocations":1,"location":null,"numPassingAsserts":2,"retryReasons":[],"startAt":1757936824648,"status":"passed","title":"does not render thumbnail when Speaker Deck article has no thumbnail"},{"ancestorTitles":["ArticleCard","source property validation"],"duration":13,"failing":false,"failureDetails":[],"failureMessages":[],"fullName":"ArticleCard source property validation does not render thumbnail when Docswell article has no thumbnail","invocations":1,"location":null,"numPassingAsserts":2,"retryReasons":[],"startAt":1757936824665,"status":"passed","title":"does not render thumbnail when Docswell article has no thumbnail"}],"endTime":1757936824680,"message":"","name":"/app/__tests__/components/ArticleCard.test.tsx","startTime":1757936823093,"status":"passed","summary":""},{"assertionResults":[{"ancestorTitles":["FavoriteButton","基本的なレンダリング"],"duration":45,"failing":false,"failureDetails":[],"failureMessages":[],"fullName":"FavoriteButton 基本的なレンダリング お気に入りではない場合、outlineボタンが表示される","invocations":1,"location":null,"numPassingAsserts":4,"retryReasons":[],"startAt":1757936824447,"status":"passed","title":"お気に入りではない場合、outlineボタンが表示される"},{"ancestorTitles":["FavoriteButton","基本的なレンダリング"],"duration":15,"failing":false,"failureDetails":[],"failureMessages":[],"fullName":"FavoriteButton 基本的なレンダリング お気に入りの場合、押された状態のボタンが表示される","invocations":1,"location":null,"numPassingAsserts":2,"retryReasons":[],"startAt":1757936824492,"status":"passed","title":"お気に入りの場合、押された状態のボタンが表示される"},{"ancestorTitles":["FavoriteButton","基本的なレンダリング"],"duration":13,"failing":false,"failureDetails":[],"failureMessages":[],"fullName":"FavoriteButton 基本的なレンダリング showTextがtrueの場合、テキストが表示される","invocations":1,"location":null,"numPassingAsserts":1,"retryReasons":[],"startAt":1757936824507,"status":"passed","title":"showTextがtrueの場合、テキストが表示される"},{"ancestorTitles":["FavoriteButton","基本的なレンダリング"],"duration":8,"failing":false,"failureDetails":[],"failureMessages":[],"fullName":"FavoriteButton 基本的なレンダリング お気に入りの場合、解除テキストが表示される","invocations":1,"location":null,"numPassingAsserts":1,"retryReasons":[],"startAt":1757936824521,"status":"passed","title":"お気に入りの場合、解除テキストが表示される"},{"ancestorTitles":["FavoriteButton","クリックイベント"],"duration":31,"failing":false,"failureDetails":[],"failureMessages":[],"fullName":"FavoriteButton クリックイベント クリック時にtoggleFavoriteが呼ばれる","invocations":1,"location":null,"numPassingAsserts":2,"retryReasons":[],"startAt":1757936824532,"status":"passed","title":"クリック時にtoggleFavoriteが呼ばれる"},{"ancestorTitles":["FavoriteButton","クリックイベント"],"duration":16,"failing":false,"failureDetails":[],"failureMessages":[],"fullName":"FavoriteButton クリックイベント イベントの伝播を防ぐ","invocations":1,"location":null,"numPassingAsserts":2,"retryReasons":[],"startAt":1757936824563,"status":"passed","title":"イベントの伝播を防ぐ"},{"ancestorTitles":["FavoriteButton","クリックイベント"],"duration":11,"failing":false,"failureDetails":[],"failureMessages":[],"fullName":"FavoriteButton クリックイベント お気に入り状態が切り替わる","invocations":1,"location":null,"numPassingAsserts":3,"retryReasons":[],"startAt":1757936824580,"status":"passed","title":"お気に入り状態が切り替わる"},{"ancestorTitles":["FavoriteButton","アニメーション"],"duration":13,"failing":false,"failureDetails":[],"failureMessages":[],"fullName":"FavoriteButton アニメーション クリック時にアニメーションクラスが追加される","invocations":1,"location":null,"numPassingAsserts":2,"retryReasons":[],"startAt":1757936824591,"status":"passed","title":"クリック時にアニメーションクラスが追加される"},{"ancestorTitles":["FavoriteButton","アニメーション"],"duration":17,"failing":false,"failureDetails":[],"failureMessages":[],"fullName":"FavoriteButton アニメーション 300ms後にアニメーションクラスが削除される","invocations":1,"location":null,"numPassingAsserts":2,"retryReasons":[],"startAt":1757936824604,"status":"passed","title":"300ms後にアニメーションクラスが削除される"},{"ancestorTitles":["FavoriteButton","アニメーション"],"duration":22,"failing":false,"failureDetails":[],"failureMessages":[],"fullName":"FavoriteButton アニメーション 複数回クリックしてもアニメーションが正しく動作する","invocations":1,"location":null,"numPassingAsserts":5,"retryReasons":[],"startAt":1757936824622,"status":"passed","title":"複数回クリックしてもアニメーションが正しく動作する"},{"ancestorTitles":["FavoriteButton","プロパティ"],"duration":17,"failing":false,"failureDetails":[],"failureMessages":[],"fullName":"FavoriteButton プロパティ サイズプロパティが適用される","invocations":1,"location":null,"numPassingAsserts":3,"retryReasons":[],"startAt":1757936824645,"status":"passed","title":"サイズプロパティが適用される"},{"ancestorTitles":["FavoriteButton","プロパティ"],"duration":21,"failing":false,"failureDetails":[],"failureMessages":[],"fullName":"FavoriteButton プロパティ カスタムクラス名が適用される","invocations":1,"location":null,"numPassingAsserts":2,"retryReasons":[],"startAt":1757936824662,"status":"passed","title":"カスタムクラス名が適用される"},{"ancestorTitles":["FavoriteButton","プロパティ"],"duration":10,"failing":false,"failureDetails":[],"failureMessages":[],"fullName":"FavoriteButton プロパティ showTextがtrueの場合、アイコンにマージンが追加される","invocations":1,"location":null,"numPassingAsserts":1,"retryReasons":[],"startAt":1757936824684,"status":"passed","title":"showTextがtrueの場合、アイコンにマージンが追加される"},{"ancestorTitles":["FavoriteButton","プロパティ"],"duration":6,"failing":false,"failureDetails":[],"failureMessages":[],"fullName":"FavoriteButton プロパティ showTextがfalseの場合、アイコンにマージンがない","invocations":1,"location":null,"numPassingAsserts":1,"retryReasons":[],"startAt":1757936824697,"status":"passed","title":"showTextがfalseの場合、アイコンにマージンがない"},{"ancestorTitles":["FavoriteButton","異なるソースIDでの動作"],"duration":30,"failing":false,"failureDetails":[],"failureMessages":[],"fullName":"FavoriteButton 異なるソースIDでの動作 異なるソースIDで正しく動作する","invocations":1,"location":null,"numPassingAsserts":4,"retryReasons":[],"startAt":1757936824704,"status":"passed","title":"異なるソースIDで正しく動作する"},{"ancestorTitles":["FavoriteButton","フックのローディング状態"],"duration":3,"failing":false,"failureDetails":[],"failureMessages":[],"fullName":"FavoriteButton フックのローディング状態 ローディング中でもボタンが表示される","invocations":1,"location":null,"numPassingAsserts":1,"retryReasons":[],"startAt":1757936824735,"status":"passed","title":"ローディング中でもボタンが表示される"},{"ancestorTitles":["FavoriteButton","エッジケース"],"duration":13,"failing":false,"failureDetails":[],"failureMessages":[],"fullName":"FavoriteButton エッジケース 空のソースIDでも動作する","invocations":1,"location":null,"numPassingAsserts":1,"retryReasons":[],"startAt":1757936824739,"status":"passed","title":"空のソースIDでも動作する"},{"ancestorTitles":["FavoriteButton","エッジケース"],"duration":19,"failing":false,"failureDetails":[],"failureMessages":[],"fullName":"FavoriteButton エッジケース 特殊文字を含むソースIDでも動作する","invocations":1,"location":null,"numPassingAsserts":1,"retryReasons":[],"startAt":1757936824752,"status":"passed","title":"特殊文字を含むソースIDでも動作する"},{"ancestorTitles":["FavoriteButton","エッジケース"],"duration":20,"failing":false,"failureDetails":[],"failureMessages":[],"fullName":"FavoriteButton エッジケース 高速連打しても正しく動作する","invocations":1,"location":null,"numPassingAsserts":1,"retryReasons":[],"startAt":1757936824773,"status":"passed","title":"高速連打しても正しく動作する"},{"ancestorTitles":["FavoriteButton","アクセシビリティ"],"duration":3,"failing":false,"failureDetails":[],"failureMessages":[],"fullName":"FavoriteButton アクセシビリティ 適切なボタンロールを持つ","invocations":1,"location":null,"numPassingAsserts":1,"retryReasons":[],"startAt":1757936824794,"status":"passed","title":"適切なボタンロールを持つ"},{"ancestorTitles":["FavoriteButton","アクセシビリティ"],"duration":14,"failing":false,"failureDetails":[],"failureMessages":[],"fullName":"FavoriteButton アクセシビリティ キーボード操作に対応する","invocations":1,"location":null,"numPassingAsserts":3,"retryReasons":[],"startAt":1757936824797,"status":"passed","title":"キーボード操作に対応する"},{"ancestorTitles":["FavoriteButton","アクセシビリティ"],"duration":7,"failing":false,"failureDetails":[],"failureMessages":[],"fullName":"FavoriteButton アクセシビリティ 視覚的フィードバックがある","invocations":1,"location":null,"numPassingAsserts":2,"retryReasons":[],"startAt":1757936824811,"status":"passed","title":"視覚的フィードバックがある"}],"endTime":1757936824819,"message":"","name":"/app/app/components/sources/__tests__/FavoriteButton.test.tsx","startTime":1757936824111,"status":"passed","summary":""},{"assertionResults":[{"ancestorTitles":["TagCloud","基本的なレンダリング"],"duration":154,"failing":false,"failureDetails":[],"failureMessages":[],"fullName":"TagCloud 基本的なレンダリング タグクラウドが正しく表示される","invocations":1,"location":null,"numPassingAsserts":10,"retryReasons":[],"startAt":1757936825006,"status":"passed","title":"タグクラウドが正しく表示される"},{"ancestorTitles":["TagCloud","基本的なレンダリング"],"duration":11,"failing":false,"failureDetails":[],"failureMessages":[],"fullName":"TagCloud 基本的なレンダリング 初期状態でローディングが表示される","invocations":1,"location":null,"numPassingAsserts":1,"retryReasons":[],"startAt":1757936825161,"status":"passed","title":"初期状態でローディングが表示される"},{"ancestorTitles":["TagCloud","基本的なレンダリング"],"duration":50,"failing":false,"failureDetails":[],"failureMessages":[],"fullName":"TagCloud 基本的なレンダリング デフォルトで月間（30d）が選択されている","invocations":1,"location":null,"numPassingAsserts":2,"retryReasons":[],"startAt":1757936825172,"status":"passed","title":"デフォルトで月間（30d）が選択されている"},{"ancestorTitles":["TagCloud","API通信"],"duration":20,"failing":false,"failureDetails":[],"failureMessages":[],"fullName":"TagCloud API通信 正しいパラメータでAPIを呼び出す","invocations":1,"location":null,"numPassingAsserts":2,"retryReasons":[],"startAt":1757936825222,"status":"passed","title":"正しいパラメータでAPIを呼び出す"},{"ancestorTitles":["TagCloud","API通信"],"duration":97,"failing":false,"failureDetails":[],"failureMessages":[],"fullName":"TagCloud API通信 期間を変更するとAPIを再呼び出しする","invocations":1,"location":null,"numPassingAsserts":4,"retryReasons":[],"startAt":1757936825242,"status":"passed","title":"期間を変更するとAPIを再呼び出しする"},{"ancestorTitles":["TagCloud","API通信"],"duration":63,"failing":false,"failureDetails":[],"failureMessages":[],"fullName":"TagCloud API通信 リフレッシュボタンでデータを再取得する","invocations":1,"location":null,"numPassingAsserts":3,"retryReasons":[],"startAt":1757936825339,"status":"passed","title":"リフレッシュボタンでデータを再取得する"},{"ancestorTitles":["TagCloud","エラー処理"],"duration":27,"failing":false,"failureDetails":[],"failureMessages":[],"fullName":"TagCloud エラー処理 APIエラー時にエラーメッセージを表示する","invocations":1,"location":null,"numPassingAsserts":3,"retryReasons":[],"startAt":1757936825402,"status":"passed","title":"APIエラー時にエラーメッセージを表示する"},{"ancestorTitles":["TagCloud","エラー処理"],"duration":15,"failing":false,"failureDetails":[],"failureMessages":[],"fullName":"TagCloud エラー処理 ネットワークエラー時にエラーメッセージを表示する","invocations":1,"location":null,"numPassingAsserts":2,"retryReasons":[],"startAt":1757936825429,"status":"passed","title":"ネットワークエラー時にエラーメッセージを表示する"},{"ancestorTitles":["TagCloud","エラー処理"],"duration":40,"failing":false,"failureDetails":[],"failureMessages":[],"fullName":"TagCloud エラー処理 再試行ボタンでデータを再取得する","invocations":1,"location":null,"numPassingAsserts":3,"retryReasons":[],"startAt":1757936825444,"status":"passed","title":"再試行ボタンでデータを再取得する"},{"ancestorTitles":["TagCloud","タグの表示"],"duration":12,"failing":false,"failureDetails":[],"failureMessages":[],"fullName":"TagCloud タグの表示 タグ数が0の場合にメッセージを表示する","invocations":1,"location":null,"numPassingAsserts":2,"retryReasons":[],"startAt":1757936825484,"status":"passed","title":"タグ数が0の場合にメッセージを表示する"},{"ancestorTitles":["TagCloud","タグの表示"],"duration":18,"failing":false,"failureDetails":[],"failureMessages":[],"fullName":"TagCloud タグの表示 タグのツールチップに件数が表示される","invocations":1,"location":null,"numPassingAsserts":2,"retryReasons":[],"startAt":1757936825497,"status":"passed","title":"タグのツールチップに件数が表示される"},{"ancestorTitles":["TagCloud","タグの表示"],"duration":23,"failing":false,"failureDetails":[],"failureMessages":[],"fullName":"TagCloud タグの表示 トレンドアイコンが表示される（全期間以外）","invocations":1,"location":null,"numPassingAsserts":3,"retryReasons":[],"startAt":1757936825516,"status":"passed","title":"トレンドアイコンが表示される（全期間以外）"},{"ancestorTitles":["TagCloud","タグの表示"],"duration":54,"failing":false,"failureDetails":[],"failureMessages":[],"fullName":"TagCloud タグの表示 全期間選択時はトレンドアイコンが表示されない","invocations":1,"location":null,"numPassingAsserts":3,"retryReasons":[],"startAt":1757936825540,"status":"passed","title":"全期間選択時はトレンドアイコンが表示されない"},{"ancestorTitles":["TagCloud","タグのスタイリング"],"duration":18,"failing":false,"failureDetails":[],"failureMessages":[],"fullName":"TagCloud タグのスタイリング 使用頻度に応じてフォントサイズが変わる","invocations":1,"location":null,"numPassingAsserts":2,"retryReasons":[],"startAt":1757936825594,"status":"passed","title":"使用頻度に応じてフォントサイズが変わる"},{"ancestorTitles":["TagCloud","タグのスタイリング"],"duration":20,"failing":false,"failureDetails":[],"failureMessages":[],"fullName":"TagCloud タグのスタイリング トレンドに応じて色が変わる","invocations":1,"location":null,"numPassingAsserts":3,"retryReasons":[],"startAt":1757936825612,"status":"passed","title":"トレンドに応じて色が変わる"},{"ancestorTitles":["TagCloud","タグクリックイベント"],"duration":32,"failing":false,"failureDetails":[],"failureMessages":[],"fullName":"TagCloud タグクリックイベント タグクリックでデフォルトのナビゲーションが実行される","invocations":1,"location":null,"numPassingAsserts":3,"retryReasons":[],"startAt":1757936825632,"status":"passed","title":"タグクリックでデフォルトのナビゲーションが実行される"},{"ancestorTitles":["TagCloud","タグクリックイベント"],"duration":40,"failing":false,"failureDetails":[],"failureMessages":[],"fullName":"TagCloud タグクリックイベント カスタムonTagClickハンドラーが呼ばれる","invocations":1,"location":null,"numPassingAsserts":4,"retryReasons":[],"startAt":1757936825665,"status":"passed","title":"カスタムonTagClickハンドラーが呼ばれる"},{"ancestorTitles":["TagCloud","凡例"],"duration":16,"failing":false,"failureDetails":[],"failureMessages":[],"fullName":"TagCloud 凡例 トレンド凡例が表示される","invocations":1,"location":null,"numPassingAsserts":5,"retryReasons":[],"startAt":1757936825705,"status":"passed","title":"トレンド凡例が表示される"},{"ancestorTitles":["TagCloud","凡例"],"duration":21,"failing":false,"failureDetails":[],"failureMessages":[],"fullName":"TagCloud 凡例 タグが0の場合は凡例が表示されない","invocations":1,"location":null,"numPassingAsserts":3,"retryReasons":[],"startAt":1757936825721,"status":"passed","title":"タグが0の場合は凡例が表示されない"},{"ancestorTitles":["TagCloud","ローディング状態"],"duration":18,"failing":false,"failureDetails":[],"failureMessages":[],"fullName":"TagCloud ローディング状態 リフレッシュ中はボタンがdisabledになる","invocations":1,"location":null,"numPassingAsserts":2,"retryReasons":[],"startAt":1757936825742,"status":"passed","title":"リフレッシュ中はボタンがdisabledになる"},{"ancestorTitles":["TagCloud","ローディング状態"],"duration":10,"failing":false,"failureDetails":[],"failureMessages":[],"fullName":"TagCloud ローディング状態 リフレッシュ中はアイコンが回転する","invocations":1,"location":null,"numPassingAsserts":2,"retryReasons":[],"startAt":1757936825760,"status":"passed","title":"リフレッシュ中はアイコンが回転する"},{"ancestorTitles":["TagCloud","Props"],"duration":14,"failing":false,"failureDetails":[],"failureMessages":[],"fullName":"TagCloud Props limitプロパティが適用される","invocations":1,"location":null,"numPassingAsserts":2,"retryReasons":[],"startAt":1757936825770,"status":"passed","title":"limitプロパティが適用される"},{"ancestorTitles":["TagCloud","Props"],"duration":25,"failing":false,"failureDetails":[],"failureMessages":[],"fullName":"TagCloud Props 初期periodプロパティが適用される","invocations":1,"location":null,"numPassingAsserts":3,"retryReasons":[],"startAt":1757936825784,"status":"passed","title":"初期periodプロパティが適用される"},{"ancestorTitles":["TagCloud","Props"],"duration":14,"failing":false,"failureDetails":[],"failureMessages":[],"fullName":"TagCloud Props classNameプロパティが適用される","invocations":1,"location":null,"numPassingAsserts":2,"retryReasons":[],"startAt":1757936825809,"status":"passed","title":"classNameプロパティが適用される"}],"endTime":1757936825825,"message":"","name":"/app/app/components/tags/__tests__/TagCloud.test.tsx","startTime":1757936824691,"status":"passed","summary":""},{"assertionResults":[{"ancestorTitles":["SearchBar","基本的なレンダリング"],"duration":43,"failing":false,"failureDetails":[],"failureMessages":[],"fullName":"SearchBar 基本的なレンダリング 検索バーが正しく表示される","invocations":1,"location":null,"numPassingAsserts":2,"retryReasons":[],"startAt":1757936825192,"status":"passed","title":"検索バーが正しく表示される"},{"ancestorTitles":["SearchBar","基本的なレンダリング"],"duration":7,"failing":false,"failureDetails":[],"failureMessages":[],"fullName":"SearchBar 基本的なレンダリング 初期状態で検索ボタンが無効化されている","invocations":1,"location":null,"numPassingAsserts":1,"retryReasons":[],"startAt":1757936825235,"status":"passed","title":"初期状態で検索ボタンが無効化されている"},{"ancestorTitles":["SearchBar","基本的なレンダリング"],"duration":5,"failing":false,"failureDetails":[],"failureMessages":[],"fullName":"SearchBar 基本的なレンダリング URLパラメータから初期値を設定する","invocations":1,"location":null,"numPassingAsserts":1,"retryReasons":[],"startAt":1757936825242,"status":"passed","title":"URLパラメータから初期値を設定する"},{"ancestorTitles":["SearchBar","検索機能"],"duration":106,"failing":false,"failureDetails":[],"failureMessages":[],"fullName":"SearchBar 検索機能 検索クエリを入力して検索を実行する","invocations":1,"location":null,"numPassingAsserts":2,"retryReasons":[],"startAt":1757936825247,"status":"passed","title":"検索クエリを入力して検索を実行する"},{"ancestorTitles":["SearchBar","検索機能"],"duration":68,"failing":false,"failureDetails":[],"failureMessages":[],"fullName":"SearchBar 検索機能 Enterキーで検索を実行する","invocations":1,"location":null,"numPassingAsserts":1,"retryReasons":[],"startAt":1757936825353,"status":"passed","title":"Enterキーで検索を実行する"},{"ancestorTitles":["SearchBar","検索機能"],"duration":40,"failing":false,"failureDetails":[],"failureMessages":[],"fullName":"SearchBar 検索機能 空の検索クエリでは検索を実行しない","invocations":1,"location":null,"numPassingAsserts":2,"retryReasons":[],"startAt":1757936825421,"status":"passed","title":"空の検索クエリでは検索を実行しない"},{"ancestorTitles":["SearchBar","検索履歴機能"],"duration":60,"failing":false,"failureDetails":[],"failureMessages":[],"fullName":"SearchBar 検索履歴機能 検索実行時に履歴を保存する","invocations":1,"location":null,"numPassingAsserts":1,"retryReasons":[],"startAt":1757936825462,"status":"passed","title":"検索実行時に履歴を保存する"},{"ancestorTitles":["SearchBar","検索履歴機能"],"duration":21,"failing":false,"failureDetails":[],"failureMessages":[],"fullName":"SearchBar 検索履歴機能 検索履歴をサジェスチョンとして表示する","invocations":1,"location":null,"numPassingAsserts":3,"retryReasons":[],"startAt":1757936825522,"status":"passed","title":"検索履歴をサジェスチョンとして表示する"},{"ancestorTitles":["SearchBar","検索履歴機能"],"duration":35,"failing":false,"failureDetails":[],"failureMessages":[],"fullName":"SearchBar 検索履歴機能 検索履歴をクリアできる","invocations":1,"location":null,"numPassingAsserts":1,"retryReasons":[],"startAt":1757936825543,"status":"passed","title":"検索履歴をクリアできる"},{"ancestorTitles":["SearchBar","検索履歴機能"],"duration":47,"failing":false,"failureDetails":[],"failureMessages":[],"fullName":"SearchBar 検索履歴機能 履歴から検索を実行できる","invocations":1,"location":null,"numPassingAsserts":1,"retryReasons":[],"startAt":1757936825578,"status":"passed","title":"履歴から検索を実行できる"},{"ancestorTitles":["SearchBar","クリア機能"],"duration":100,"failing":false,"failureDetails":[],"failureMessages":[],"fullName":"SearchBar クリア機能 検索クエリをクリアできる","invocations":1,"location":null,"numPassingAsserts":2,"retryReasons":[],"startAt":1757936825626,"status":"passed","title":"検索クエリをクリアできる"},{"ancestorTitles":["SearchBar","クリア機能"],"duration":27,"failing":false,"failureDetails":[],"failureMessages":[],"fullName":"SearchBar クリア機能 Escapeキーでサジェスチョンを閉じる","invocations":1,"location":null,"numPassingAsserts":2,"retryReasons":[],"startAt":1757936825726,"status":"passed","title":"Escapeキーでサジェスチョンを閉じる"},{"ancestorTitles":["SearchBar","キーボードショートカット"],"duration":12,"failing":false,"failureDetails":[],"failureMessages":[],"fullName":"SearchBar キーボードショートカット Cmd+K (Mac) でフォーカスする","invocations":1,"location":null,"numPassingAsserts":1,"retryReasons":[],"startAt":1757936825753,"status":"passed","title":"Cmd+K (Mac) でフォーカスする"},{"ancestorTitles":["SearchBar","キーボードショートカット"],"duration":12,"failing":false,"failureDetails":[],"failureMessages":[],"fullName":"SearchBar キーボードショートカット Ctrl+K (Windows/Linux) でフォーカスする","invocations":1,"location":null,"numPassingAsserts":1,"retryReasons":[],"startAt":1757936825765,"status":"passed","title":"Ctrl+K (Windows/Linux) でフォーカスする"},{"ancestorTitles":["SearchBar","サジェスチョンの表示制御"],"duration":25,"failing":false,"failureDetails":[],"failureMessages":[],"fullName":"SearchBar サジェスチョンの表示制御 外部クリックでサジェスチョンを閉じる","invocations":1,"location":null,"numPassingAsserts":2,"retryReasons":[],"startAt":1757936825777,"status":"passed","title":"外部クリックでサジェスチョンを閉じる"},{"ancestorTitles":["SearchBar","サジェスチョンの表示制御"],"duration":53,"failing":false,"failureDetails":[],"failureMessages":[],"fullName":"SearchBar サジェスチョンの表示制御 検索クエリに基づいてサジェスチョンをフィルタリングする","invocations":1,"location":null,"numPassingAsserts":3,"retryReasons":[],"startAt":1757936825802,"status":"passed","title":"検索クエリに基づいてサジェスチョンをフィルタリングする"},{"ancestorTitles":["SearchBar","ローディング状態"],"duration":45,"failing":false,"failureDetails":[],"failureMessages":[],"fullName":"SearchBar ローディング状態 検索実行中にローディング状態を表示する","invocations":1,"location":null,"numPassingAsserts":3,"retryReasons":[],"startAt":1757936825855,"status":"passed","title":"検索実行中にローディング状態を表示する"},{"ancestorTitles":["SearchBar","エッジケース"],"duration":17,"failing":false,"failureDetails":[],"failureMessages":[],"fullName":"SearchBar エッジケース 無効なJSON履歴を適切に処理する","invocations":1,"location":null,"numPassingAsserts":1,"retryReasons":[],"startAt":1757936825900,"status":"passed","title":"無効なJSON履歴を適切に処理する"},{"ancestorTitles":["SearchBar","エッジケース"],"duration":59,"failing":false,"failureDetails":[],"failureMessages":[],"fullName":"SearchBar エッジケース 履歴の最大件数（10件）を超えない","invocations":1,"location":null,"numPassingAsserts":2,"retryReasons":[],"startAt":1757936825917,"status":"passed","title":"履歴の最大件数（10件）を超えない"},{"ancestorTitles":["SearchBar","エッジケース"],"duration":46,"failing":false,"failureDetails":[],"failureMessages":[],"fullName":"SearchBar エッジケース 重複する履歴を削除する","invocations":1,"location":null,"numPassingAsserts":2,"retryReasons":[],"startAt":1757936825976,"status":"passed","title":"重複する履歴を削除する"}],"endTime":1757936826023,"message":"","name":"/app/app/components/search/__tests__/SearchBar.test.tsx","startTime":1757936824827,"status":"passed","summary":""},{"assertionResults":[{"ancestorTitles":["Header","基本的なレンダリング"],"duration":32,"failing":false,"failureDetails":[],"failureMessages":[],"fullName":"Header 基本的なレンダリング ヘッダーが正しく表示される","invocations":1,"location":null,"numPassingAsserts":4,"retryReasons":[],"startAt":1757936826302,"status":"passed","title":"ヘッダーが正しく表示される"},{"ancestorTitles":["Header","基本的なレンダリング"],"duration":10,"failing":false,"failureDetails":[],"failureMessages":[],"fullName":"Header 基本的なレンダリング デスクトップナビゲーションが表示される","invocations":1,"location":null,"numPassingAsserts":7,"retryReasons":[],"startAt":1757936826334,"status":"passed","title":"デスクトップナビゲーションが表示される"},{"ancestorTitles":["Header","基本的なレンダリング"],"duration":16,"failing":false,"failureDetails":[],"failureMessages":[],"fullName":"Header 基本的なレンダリング モバイルメニューボタンが表示される","invocations":1,"location":null,"numPassingAsserts":1,"retryReasons":[],"startAt":1757936826344,"status":"passed","title":"モバイルメニューボタンが表示される"},{"ancestorTitles":["Header","アクティブ状態の表示"],"duration":7,"failing":false,"failureDetails":[],"failureMessages":[],"fullName":"Header アクティブ状態の表示 現在のページがアクティブ状態で表示される","invocations":1,"location":null,"numPassingAsserts":2,"retryReasons":[],"startAt":1757936826360,"status":"passed","title":"現在のページがアクティブ状態で表示される"},{"ancestorTitles":["Header","アクティブ状態の表示"],"duration":7,"failing":false,"failureDetails":[],"failureMessages":[],"fullName":"Header アクティブ状態の表示 非アクティブなリンクは通常のスタイルで表示される","invocations":1,"location":null,"numPassingAsserts":2,"retryReasons":[],"startAt":1757936826367,"status":"passed","title":"非アクティブなリンクは通常のスタイルで表示される"},{"ancestorTitles":["Header","モバイルナビゲーション"],"duration":48,"failing":false,"failureDetails":[],"failureMessages":[],"fullName":"Header モバイルナビゲーション モバイルメニューを開閉できる","invocations":1,"location":null,"numPassingAsserts":5,"retryReasons":[],"startAt":1757936826374,"status":"passed","title":"モバイルメニューを開閉できる"},{"ancestorTitles":["Header","モバイルナビゲーション"],"duration":25,"failing":false,"failureDetails":[],"failureMessages":[],"fullName":"Header モバイルナビゲーション モバイルメニューにセカンダリナビゲーションが含まれる","invocations":1,"location":null,"numPassingAsserts":5,"retryReasons":[],"startAt":1757936826422,"status":"passed","title":"モバイルメニューにセカンダリナビゲーションが含まれる"},{"ancestorTitles":["Header","モバイルナビゲーション"],"duration":49,"failing":false,"failureDetails":[],"failureMessages":[],"fullName":"Header モバイルナビゲーション モバイルナビのリンククリックでメニューが閉じる","invocations":1,"location":null,"numPassingAsserts":2,"retryReasons":[],"startAt":1757936826447,"status":"passed","title":"モバイルナビのリンククリックでメニューが閉じる"},{"ancestorTitles":["Header","モバイルナビゲーション"],"duration":24,"failing":false,"failureDetails":[],"failureMessages":[],"fullName":"Header モバイルナビゲーション モバイルナビでもアクティブ状態が表示される","invocations":1,"location":null,"numPassingAsserts":2,"retryReasons":[],"startAt":1757936826496,"status":"passed","title":"モバイルナビでもアクティブ状態が表示される"},{"ancestorTitles":["Header","メニューアイコンの切り替え"],"duration":37,"failing":false,"failureDetails":[],"failureMessages":[],"fullName":"Header メニューアイコンの切り替え 開いている時はXアイコンが表示される","invocations":1,"location":null,"numPassingAsserts":2,"retryReasons":[],"startAt":1757936826520,"status":"passed","title":"開いている時はXアイコンが表示される"},{"ancestorTitles":["Header","リンクのhref属性"],"duration":7,"failing":false,"failureDetails":[],"failureMessages":[],"fullName":"Header リンクのhref属性 正しいhref属性が設定されている","invocations":1,"location":null,"numPassingAsserts":6,"retryReasons":[],"startAt":1757936826557,"status":"passed","title":"正しいhref属性が設定されている"},{"ancestorTitles":["Header","レスポンシブ表示"],"duration":12,"failing":false,"failureDetails":[],"failureMessages":[],"fullName":"Header レスポンシブ表示 デスクトップナビはmd以上で表示される","invocations":1,"location":null,"numPassingAsserts":1,"retryReasons":[],"startAt":1757936826564,"status":"passed","title":"デスクトップナビはmd以上で表示される"},{"ancestorTitles":["Header","レスポンシブ表示"],"duration":9,"failing":false,"failureDetails":[],"failureMessages":[],"fullName":"Header レスポンシブ表示 モバイルメニューボタンはmd未満で表示される","invocations":1,"location":null,"numPassingAsserts":1,"retryReasons":[],"startAt":1757936826576,"status":"passed","title":"モバイルメニューボタンはmd未満で表示される"},{"ancestorTitles":["Header","レスポンシブ表示"],"duration":26,"failing":false,"failureDetails":[],"failureMessages":[],"fullName":"Header レスポンシブ表示 モバイルナビはmd未満でのみ表示される","invocations":1,"location":null,"numPassingAsserts":1,"retryReasons":[],"startAt":1757936826585,"status":"passed","title":"モバイルナビはmd未満でのみ表示される"},{"ancestorTitles":["Header","スティッキーヘッダー"],"duration":6,"failing":false,"failureDetails":[],"failureMessages":[],"fullName":"Header スティッキーヘッダー スティッキー位置が設定されている","invocations":1,"location":null,"numPassingAsserts":1,"retryReasons":[],"startAt":1757936826611,"status":"passed","title":"スティッキー位置が設定されている"},{"ancestorTitles":["Header","スティッキーヘッダー"],"duration":6,"failing":false,"failureDetails":[],"failureMessages":[],"fullName":"Header スティッキーヘッダー 背景ぼかし効果が適用されている","invocations":1,"location":null,"numPassingAsserts":1,"retryReasons":[],"startAt":1757936826618,"status":"passed","title":"背景ぼかし効果が適用されている"},{"ancestorTitles":["Header","アクセシビリティ"],"duration":8,"failing":false,"failureDetails":[],"failureMessages":[],"fullName":"Header アクセシビリティ aria-current属性が正しく設定される","invocations":1,"location":null,"numPassingAsserts":2,"retryReasons":[],"startAt":1757936826624,"status":"passed","title":"aria-current属性が正しく設定される"},{"ancestorTitles":["Header","アクセシビリティ"],"duration":7,"failing":false,"failureDetails":[],"failureMessages":[],"fullName":"Header アクセシビリティ フォーカス可能な要素にフォーカススタイルがある","invocations":1,"location":null,"numPassingAsserts":1,"retryReasons":[],"startAt":1757936826632,"status":"passed","title":"フォーカス可能な要素にフォーカススタイルがある"},{"ancestorTitles":["Header","ホバー効果"],"duration":6,"failing":false,"failureDetails":[],"failureMessages":[],"fullName":"Header ホバー効果 非アクティブリンクにホバー効果がある","invocations":1,"location":null,"numPassingAsserts":1,"retryReasons":[],"startAt":1757936826639,"status":"passed","title":"非アクティブリンクにホバー効果がある"},{"ancestorTitles":["Header","ホバー効果"],"duration":31,"failing":false,"failureDetails":[],"failureMessages":[],"fullName":"Header ホバー効果 モバイルナビのリンクにホバー効果がある","invocations":1,"location":null,"numPassingAsserts":1,"retryReasons":[],"startAt":1757936826646,"status":"passed","title":"モバイルナビのリンクにホバー効果がある"}],"endTime":1757936826679,"message":"","name":"/app/app/components/layout/__tests__/header.test.tsx","startTime":1757936826029,"status":"passed","summary":""},{"assertionResults":[{"ancestorTitles":["SignupForm","Rendering"],"duration":50,"failing":false,"failureDetails":[],"failureMessages":[],"fullName":"SignupForm Rendering renders all input fields correctly","invocations":1,"location":null,"numPassingAsserts":5,"retryReasons":[],"startAt":1757936826101,"status":"passed","title":"renders all input fields correctly"},{"ancestorTitles":["SignupForm","Rendering"],"duration":11,"failing":false,"failureDetails":[],"failureMessages":[],"fullName":"SignupForm Rendering displays correct placeholders","invocations":1,"location":null,"numPassingAsserts":3,"retryReasons":[],"startAt":1757936826151,"status":"passed","title":"displays correct placeholders"},{"ancestorTitles":["SignupForm","Validation"],"duration":52,"failing":false,"failureDetails":[],"failureMessages":[],"fullName":"SignupForm Validation shows error when name is empty","invocations":1,"location":null,"numPassingAsserts":1,"retryReasons":[],"startAt":1757936826162,"status":"passed","title":"shows error when name is empty"},{"ancestorTitles":["SignupForm","Validation"],"duration":49,"failing":false,"failureDetails":[],"failureMessages":[],"fullName":"SignupForm Validation shows error when name is less than 2 characters","invocations":1,"location":null,"numPassingAsserts":1,"retryReasons":[],"startAt":1757936826215,"status":"passed","title":"shows error when name is less than 2 characters"},{"ancestorTitles":["SignupForm","Validation"],"duration":null,"failing":false,"failureDetails":[],"failureMessages":[],"fullName":"SignupForm Validation shows error for invalid email format","invocations":1,"location":null,"numPassingAsserts":0,"retryReasons":[],"startAt":1757936826264,"status":"pending","title":"shows error for invalid email format"},{"ancestorTitles":["SignupForm","Validation"],"duration":121,"failing":false,"failureDetails":[],"failureMessages":[],"fullName":"SignupForm Validation shows error when password is less than 8 characters","invocations":1,"location":null,"numPassingAsserts":1,"retryReasons":[],"startAt":1757936826264,"status":"passed","title":"shows error when password is less than 8 characters"},{"ancestorTitles":["SignupForm","Validation"],"duration":131,"failing":false,"failureDetails":[],"failureMessages":[],"fullName":"SignupForm Validation shows error when password does not meet complexity requirements","invocations":1,"location":null,"numPassingAsserts":1,"retryReasons":[],"startAt":1757936826385,"status":"passed","title":"shows error when password does not meet complexity requirements"},{"ancestorTitles":["SignupForm","Validation"],"duration":155,"failing":false,"failureDetails":[],"failureMessages":[],"fullName":"SignupForm Validation shows error when passwords do not match","invocations":1,"location":null,"numPassingAsserts":1,"retryReasons":[],"startAt":1757936826516,"status":"passed","title":"shows error when passwords do not match"},{"ancestorTitles":["SignupForm","Registration"],"duration":168,"failing":false,"failureDetails":[],"failureMessages":[],"fullName":"SignupForm Registration successfully registers and logs in user","invocations":1,"location":null,"numPassingAsserts":4,"retryReasons":[],"startAt":1757936826671,"status":"passed","title":"successfully registers and logs in user"},{"ancestorTitles":["SignupForm","Registration"],"duration":189,"failing":false,"failureDetails":[],"failureMessages":[],"fullName":"SignupForm Registration displays error when email already exists","invocations":1,"location":null,"numPassingAsserts":1,"retryReasons":[],"startAt":1757936826839,"status":"passed","title":"displays error when email already exists"},{"ancestorTitles":["SignupForm","Registration"],"duration":160,"failing":false,"failureDetails":[],"failureMessages":[],"fullName":"SignupForm Registration handles network error gracefully","invocations":1,"location":null,"numPassingAsserts":1,"retryReasons":[],"startAt":1757936827028,"status":"passed","title":"handles network error gracefully"},{"ancestorTitles":["SignupForm","Loading State"],"duration":170,"failing":false,"failureDetails":[],"failureMessages":[],"fullName":"SignupForm Loading State shows loading state and disables inputs during submission","invocations":1,"location":null,"numPassingAsserts":7,"retryReasons":[],"startAt":1757936827188,"status":"passed","title":"shows loading state and disables inputs during submission"}],"endTime":1757936827359,"message":"","name":"/app/__tests__/components/auth/SignupForm.test.tsx","startTime":1757936825832,"status":"focused","summary":""},{"assertionResults":[{"ancestorTitles":["LoginForm","Rendering"],"duration":36,"failing":false,"failureDetails":[],"failureMessages":[],"fullName":"LoginForm Rendering renders email and password input fields","invocations":1,"location":null,"numPassingAsserts":3,"retryReasons":[],"startAt":1757936826957,"status":"passed","title":"renders email and password input fields"},{"ancestorTitles":["LoginForm","Rendering"],"duration":8,"failing":false,"failureDetails":[],"failureMessages":[],"fullName":"LoginForm Rendering renders with custom callbackUrl","invocations":1,"location":null,"numPassingAsserts":1,"retryReasons":[],"startAt":1757936826993,"status":"passed","title":"renders with custom callbackUrl"},{"ancestorTitles":["LoginForm","Rendering"],"duration":4,"failing":false,"failureDetails":[],"failureMessages":[],"fullName":"LoginForm Rendering displays placeholders correctly","invocations":1,"location":null,"numPassingAsserts":2,"retryReasons":[],"startAt":1757936827001,"status":"passed","title":"displays placeholders correctly"},{"ancestorTitles":["LoginForm","Validation"],"duration":37,"failing":false,"failureDetails":[],"failureMessages":[],"fullName":"LoginForm Validation shows error when email is empty","invocations":1,"location":null,"numPassingAsserts":1,"retryReasons":[],"startAt":1757936827005,"status":"passed","title":"shows error when email is empty"},{"ancestorTitles":["LoginForm","Validation"],"duration":null,"failing":false,"failureDetails":[],"failureMessages":[],"fullName":"LoginForm Validation shows error for invalid email format","invocations":1,"location":null,"numPassingAsserts":0,"retryReasons":[],"startAt":1757936827042,"status":"pending","title":"shows error for invalid email format"},{"ancestorTitles":["LoginForm","Validation"],"duration":67,"failing":false,"failureDetails":[],"failureMessages":[],"fullName":"LoginForm Validation shows error when password is empty","invocations":1,"location":null,"numPassingAsserts":1,"retryReasons":[],"startAt":1757936827042,"status":"passed","title":"shows error when password is empty"},{"ancestorTitles":["LoginForm","Validation"],"duration":82,"failing":false,"failureDetails":[],"failureMessages":[],"fullName":"LoginForm Validation shows error when password is less than 6 characters","invocations":1,"location":null,"numPassingAsserts":1,"retryReasons":[],"startAt":1757936827109,"status":"passed","title":"shows error when password is less than 6 characters"},{"ancestorTitles":["LoginForm","Authentication"],"duration":91,"failing":false,"failureDetails":[],"failureMessages":[],"fullName":"LoginForm Authentication successfully logs in with valid credentials","invocations":1,"location":null,"numPassingAsserts":3,"retryReasons":[],"startAt":1757936827191,"status":"passed","title":"successfully logs in with valid credentials"},{"ancestorTitles":["LoginForm","Authentication"],"duration":93,"failing":false,"failureDetails":[],"failureMessages":[],"fullName":"LoginForm Authentication displays error message for invalid credentials","invocations":1,"location":null,"numPassingAsserts":1,"retryReasons":[],"startAt":1757936827283,"status":"passed","title":"displays error message for invalid credentials"},{"ancestorTitles":["LoginForm","Authentication"],"duration":89,"failing":false,"failureDetails":[],"failureMessages":[],"fullName":"LoginForm Authentication handles network error gracefully","invocations":1,"location":null,"numPassingAsserts":1,"retryReasons":[],"startAt":1757936827376,"status":"passed","title":"handles network error gracefully"},{"ancestorTitles":["LoginForm","Loading State"],"duration":95,"failing":false,"failureDetails":[],"failureMessages":[],"fullName":"LoginForm Loading State shows loading state during submission","invocations":1,"location":null,"numPassingAsserts":3,"retryReasons":[],"startAt":1757936827466,"status":"passed","title":"shows loading state during submission"},{"ancestorTitles":["LoginForm","Loading State"],"duration":94,"failing":false,"failureDetails":[],"failureMessages":[],"fullName":"LoginForm Loading State disables inputs during submission","invocations":1,"location":null,"numPassingAsserts":4,"retryReasons":[],"startAt":1757936827561,"status":"passed","title":"disables inputs during submission"},{"ancestorTitles":["LoginForm","Custom Callback URL"],"duration":87,"failing":false,"failureDetails":[],"failureMessages":[],"fullName":"LoginForm Custom Callback URL redirects to custom callbackUrl after successful login","invocations":1,"location":null,"numPassingAsserts":2,"retryReasons":[],"startAt":1757936827655,"status":"passed","title":"redirects to custom callbackUrl after successful login"}],"endTime":1757936827744,"message":"","name":"/app/__tests__/components/auth/LoginForm.test.tsx","startTime":1757936826687,"status":"focused","summary":""},{"assertionResults":[{"ancestorTitles":["ArticleList","Rendering"],"duration":14,"failing":false,"failureDetails":[],"failureMessages":[],"fullName":"ArticleList Rendering renders articles in card view by default","invocations":1,"location":null,"numPassingAsserts":6,"retryReasons":[],"startAt":1757936827698,"status":"passed","title":"renders articles in card view by default"},{"ancestorTitles":["ArticleList","Rendering"],"duration":3,"failing":false,"failureDetails":[],"failureMessages":[],"fullName":"ArticleList Rendering renders articles in list view when viewMode is list","invocations":1,"location":null,"numPassingAsserts":4,"retryReasons":[],"startAt":1757936827712,"status":"passed","title":"renders articles in list view when viewMode is list"},{"ancestorTitles":["ArticleList","Rendering"],"duration":1,"failing":false,"failureDetails":[],"failureMessages":[],"fullName":"ArticleList Rendering renders empty state when no articles","invocations":1,"location":null,"numPassingAsserts":2,"retryReasons":[],"startAt":1757936827715,"status":"passed","title":"renders empty state when no articles"},{"ancestorTitles":["ArticleList","Interactions"],"duration":17,"failing":false,"failureDetails":[],"failureMessages":[],"fullName":"ArticleList Interactions handles article click events in card view","invocations":1,"location":null,"numPassingAsserts":1,"retryReasons":[],"startAt":1757936827717,"status":"passed","title":"handles article click events in card view"},{"ancestorTitles":["ArticleList","Interactions"],"duration":11,"failing":false,"failureDetails":[],"failureMessages":[],"fullName":"ArticleList Interactions handles article click events in list view","invocations":1,"location":null,"numPassingAsserts":1,"retryReasons":[],"startAt":1757936827734,"status":"passed","title":"handles article click events in list view"},{"ancestorTitles":["ArticleList","Read Status"],"duration":3,"failing":false,"failureDetails":[],"failureMessages":[],"fullName":"ArticleList Read Status shows correct read status for authenticated users","invocations":1,"location":null,"numPassingAsserts":1,"retryReasons":[],"startAt":1757936827745,"status":"passed","title":"shows correct read status for authenticated users"},{"ancestorTitles":["ArticleList","Read Status"],"duration":2,"failing":false,"failureDetails":[],"failureMessages":[],"fullName":"ArticleList Read Status treats all articles as read for unauthenticated users","invocations":1,"location":null,"numPassingAsserts":1,"retryReasons":[],"startAt":1757936827748,"status":"passed","title":"treats all articles as read for unauthenticated users"},{"ancestorTitles":["ArticleList","Read Status"],"duration":3,"failing":false,"failureDetails":[],"failureMessages":[],"fullName":"ArticleList Read Status shows loading state correctly","invocations":1,"location":null,"numPassingAsserts":1,"retryReasons":[],"startAt":1757936827750,"status":"passed","title":"shows loading state correctly"},{"ancestorTitles":["ArticleList","Read Status"],"duration":null,"failing":false,"failureDetails":[],"failureMessages":[],"fullName":"ArticleList Read Status refetches read status on custom event","invocations":1,"location":null,"numPassingAsserts":0,"retryReasons":[],"startAt":1757936827753,"status":"pending","title":"refetches read status on custom event"},{"ancestorTitles":["ArticleList","Event Handling"],"duration":3,"failing":false,"failureDetails":[],"failureMessages":[],"fullName":"ArticleList Event Handling adds event listener on mount","invocations":1,"location":null,"numPassingAsserts":1,"retryReasons":[],"startAt":1757936827753,"status":"passed","title":"adds event listener on mount"},{"ancestorTitles":["ArticleList","Event Handling"],"duration":3,"failing":false,"failureDetails":[],"failureMessages":[],"fullName":"ArticleList Event Handling removes event listener on unmount","invocations":1,"location":null,"numPassingAsserts":1,"retryReasons":[],"startAt":1757936827756,"status":"passed","title":"removes event listener on unmount"},{"ancestorTitles":["ArticleList","Grid Layout"],"duration":3,"failing":false,"failureDetails":[],"failureMessages":[],"fullName":"ArticleList Grid Layout applies correct grid classes for card view","invocations":1,"location":null,"numPassingAsserts":6,"retryReasons":[],"startAt":1757936827759,"status":"passed","title":"applies correct grid classes for card view"},{"ancestorTitles":["ArticleList","Grid Layout"],"duration":3,"failing":false,"failureDetails":[],"failureMessages":[],"fullName":"ArticleList Grid Layout applies correct spacing classes for list view","invocations":1,"location":null,"numPassingAsserts":1,"retryReasons":[],"startAt":1757936827762,"status":"passed","title":"applies correct spacing classes for list view"}],"endTime":1757936827767,"message":"","name":"/app/__tests__/components/ArticleList.test.tsx","startTime":1757936827365,"status":"focused","summary":""},{"assertionResults":[{"ancestorTitles":["CriticalStyles"],"duration":11,"failing":false,"failureDetails":[],"failureMessages":[],"fullName":"CriticalStyles renders critical CSS without dangerouslySetInnerHTML","invocations":1,"location":null,"numPassingAsserts":5,"retryReasons":[],"startAt":1757936827950,"status":"passed","title":"renders critical CSS without dangerouslySetInnerHTML"},{"ancestorTitles":["CriticalStyles"],"duration":1,"failing":false,"failureDetails":[],"failureMessages":[],"fullName":"CriticalStyles includes no-transition styles","invocations":1,"location":null,"numPassingAsserts":2,"retryReasons":[],"startAt":1757936827962,"status":"passed","title":"includes no-transition styles"},{"ancestorTitles":["CriticalStyles"],"duration":1,"failing":false,"failureDetails":[],"failureMessages":[],"fullName":"CriticalStyles includes body styles","invocations":1,"location":null,"numPassingAsserts":2,"retryReasons":[],"startAt":1757936827964,"status":"passed","title":"includes body styles"},{"ancestorTitles":["ThemeInitializer"],"duration":11,"failing":false,"failureDetails":[],"failureMessages":[],"fullName":"ThemeInitializer renders theme config script","invocations":1,"location":null,"numPassingAsserts":2,"retryReasons":[],"startAt":1757936827965,"status":"passed","title":"renders theme config script"},{"ancestorTitles":["ThemeInitializer"],"duration":5,"failing":false,"failureDetails":[],"failureMessages":[],"fullName":"ThemeInitializer initializes theme from cookie","invocations":1,"location":null,"numPassingAsserts":1,"retryReasons":[],"startAt":1757936827976,"status":"passed","title":"initializes theme from cookie"},{"ancestorTitles":["ThemeInitializer"],"duration":3,"failing":false,"failureDetails":[],"failureMessages":[],"fullName":"ThemeInitializer falls back to localStorage when no cookie","invocations":1,"location":null,"numPassingAsserts":1,"retryReasons":[],"startAt":1757936827981,"status":"passed","title":"falls back to localStorage when no cookie"},{"ancestorTitles":["ThemeInitializer"],"duration":4,"failing":false,"failureDetails":[],"failureMessages":[],"fullName":"ThemeInitializer uses system theme when no preference","invocations":1,"location":null,"numPassingAsserts":1,"retryReasons":[],"startAt":1757936827984,"status":"passed","title":"uses system theme when no preference"},{"ancestorTitles":["ThemeInitializer"],"duration":3,"failing":false,"failureDetails":[],"failureMessages":[],"fullName":"ThemeInitializer handles theme initialization errors gracefully","invocations":1,"location":null,"numPassingAsserts":1,"retryReasons":[],"startAt":1757936827988,"status":"passed","title":"handles theme initialization errors gracefully"},{"ancestorTitles":["NoScriptStyles"],"duration":1,"failing":false,"failureDetails":[],"failureMessages":[],"fullName":"NoScriptStyles renders noscript element","invocations":1,"location":null,"numPassingAsserts":1,"retryReasons":[],"startAt":1757936827992,"status":"passed","title":"renders noscript element"},{"ancestorTitles":["NoScriptStyles"],"duration":3,"failing":false,"failureDetails":[],"failureMessages":[],"fullName":"NoScriptStyles is present for JS-disabled users (content not parsed in jsdom)","invocations":1,"location":null,"numPassingAsserts":1,"retryReasons":[],"startAt":1757936827993,"status":"passed","title":"is present for JS-disabled users (content not parsed in jsdom)"},{"ancestorTitles":["Integration"],"duration":3,"failing":false,"failureDetails":[],"failureMessages":[],"fullName":"Integration all components work together without conflicts","invocations":1,"location":null,"numPassingAsserts":3,"retryReasons":[],"startAt":1757936827996,"status":"passed","title":"all components work together without conflicts"}],"endTime":1757936828001,"message":"","name":"/app/__tests__/components/critical-styles.test.tsx","startTime":1757936827781,"status":"passed","summary":""},{"assertionResults":[{"ancestorTitles":["Header"],"duration":42,"failing":false,"failureDetails":[],"failureMessages":[],"fullName":"Header renders the header with logo and navigation","invocations":1,"location":null,"numPassingAsserts":2,"retryReasons":[],"startAt":1757936828000,"status":"passed","title":"renders the header with logo and navigation"},{"ancestorTitles":["Header"],"duration":9,"failing":false,"failureDetails":[],"failureMessages":[],"fullName":"Header shows different navigation items for authenticated users","invocations":1,"location":null,"numPassingAsserts":1,"retryReasons":[],"startAt":1757936828042,"status":"passed","title":"shows different navigation items for authenticated users"},{"ancestorTitles":["Header"],"duration":14,"failing":false,"failureDetails":[],"failureMessages":[],"fullName":"Header handles mobile menu toggle","invocations":1,"location":null,"numPassingAsserts":0,"retryReasons":[],"startAt":1757936828051,"status":"passed","title":"handles mobile menu toggle"},{"ancestorTitles":["Header"],"duration":9,"failing":false,"failureDetails":[],"failureMessages":[],"fullName":"Header navigates to home when logo is clicked","invocations":1,"location":null,"numPassingAsserts":1,"retryReasons":[],"startAt":1757936828065,"status":"passed","title":"navigates to home when logo is clicked"},{"ancestorTitles":["Header"],"duration":19,"failing":false,"failureDetails":[],"failureMessages":[],"fullName":"Header shows search button or search bar","invocations":1,"location":null,"numPassingAsserts":0,"retryReasons":[],"startAt":1757936828074,"status":"passed","title":"shows search button or search bar"},{"ancestorTitles":["Header"],"duration":17,"failing":false,"failureDetails":[],"failureMessages":[],"fullName":"Header shows correct navigation items","invocations":1,"location":null,"numPassingAsserts":2,"retryReasons":[],"startAt":1757936828093,"status":"passed","title":"shows correct navigation items"},{"ancestorTitles":["Header"],"duration":9,"failing":false,"failureDetails":[],"failureMessages":[],"fullName":"Header renders sticky header when scrolling","invocations":1,"location":null,"numPassingAsserts":1,"retryReasons":[],"startAt":1757936828110,"status":"passed","title":"renders sticky header when scrolling"},{"ancestorTitles":["Header"],"duration":12,"failing":false,"failureDetails":[],"failureMessages":[],"fullName":"Header shows notification icon for authenticated users","invocations":1,"location":null,"numPassingAsserts":0,"retryReasons":[],"startAt":1757936828119,"status":"passed","title":"shows notification icon for authenticated users"},{"ancestorTitles":["Header"],"duration":10,"failing":false,"failureDetails":[],"failureMessages":[],"fullName":"Header applies correct styles for dark mode","invocations":1,"location":null,"numPassingAsserts":1,"retryReasons":[],"startAt":1757936828131,"status":"passed","title":"applies correct styles for dark mode"},{"ancestorTitles":["Header"],"duration":28,"failing":false,"failureDetails":[],"failureMessages":[],"fullName":"Header handles keyboard navigation","invocations":1,"location":null,"numPassingAsserts":1,"retryReasons":[],"startAt":1757936828141,"status":"passed","title":"handles keyboard navigation"}],"endTime":1757936828170,"message":"","name":"/app/__tests__/components/Header.test.tsx","startTime":1757936827753,"status":"passed","summary":""},{"assertionResults":[{"ancestorTitles":["ShareButton"],"duration":27,"failing":false,"failureDetails":[],"failureMessages":[],"fullName":"ShareButton 共有ボタンが正しくレンダリングされる","invocations":1,"location":null,"numPassingAsserts":1,"retryReasons":[],"startAt":1757936828231,"status":"passed","title":"共有ボタンが正しくレンダリングされる"},{"ancestorTitles":["ShareButton"],"duration":26,"failing":false,"failureDetails":[],"failureMessages":[],"fullName":"ShareButton Twitter共有が正しいURLで開く","invocations":1,"location":null,"numPassingAsserts":4,"retryReasons":[],"startAt":1757936828258,"status":"passed","title":"Twitter共有が正しいURLで開く"},{"ancestorTitles":["ShareButton"],"duration":12,"failing":false,"failureDetails":[],"failureMessages":[],"fullName":"ShareButton はてなブックマーク共有が正しいURLで開く","invocations":1,"location":null,"numPassingAsserts":3,"retryReasons":[],"startAt":1757936828284,"status":"passed","title":"はてなブックマーク共有が正しいURLで開く"},{"ancestorTitles":["ShareButton"],"duration":13,"failing":false,"failureDetails":[],"failureMessages":[],"fullName":"ShareButton 特殊文字を含むタイトルとURLが正しくエンコードされる","invocations":1,"location":null,"numPassingAsserts":2,"retryReasons":[],"startAt":1757936828296,"status":"passed","title":"特殊文字を含むタイトルとURLが正しくエンコードされる"},{"ancestorTitles":["ShareButton"],"duration":13,"failing":false,"failureDetails":[],"failureMessages":[],"fullName":"ShareButton stopPropagationが正しく動作する","invocations":1,"location":null,"numPassingAsserts":1,"retryReasons":[],"startAt":1757936828310,"status":"passed","title":"stopPropagationが正しく動作する"}],"endTime":1757936828324,"message":"","name":"/app/__tests__/unit/components/share-button.test.tsx","startTime":1757936828009,"status":"passed","summary":""}],"wasInterrupted":false}
