{"numFailedTestSuites":2,"numFailedTests":3,"numPassedTestSuites":1,"numPassedTests":50,"numPendingTestSuites":0,"numPendingTests":3,"numRuntimeErrorTestSuites":0,"numTodoTests":0,"numTotalTestSuites":3,"numTotalTests":56,"openHandles":[],"snapshot":{"added":0,"didUpdate":false,"failure":false,"filesAdded":0,"filesRemoved":0,"filesRemovedList":[],"filesUnmatched":0,"filesUpdated":0,"matched":0,"total":0,"unchecked":0,"uncheckedKeysByFile":[],"unmatched":0,"updated":0},"startTime":1757936671068,"success":false,"testResults":[{"assertionResults":[{"ancestorTitles":["ArticleList","基本的なレンダリング"],"duration":23,"failing":false,"failureDetails":[],"failureMessages":[],"fullName":"ArticleList 基本的なレンダリング カードビューで記事リストを表示する","invocations":1,"location":null,"numPassingAsserts":5,"retryReasons":[],"startAt":1757936672410,"status":"passed","title":"カードビューで記事リストを表示する"},{"ancestorTitles":["ArticleList","基本的なレンダリング"],"duration":4,"failing":false,"failureDetails":[],"failureMessages":[],"fullName":"ArticleList 基本的なレンダリング リストビューで記事リストを表示する","invocations":1,"location":null,"numPassingAsserts":5,"retryReasons":[],"startAt":1757936672434,"status":"passed","title":"リストビューで記事リストを表示する"},{"ancestorTitles":["ArticleList","基本的なレンダリング"],"duration":4,"failing":false,"failureDetails":[],"failureMessages":[],"fullName":"ArticleList 基本的なレンダリング デフォルトではカードビューを使用する","invocations":1,"location":null,"numPassingAsserts":2,"retryReasons":[],"startAt":1757936672438,"status":"passed","title":"デフォルトではカードビューを使用する"},{"ancestorTitles":["ArticleList","基本的なレンダリング"],"duration":5,"failing":false,"failureDetails":[],"failureMessages":[],"fullName":"ArticleList 基本的なレンダリング 記事が空の場合は空状態メッセージを表示する","invocations":1,"location":null,"numPassingAsserts":2,"retryReasons":[],"startAt":1757936672442,"status":"passed","title":"記事が空の場合は空状態メッセージを表示する"},{"ancestorTitles":["ArticleList","既読/未読状態の管理"],"duration":1,"failing":false,"failureDetails":[{}],"failureMessages":["TypeError: Cannot read properties of undefined (reading 'id')\n    at id (/app/app/components/article/__tests__/ArticleList.test.tsx:178:27)\n    at Array.map (<anonymous>)\n    at Object.map (/app/app/components/article/__tests__/ArticleList.test.tsx:176:46)\n    at Promise.finally.completed (/app/node_modules/jest-circus/build/jestAdapterInit.js:1556:28)\n    at new Promise (<anonymous>)\n    at callAsyncCircusFn (/app/node_modules/jest-circus/build/jestAdapterInit.js:1496:10)\n    at _callCircusTest (/app/node_modules/jest-circus/build/jestAdapterInit.js:1006:40)\n    at processTicksAndRejections (node:internal/process/task_queues:95:5)\n    at _runTest (/app/node_modules/jest-circus/build/jestAdapterInit.js:946:3)\n    at _runTestsForDescribeBlock (/app/node_modules/jest-circus/build/jestAdapterInit.js:839:13)\n    at _runTestsForDescribeBlock (/app/node_modules/jest-circus/build/jestAdapterInit.js:829:11)\n    at _runTestsForDescribeBlock (/app/node_modules/jest-circus/build/jestAdapterInit.js:829:11)\n    at run (/app/node_modules/jest-circus/build/jestAdapterInit.js:757:3)\n    at runAndTransformResultsToJestFormat (/app/node_modules/jest-circus/build/jestAdapterInit.js:1917:21)\n    at jestAdapter (/app/node_modules/jest-circus/build/runner.js:101:19)\n    at runTestInternal (/app/node_modules/jest-runner/build/testWorker.js:275:16)\n    at runTest (/app/node_modules/jest-runner/build/testWorker.js:343:7)\n    at Object.worker (/app/node_modules/jest-runner/build/testWorker.js:497:12)"],"fullName":"ArticleList 既読/未読状態の管理 認証済みユーザーの既読状態を正しく反映する","invocations":1,"location":null,"numPassingAsserts":0,"retryReasons":[],"startAt":1757936672447,"status":"failed","title":"認証済みユーザーの既読状態を正しく反映する"},{"ancestorTitles":["ArticleList","既読/未読状態の管理"],"duration":5,"failing":false,"failureDetails":[],"failureMessages":[],"fullName":"ArticleList 既読/未読状態の管理 未認証ユーザーの場合はすべて既読として扱う","invocations":1,"location":null,"numPassingAsserts":3,"retryReasons":[],"startAt":1757936672470,"status":"passed","title":"未認証ユーザーの場合はすべて既読として扱う"},{"ancestorTitles":["ArticleList","既読/未読状態の管理"],"duration":3,"failing":false,"failureDetails":[],"failureMessages":[],"fullName":"ArticleList 既読/未読状態の管理 ローディング中は全記事を既読として表示する","invocations":1,"location":null,"numPassingAsserts":3,"retryReasons":[],"startAt":1757936672475,"status":"passed","title":"ローディング中は全記事を既読として表示する"},{"ancestorTitles":["ArticleList","イベントハンドリング"],"duration":77,"failing":false,"failureDetails":[],"failureMessages":[],"fullName":"ArticleList イベントハンドリング 記事クリック時にコールバックを実行する","invocations":1,"location":null,"numPassingAsserts":1,"retryReasons":[],"startAt":1757936672478,"status":"passed","title":"記事クリック時にコールバックを実行する"},{"ancestorTitles":["ArticleList","イベントハンドリング"],"duration":null,"failing":false,"failureDetails":[],"failureMessages":[],"fullName":"ArticleList イベントハンドリング 既読状態変更イベントで再レンダリングとUI更新を確認する","invocations":1,"location":null,"numPassingAsserts":0,"retryReasons":[],"startAt":1757936672555,"status":"pending","title":"既読状態変更イベントで再レンダリングとUI更新を確認する"},{"ancestorTitles":["ArticleList","イベントハンドリング"],"duration":6,"failing":false,"failureDetails":[],"failureMessages":[],"fullName":"ArticleList イベントハンドリング コンポーネントアンマウント時にイベントリスナーを削除する","invocations":1,"location":null,"numPassingAsserts":1,"retryReasons":[],"startAt":1757936672555,"status":"passed","title":"コンポーネントアンマウント時にイベントリスナーを削除する"},{"ancestorTitles":["ArticleList","リストビューモード"],"duration":6,"failing":false,"failureDetails":[],"failureMessages":[],"fullName":"ArticleList リストビューモード リストビューで正しくレンダリングする","invocations":1,"location":null,"numPassingAsserts":5,"retryReasons":[],"startAt":1757936672561,"status":"passed","title":"リストビューで正しくレンダリングする"},{"ancestorTitles":["ArticleList","リストビューモード"],"duration":1,"failing":false,"failureDetails":[{}],"failureMessages":["TypeError: Cannot read properties of undefined (reading 'id')\n    at id (/app/app/components/article/__tests__/ArticleList.test.tsx:329:27)\n    at Array.map (<anonymous>)\n    at Object.map (/app/app/components/article/__tests__/ArticleList.test.tsx:327:46)\n    at Promise.finally.completed (/app/node_modules/jest-circus/build/jestAdapterInit.js:1556:28)\n    at new Promise (<anonymous>)\n    at callAsyncCircusFn (/app/node_modules/jest-circus/build/jestAdapterInit.js:1496:10)\n    at _callCircusTest (/app/node_modules/jest-circus/build/jestAdapterInit.js:1006:40)\n    at _runTest (/app/node_modules/jest-circus/build/jestAdapterInit.js:946:3)\n    at _runTestsForDescribeBlock (/app/node_modules/jest-circus/build/jestAdapterInit.js:839:13)\n    at _runTestsForDescribeBlock (/app/node_modules/jest-circus/build/jestAdapterInit.js:829:11)\n    at _runTestsForDescribeBlock (/app/node_modules/jest-circus/build/jestAdapterInit.js:829:11)\n    at run (/app/node_modules/jest-circus/build/jestAdapterInit.js:757:3)\n    at runAndTransformResultsToJestFormat (/app/node_modules/jest-circus/build/jestAdapterInit.js:1917:21)\n    at jestAdapter (/app/node_modules/jest-circus/build/runner.js:101:19)\n    at runTestInternal (/app/node_modules/jest-runner/build/testWorker.js:275:16)\n    at runTest (/app/node_modules/jest-runner/build/testWorker.js:343:7)\n    at Object.worker (/app/node_modules/jest-runner/build/testWorker.js:497:12)"],"fullName":"ArticleList リストビューモード リストビューでも既読状態を正しく反映する","invocations":1,"location":null,"numPassingAsserts":0,"retryReasons":[],"startAt":1757936672567,"status":"failed","title":"リストビューでも既読状態を正しく反映する"},{"ancestorTitles":["ArticleList","パフォーマンス最適化"],"duration":20,"failing":false,"failureDetails":[],"failureMessages":[],"fullName":"ArticleList パフォーマンス最適化 記事IDのリストを一度だけ作成する（useMemo）","invocations":1,"location":null,"numPassingAsserts":0,"retryReasons":[],"startAt":1757936672570,"status":"passed","title":"記事IDのリストを一度だけ作成する（useMemo）"},{"ancestorTitles":["ArticleList","パフォーマンス最適化"],"duration":null,"failing":false,"failureDetails":[],"failureMessages":[],"fullName":"ArticleList パフォーマンス最適化 refreshKeyで強制再レンダリングする","invocations":1,"location":null,"numPassingAsserts":0,"retryReasons":[],"startAt":1757936672591,"status":"pending","title":"refreshKeyで強制再レンダリングする"},{"ancestorTitles":["ArticleList","エッジケース"],"duration":22,"failing":false,"failureDetails":[],"failureMessages":[],"fullName":"ArticleList エッジケース 非常に多くの記事でもクラッシュしない","invocations":1,"location":null,"numPassingAsserts":1,"retryReasons":[],"startAt":1757936672592,"status":"passed","title":"非常に多くの記事でもクラッシュしない"},{"ancestorTitles":["ArticleList","エッジケース"],"duration":7,"failing":false,"failureDetails":[],"failureMessages":[],"fullName":"ArticleList エッジケース 記事配列が更新されたときに正しく再レンダリングする","invocations":1,"location":null,"numPassingAsserts":6,"retryReasons":[],"startAt":1757936672614,"status":"passed","title":"記事配列が更新されたときに正しく再レンダリングする"},{"ancestorTitles":["ArticleList","エッジケース"],"duration":4,"failing":false,"failureDetails":[],"failureMessages":[],"fullName":"ArticleList エッジケース viewModeが変更されたときに正しくレンダリングを切り替える","invocations":1,"location":null,"numPassingAsserts":4,"retryReasons":[],"startAt":1757936672621,"status":"passed","title":"viewModeが変更されたときに正しくレンダリングを切り替える"}],"endTime":1757936672637,"message":"  ● ArticleList › 既読/未読状態の管理 › 認証済みユーザーの既読状態を正しく反映する\n\n    TypeError: Cannot read properties of undefined (reading 'id')\n\n      176 |       const articlesWithFlags = mockArticles.map(a => ({\n      177 |         ...a,\n    > 178 |         isRead: a.article.id === '1',\n          |                           ^\n      179 |       }));\n      180 |       renderWithProviders(<ArticleList articles={articlesWithFlags as any} />);\n      181 |       \n\n      at id (app/components/article/__tests__/ArticleList.test.tsx:178:27)\n          at Array.map (<anonymous>)\n      at Object.map (app/components/article/__tests__/ArticleList.test.tsx:176:46)\n\n  ● ArticleList › リストビューモード › リストビューでも既読状態を正しく反映する\n\n    TypeError: Cannot read properties of undefined (reading 'id')\n\n      327 |       const articlesWithFlags = mockArticles.map(a => ({\n      328 |         ...a,\n    > 329 |         isRead: a.article.id === '2',\n          |                           ^\n      330 |       }));\n      331 |       renderWithProviders(<ArticleList articles={articlesWithFlags as any} viewMode=\"list\" />);\n      332 |       \n\n      at id (app/components/article/__tests__/ArticleList.test.tsx:329:27)\n          at Array.map (<anonymous>)\n      at Object.map (app/components/article/__tests__/ArticleList.test.tsx:327:46)\n","name":"/app/app/components/article/__tests__/ArticleList.test.tsx","startTime":1757936671767,"status":"failed","summary":""},{"assertionResults":[{"ancestorTitles":["ArticleCard"],"duration":77,"failing":false,"failureDetails":[],"failureMessages":[],"fullName":"ArticleCard renders article information correctly","invocations":1,"location":null,"numPassingAsserts":5,"retryReasons":[],"startAt":1757936672546,"status":"passed","title":"renders article information correctly"},{"ancestorTitles":["ArticleCard"],"duration":85,"failing":false,"failureDetails":[],"failureMessages":[],"fullName":"ArticleCard handles click events when onArticleClick is provided","invocations":1,"location":null,"numPassingAsserts":1,"retryReasons":[],"startAt":1757936672623,"status":"passed","title":"handles click events when onArticleClick is provided"},{"ancestorTitles":["ArticleCard"],"duration":53,"failing":false,"failureDetails":[],"failureMessages":[],"fullName":"ArticleCard navigates to article detail page when clicked without onArticleClick","invocations":1,"location":null,"numPassingAsserts":1,"retryReasons":[],"startAt":1757936672708,"status":"passed","title":"navigates to article detail page when clicked without onArticleClick"},{"ancestorTitles":["ArticleCard"],"duration":11,"failing":false,"failureDetails":[],"failureMessages":[],"fullName":"ArticleCard displays favorite button for authenticated users","invocations":1,"location":null,"numPassingAsserts":1,"retryReasons":[],"startAt":1757936672761,"status":"passed","title":"displays favorite button for authenticated users"},{"ancestorTitles":["ArticleCard"],"duration":8,"failing":false,"failureDetails":[],"failureMessages":[],"fullName":"ArticleCard renders the article card container","invocations":1,"location":null,"numPassingAsserts":1,"retryReasons":[],"startAt":1757936672772,"status":"passed","title":"renders the article card container"},{"ancestorTitles":["ArticleCard"],"duration":7,"failing":false,"failureDetails":[],"failureMessages":[],"fullName":"ArticleCard renders without tags when tags array is empty","invocations":1,"location":null,"numPassingAsserts":1,"retryReasons":[],"startAt":1757936672780,"status":"passed","title":"renders without tags when tags array is empty"},{"ancestorTitles":["ArticleCard"],"duration":10,"failing":false,"failureDetails":[],"failureMessages":[],"fullName":"ArticleCard displays new badge for articles published within 24 hours","invocations":1,"location":null,"numPassingAsserts":1,"retryReasons":[],"startAt":1757936672787,"status":"passed","title":"displays new badge for articles published within 24 hours"},{"ancestorTitles":["ArticleCard"],"duration":11,"failing":false,"failureDetails":[],"failureMessages":[],"fullName":"ArticleCard does not display new badge for old articles","invocations":1,"location":null,"numPassingAsserts":1,"retryReasons":[],"startAt":1757936672798,"status":"passed","title":"does not display new badge for old articles"},{"ancestorTitles":["ArticleCard"],"duration":10,"failing":false,"failureDetails":[],"failureMessages":[],"fullName":"ArticleCard displays unread badge when isRead is false","invocations":1,"location":null,"numPassingAsserts":1,"retryReasons":[],"startAt":1757936672810,"status":"passed","title":"displays unread badge when isRead is false"},{"ancestorTitles":["ArticleCard"],"duration":14,"failing":false,"failureDetails":[],"failureMessages":[],"fullName":"ArticleCard does not display unread badge when isRead is true","invocations":1,"location":null,"numPassingAsserts":1,"retryReasons":[],"startAt":1757936672821,"status":"passed","title":"does not display unread badge when isRead is true"},{"ancestorTitles":["ArticleCard"],"duration":46,"failing":false,"failureDetails":[],"failureMessages":[],"fullName":"ArticleCard displays article thumbnail for Speaker Deck source","invocations":1,"location":null,"numPassingAsserts":2,"retryReasons":[],"startAt":1757936672835,"status":"passed","title":"displays article thumbnail for Speaker Deck source"},{"ancestorTitles":["ArticleCard"],"duration":24,"failing":false,"failureDetails":[],"failureMessages":[],"fullName":"ArticleCard displays summary when no thumbnail is shown","invocations":1,"location":null,"numPassingAsserts":1,"retryReasons":[],"startAt":1757936672885,"status":"passed","title":"displays summary when no thumbnail is shown"},{"ancestorTitles":["ArticleCard"],"duration":55,"failing":false,"failureDetails":[],"failureMessages":[],"fullName":"ArticleCard handles vote button click correctly","invocations":1,"location":null,"numPassingAsserts":2,"retryReasons":[],"startAt":1757936672914,"status":"passed","title":"handles vote button click correctly"},{"ancestorTitles":["ArticleCard"],"duration":22,"failing":false,"failureDetails":[],"failureMessages":[],"fullName":"ArticleCard displays quality score when available","invocations":1,"location":null,"numPassingAsserts":0,"retryReasons":[],"startAt":1757936672969,"status":"passed","title":"displays quality score when available"},{"ancestorTitles":["ArticleCard"],"duration":17,"failing":false,"failureDetails":[],"failureMessages":[],"fullName":"ArticleCard displays category label when category is present","invocations":1,"location":null,"numPassingAsserts":1,"retryReasons":[],"startAt":1757936672994,"status":"passed","title":"displays category label when category is present"},{"ancestorTitles":["ArticleCard"],"duration":25,"failing":false,"failureDetails":[],"failureMessages":[],"fullName":"ArticleCard displays publication date correctly","invocations":1,"location":null,"numPassingAsserts":1,"retryReasons":[],"startAt":1757936673011,"status":"passed","title":"displays publication date correctly"},{"ancestorTitles":["ArticleCard"],"duration":11,"failing":false,"failureDetails":[],"failureMessages":[],"fullName":"ArticleCard renders share button component","invocations":1,"location":null,"numPassingAsserts":1,"retryReasons":[],"startAt":1757936673037,"status":"passed","title":"renders share button component"},{"ancestorTitles":["ArticleCard"],"duration":13,"failing":false,"failureDetails":[],"failureMessages":[],"fullName":"ArticleCard applies correct styling for dark mode","invocations":1,"location":null,"numPassingAsserts":2,"retryReasons":[],"startAt":1757936673048,"status":"passed","title":"applies correct styling for dark mode"},{"ancestorTitles":["ArticleCard"],"duration":10,"failing":false,"failureDetails":[],"failureMessages":[],"fullName":"ArticleCard handles articles with very long titles gracefully","invocations":1,"location":null,"numPassingAsserts":2,"retryReasons":[],"startAt":1757936673061,"status":"passed","title":"handles articles with very long titles gracefully"},{"ancestorTitles":["ArticleCard"],"duration":22,"failing":false,"failureDetails":[],"failureMessages":[],"fullName":"ArticleCard correctly handles missing optional fields","invocations":1,"location":null,"numPassingAsserts":2,"retryReasons":[],"startAt":1757936673071,"status":"passed","title":"correctly handles missing optional fields"},{"ancestorTitles":["ArticleCard","source property validation"],"duration":20,"failing":false,"failureDetails":[],"failureMessages":[],"fullName":"ArticleCard source property validation renders article card with source property correctly","invocations":1,"location":null,"numPassingAsserts":3,"retryReasons":[],"startAt":1757936673093,"status":"passed","title":"renders article card with source property correctly"},{"ancestorTitles":["ArticleCard","source property validation"],"duration":22,"failing":false,"failureDetails":[],"failureMessages":[],"fullName":"ArticleCard source property validation handles Speaker Deck articles with source correctly","invocations":1,"location":null,"numPassingAsserts":3,"retryReasons":[],"startAt":1757936673113,"status":"passed","title":"handles Speaker Deck articles with source correctly"},{"ancestorTitles":["ArticleCard","source property validation"],"duration":19,"failing":false,"failureDetails":[],"failureMessages":[],"fullName":"ArticleCard source property validation handles Docswell articles with source correctly","invocations":1,"location":null,"numPassingAsserts":3,"retryReasons":[],"startAt":1757936673135,"status":"passed","title":"handles Docswell articles with source correctly"},{"ancestorTitles":["ArticleCard","source property validation"],"duration":7,"failing":false,"failureDetails":[],"failureMessages":[],"fullName":"ArticleCard source property validation displays source name when available","invocations":1,"location":null,"numPassingAsserts":1,"retryReasons":[],"startAt":1757936673154,"status":"passed","title":"displays source name when available"},{"ancestorTitles":["ArticleCard","source property validation"],"duration":15,"failing":false,"failureDetails":[],"failureMessages":[],"fullName":"ArticleCard source property validation does not render thumbnail when Speaker Deck article has no thumbnail","invocations":1,"location":null,"numPassingAsserts":2,"retryReasons":[],"startAt":1757936673161,"status":"passed","title":"does not render thumbnail when Speaker Deck article has no thumbnail"},{"ancestorTitles":["ArticleCard","source property validation"],"duration":10,"failing":false,"failureDetails":[],"failureMessages":[],"fullName":"ArticleCard source property validation does not render thumbnail when Docswell article has no thumbnail","invocations":1,"location":null,"numPassingAsserts":2,"retryReasons":[],"startAt":1757936673176,"status":"passed","title":"does not render thumbnail when Docswell article has no thumbnail"}],"endTime":1757936673189,"message":"","name":"/app/__tests__/components/ArticleCard.test.tsx","startTime":1757936671763,"status":"passed","summary":""},{"assertionResults":[{"ancestorTitles":["ArticleList","Rendering"],"duration":22,"failing":false,"failureDetails":[],"failureMessages":[],"fullName":"ArticleList Rendering renders articles in card view by default","invocations":1,"location":null,"numPassingAsserts":6,"retryReasons":[],"startAt":1757936673048,"status":"passed","title":"renders articles in card view by default"},{"ancestorTitles":["ArticleList","Rendering"],"duration":13,"failing":false,"failureDetails":[],"failureMessages":[],"fullName":"ArticleList Rendering renders articles in list view when viewMode is list","invocations":1,"location":null,"numPassingAsserts":4,"retryReasons":[],"startAt":1757936673071,"status":"passed","title":"renders articles in list view when viewMode is list"},{"ancestorTitles":["ArticleList","Rendering"],"duration":3,"failing":false,"failureDetails":[],"failureMessages":[],"fullName":"ArticleList Rendering renders empty state when no articles","invocations":1,"location":null,"numPassingAsserts":2,"retryReasons":[],"startAt":1757936673084,"status":"passed","title":"renders empty state when no articles"},{"ancestorTitles":["ArticleList","Interactions"],"duration":38,"failing":false,"failureDetails":[],"failureMessages":[],"fullName":"ArticleList Interactions handles article click events in card view","invocations":1,"location":null,"numPassingAsserts":1,"retryReasons":[],"startAt":1757936673087,"status":"passed","title":"handles article click events in card view"},{"ancestorTitles":["ArticleList","Interactions"],"duration":19,"failing":false,"failureDetails":[],"failureMessages":[],"fullName":"ArticleList Interactions handles article click events in list view","invocations":1,"location":null,"numPassingAsserts":1,"retryReasons":[],"startAt":1757936673125,"status":"passed","title":"handles article click events in list view"},{"ancestorTitles":["ArticleList","Read Status"],"duration":1,"failing":false,"failureDetails":[{}],"failureMessages":["TypeError: Cannot read properties of undefined (reading 'id')\n    at id (/app/__tests__/components/ArticleList.test.tsx:234:27)\n    at Array.map (<anonymous>)\n    at Object.map (/app/__tests__/components/ArticleList.test.tsx:232:46)\n    at Promise.finally.completed (/app/node_modules/jest-circus/build/jestAdapterInit.js:1556:28)\n    at new Promise (<anonymous>)\n    at callAsyncCircusFn (/app/node_modules/jest-circus/build/jestAdapterInit.js:1496:10)\n    at _callCircusTest (/app/node_modules/jest-circus/build/jestAdapterInit.js:1006:40)\n    at _runTest (/app/node_modules/jest-circus/build/jestAdapterInit.js:946:3)\n    at _runTestsForDescribeBlock (/app/node_modules/jest-circus/build/jestAdapterInit.js:839:13)\n    at _runTestsForDescribeBlock (/app/node_modules/jest-circus/build/jestAdapterInit.js:829:11)\n    at _runTestsForDescribeBlock (/app/node_modules/jest-circus/build/jestAdapterInit.js:829:11)\n    at run (/app/node_modules/jest-circus/build/jestAdapterInit.js:757:3)\n    at runAndTransformResultsToJestFormat (/app/node_modules/jest-circus/build/jestAdapterInit.js:1917:21)\n    at jestAdapter (/app/node_modules/jest-circus/build/runner.js:101:19)\n    at runTestInternal (/app/node_modules/jest-runner/build/testWorker.js:275:16)\n    at runTest (/app/node_modules/jest-runner/build/testWorker.js:343:7)\n    at Object.worker (/app/node_modules/jest-runner/build/testWorker.js:497:12)"],"fullName":"ArticleList Read Status shows correct read status for authenticated users","invocations":1,"location":null,"numPassingAsserts":0,"retryReasons":[],"startAt":1757936673144,"status":"failed","title":"shows correct read status for authenticated users"},{"ancestorTitles":["ArticleList","Read Status"],"duration":2,"failing":false,"failureDetails":[],"failureMessages":[],"fullName":"ArticleList Read Status treats all articles as read for unauthenticated users","invocations":1,"location":null,"numPassingAsserts":1,"retryReasons":[],"startAt":1757936673155,"status":"passed","title":"treats all articles as read for unauthenticated users"},{"ancestorTitles":["ArticleList","Read Status"],"duration":3,"failing":false,"failureDetails":[],"failureMessages":[],"fullName":"ArticleList Read Status shows loading state correctly","invocations":1,"location":null,"numPassingAsserts":1,"retryReasons":[],"startAt":1757936673158,"status":"passed","title":"shows loading state correctly"},{"ancestorTitles":["ArticleList","Read Status"],"duration":null,"failing":false,"failureDetails":[],"failureMessages":[],"fullName":"ArticleList Read Status refetches read status on custom event","invocations":1,"location":null,"numPassingAsserts":0,"retryReasons":[],"startAt":1757936673161,"status":"pending","title":"refetches read status on custom event"},{"ancestorTitles":["ArticleList","Event Handling"],"duration":8,"failing":false,"failureDetails":[],"failureMessages":[],"fullName":"ArticleList Event Handling adds event listener on mount","invocations":1,"location":null,"numPassingAsserts":1,"retryReasons":[],"startAt":1757936673161,"status":"passed","title":"adds event listener on mount"},{"ancestorTitles":["ArticleList","Event Handling"],"duration":3,"failing":false,"failureDetails":[],"failureMessages":[],"fullName":"ArticleList Event Handling removes event listener on unmount","invocations":1,"location":null,"numPassingAsserts":1,"retryReasons":[],"startAt":1757936673170,"status":"passed","title":"removes event listener on unmount"},{"ancestorTitles":["ArticleList","Grid Layout"],"duration":5,"failing":false,"failureDetails":[],"failureMessages":[],"fullName":"ArticleList Grid Layout applies correct grid classes for card view","invocations":1,"location":null,"numPassingAsserts":6,"retryReasons":[],"startAt":1757936673178,"status":"passed","title":"applies correct grid classes for card view"},{"ancestorTitles":["ArticleList","Grid Layout"],"duration":12,"failing":false,"failureDetails":[],"failureMessages":[],"fullName":"ArticleList Grid Layout applies correct spacing classes for list view","invocations":1,"location":null,"numPassingAsserts":1,"retryReasons":[],"startAt":1757936673183,"status":"passed","title":"applies correct spacing classes for list view"}],"endTime":1757936673208,"message":"  ● ArticleList › Read Status › shows correct read status for authenticated users\n\n    TypeError: Cannot read properties of undefined (reading 'id')\n\n      232 |       const articlesWithFlags = mockArticles.map(a => ({\n      233 |         ...a,\n    > 234 |         isRead: a.article.id === '1',\n          |                           ^\n      235 |       }));\n      236 |       renderWithProviders(<ArticleList articles={articlesWithFlags as any} />);\n      237 |       // 表示の検証（未読マークは2件: id=2,3）\n\n      at id (__tests__/components/ArticleList.test.tsx:234:27)\n          at Array.map (<anonymous>)\n      at Object.map (__tests__/components/ArticleList.test.tsx:232:46)\n","name":"/app/__tests__/components/ArticleList.test.tsx","startTime":1757936672648,"status":"failed","summary":""}],"wasInterrupted":false}
