{"numFailedTestSuites":0,"numFailedTests":0,"numPassedTestSuites":82,"numPassedTests":1217,"numPendingTestSuites":1,"numPendingTests":42,"numRuntimeErrorTestSuites":0,"numTodoTests":0,"numTotalTestSuites":83,"numTotalTests":1259,"openHandles":[],"snapshot":{"added":0,"didUpdate":false,"failure":false,"filesAdded":0,"filesRemoved":0,"filesRemovedList":[],"filesUnmatched":0,"filesUpdated":0,"matched":0,"total":0,"unchecked":0,"uncheckedKeysByFile":[],"unmatched":0,"updated":0},"startTime":1758340555014,"success":true,"testResults":[{"assertionResults":[{"ancestorTitles":["BaseFetcher","safeFetch"],"duration":2,"failing":false,"failureDetails":[],"failureMessages":[],"fullName":"BaseFetcher safeFetch 正常に記事を取得できる","invocations":1,"location":null,"numPassingAsserts":3,"retryReasons":[],"startAt":1758340555351,"status":"passed","title":"正常に記事を取得できる"},{"ancestorTitles":["BaseFetcher","safeFetch"],"duration":1,"failing":false,"failureDetails":[],"failureMessages":[],"fullName":"BaseFetcher safeFetch 無効化されたソースの場合は空の結果を返す","invocations":1,"location":null,"numPassingAsserts":3,"retryReasons":[],"startAt":1758340555354,"status":"passed","title":"無効化されたソースの場合は空の結果を返す"},{"ancestorTitles":["BaseFetcher","safeFetch"],"duration":0,"failing":false,"failureDetails":[],"failureMessages":[],"fullName":"BaseFetcher safeFetch 記事が見つからない場合の処理","invocations":1,"location":null,"numPassingAsserts":2,"retryReasons":[],"startAt":1758340555355,"status":"passed","title":"記事が見つからない場合の処理"},{"ancestorTitles":["BaseFetcher","safeFetch"],"duration":0,"failing":false,"failureDetails":[],"failureMessages":[],"fullName":"BaseFetcher safeFetch エラーが発生した場合の処理","invocations":1,"location":null,"numPassingAsserts":4,"retryReasons":[],"startAt":1758340555356,"status":"passed","title":"エラーが発生した場合の処理"},{"ancestorTitles":["BaseFetcher","retry"],"duration":2002,"failing":false,"failureDetails":[],"failureMessages":[],"fullName":"BaseFetcher retry 成功するまでリトライする","invocations":1,"location":null,"numPassingAsserts":2,"retryReasons":[],"startAt":1758340555357,"status":"passed","title":"成功するまでリトライする"},{"ancestorTitles":["BaseFetcher","retry"],"duration":2008,"failing":false,"failureDetails":[],"failureMessages":[],"fullName":"BaseFetcher retry 最大リトライ回数を超えたらエラーをthrowする","invocations":1,"location":null,"numPassingAsserts":2,"retryReasons":[],"startAt":1758340557360,"status":"passed","title":"最大リトライ回数を超えたらエラーをthrowする"},{"ancestorTitles":["BaseFetcher","normalizeUrl"],"duration":1,"failing":false,"failureDetails":[],"failureMessages":[],"fullName":"BaseFetcher normalizeUrl 正しいURLをそのまま返す","invocations":1,"location":null,"numPassingAsserts":1,"retryReasons":[],"startAt":1758340559368,"status":"passed","title":"正しいURLをそのまま返す"},{"ancestorTitles":["BaseFetcher","normalizeUrl"],"duration":0,"failing":false,"failureDetails":[],"failureMessages":[],"fullName":"BaseFetcher normalizeUrl 不正なURLの場合は元の文字列を返す","invocations":1,"location":null,"numPassingAsserts":1,"retryReasons":[],"startAt":1758340559369,"status":"passed","title":"不正なURLの場合は元の文字列を返す"},{"ancestorTitles":["BaseFetcher","normalizeUrl"],"duration":1,"failing":false,"failureDetails":[],"failureMessages":[],"fullName":"BaseFetcher normalizeUrl URLを正規化する","invocations":1,"location":null,"numPassingAsserts":1,"retryReasons":[],"startAt":1758340559369,"status":"passed","title":"URLを正規化する"},{"ancestorTitles":["BaseFetcher","extractThumbnail"],"duration":0,"failing":false,"failureDetails":[],"failureMessages":[],"fullName":"BaseFetcher extractThumbnail og:imageメタタグから画像URLを抽出する","invocations":1,"location":null,"numPassingAsserts":1,"retryReasons":[],"startAt":1758340559370,"status":"passed","title":"og:imageメタタグから画像URLを抽出する"},{"ancestorTitles":["BaseFetcher","extractThumbnail"],"duration":0,"failing":false,"failureDetails":[],"failureMessages":[],"fullName":"BaseFetcher extractThumbnail og:imageがない場合は最初のimgタグから抽出する","invocations":1,"location":null,"numPassingAsserts":1,"retryReasons":[],"startAt":1758340559371,"status":"passed","title":"og:imageがない場合は最初のimgタグから抽出する"},{"ancestorTitles":["BaseFetcher","extractThumbnail"],"duration":0,"failing":false,"failureDetails":[],"failureMessages":[],"fullName":"BaseFetcher extractThumbnail 画像が見つからない場合はnullを返す","invocations":1,"location":null,"numPassingAsserts":1,"retryReasons":[],"startAt":1758340559371,"status":"passed","title":"画像が見つからない場合はnullを返す"},{"ancestorTitles":["BaseFetcher","sanitizeText"],"duration":1,"failing":false,"failureDetails":[],"failureMessages":[],"fullName":"BaseFetcher sanitizeText HTMLタグを削除する","invocations":1,"location":null,"numPassingAsserts":1,"retryReasons":[],"startAt":1758340559372,"status":"passed","title":"HTMLタグを削除する"},{"ancestorTitles":["BaseFetcher","sanitizeText"],"duration":1,"failing":false,"failureDetails":[],"failureMessages":[],"fullName":"BaseFetcher sanitizeText 余分な空白を正規化する","invocations":1,"location":null,"numPassingAsserts":1,"retryReasons":[],"startAt":1758340559373,"status":"passed","title":"余分な空白を正規化する"},{"ancestorTitles":["BaseFetcher","sanitizeText"],"duration":1,"failing":false,"failureDetails":[],"failureMessages":[],"fullName":"BaseFetcher sanitizeText 複雑なHTMLを処理する","invocations":1,"location":null,"numPassingAsserts":1,"retryReasons":[],"startAt":1758340559374,"status":"passed","title":"複雑なHTMLを処理する"}],"endTime":1758340559375,"message":"","name":"/home/tomoaki/work/techtrend/__tests__/unit/lib/fetchers/base.test.ts","startTime":1758340555039,"status":"passed","summary":""},{"assertionResults":[{"ancestorTitles":["GoogleDevBlogFetcher","fetch"],"duration":3,"failing":false,"failureDetails":[],"failureMessages":[],"fullName":"GoogleDevBlogFetcher fetch should fetch and enrich articles successfully","invocations":1,"location":null,"numPassingAsserts":7,"retryReasons":[],"startAt":1758340559830,"status":"passed","title":"should fetch and enrich articles successfully"},{"ancestorTitles":["GoogleDevBlogFetcher","fetch"],"duration":0,"failing":false,"failureDetails":[],"failureMessages":[],"fullName":"GoogleDevBlogFetcher fetch should filter out non-tech articles","invocations":1,"location":null,"numPassingAsserts":1,"retryReasons":[],"startAt":1758340559834,"status":"passed","title":"should filter out non-tech articles"},{"ancestorTitles":["GoogleDevBlogFetcher","fetch"],"duration":0,"failing":false,"failureDetails":[],"failureMessages":[],"fullName":"GoogleDevBlogFetcher fetch should filter out articles older than 30 days","invocations":1,"location":null,"numPassingAsserts":1,"retryReasons":[],"startAt":1758340559835,"status":"passed","title":"should filter out articles older than 30 days"},{"ancestorTitles":["GoogleDevBlogFetcher","parseItem (private method test via fetch)"],"duration":6,"failing":false,"failureDetails":[],"failureMessages":[],"fullName":"GoogleDevBlogFetcher parseItem (private method test via fetch) should handle enrichment failure gracefully","invocations":1,"location":null,"numPassingAsserts":3,"retryReasons":[],"startAt":1758340559835,"status":"passed","title":"should handle enrichment failure gracefully"},{"ancestorTitles":["GoogleDevBlogFetcher","parseItem (private method test via fetch)"],"duration":0,"failing":false,"failureDetails":[],"failureMessages":[],"fullName":"GoogleDevBlogFetcher parseItem (private method test via fetch) should skip enrichment for content longer than 2000 chars","invocations":1,"location":null,"numPassingAsserts":2,"retryReasons":[],"startAt":1758340559841,"status":"passed","title":"should skip enrichment for content longer than 2000 chars"},{"ancestorTitles":["GoogleDevBlogFetcher","parseItem (private method test via fetch)"],"duration":1,"failing":false,"failureDetails":[],"failureMessages":[],"fullName":"GoogleDevBlogFetcher parseItem (private method test via fetch) should include gemini keyword in tech filtering","invocations":1,"location":null,"numPassingAsserts":2,"retryReasons":[],"startAt":1758340559841,"status":"passed","title":"should include gemini keyword in tech filtering"},{"ancestorTitles":["GoogleDevBlogFetcher","error handling"],"duration":3002,"failing":false,"failureDetails":[],"failureMessages":[],"fullName":"GoogleDevBlogFetcher error handling should handle RSS parsing errors","invocations":1,"location":null,"numPassingAsserts":3,"retryReasons":[],"startAt":1758340559842,"status":"passed","title":"should handle RSS parsing errors"}],"endTime":1758340562845,"message":"","name":"/home/tomoaki/work/techtrend/__tests__/fetchers/google-dev-blog.test.ts","startTime":1758340559380,"status":"passed","summary":""},{"assertionResults":[{"ancestorTitles":["logger","ログレベル制御"],"duration":2,"failing":false,"failureDetails":[],"failureMessages":[],"fullName":"logger ログレベル制御 DEBUG レベルでは全てのログが出力される","invocations":1,"location":null,"numPassingAsserts":3,"retryReasons":[],"startAt":1758340562989,"status":"passed","title":"DEBUG レベルでは全てのログが出力される"},{"ancestorTitles":["logger","ログレベル制御"],"duration":1,"failing":false,"failureDetails":[],"failureMessages":[],"fullName":"logger ログレベル制御 INFO レベルでは debug ログが出力されない","invocations":1,"location":null,"numPassingAsserts":3,"retryReasons":[],"startAt":1758340562991,"status":"passed","title":"INFO レベルでは debug ログが出力されない"},{"ancestorTitles":["logger","ログレベル制御"],"duration":1,"failing":false,"failureDetails":[],"failureMessages":[],"fullName":"logger ログレベル制御 WARN レベルでは debug と info ログが出力されない","invocations":1,"location":null,"numPassingAsserts":3,"retryReasons":[],"startAt":1758340562992,"status":"passed","title":"WARN レベルでは debug と info ログが出力されない"},{"ancestorTitles":["logger","ログレベル制御"],"duration":1,"failing":false,"failureDetails":[],"failureMessages":[],"fullName":"logger ログレベル制御 ERROR レベルでは error ログのみ出力される","invocations":1,"location":null,"numPassingAsserts":3,"retryReasons":[],"startAt":1758340562993,"status":"passed","title":"ERROR レベルでは error ログのみ出力される"},{"ancestorTitles":["logger","環境変数による制御"],"duration":83,"failing":false,"failureDetails":[],"failureMessages":[],"fullName":"logger 環境変数による制御 LOG_LEVEL 環境変数でログレベルを設定できる","invocations":1,"location":null,"numPassingAsserts":1,"retryReasons":[],"startAt":1758340562994,"status":"passed","title":"LOG_LEVEL 環境変数でログレベルを設定できる"},{"ancestorTitles":["logger","環境変数による制御"],"duration":67,"failing":false,"failureDetails":[],"failureMessages":[],"fullName":"logger 環境変数による制御 本番環境では INFO レベルがデフォルト","invocations":1,"location":null,"numPassingAsserts":1,"retryReasons":[],"startAt":1758340563077,"status":"passed","title":"本番環境では INFO レベルがデフォルト"},{"ancestorTitles":["logger","環境変数による制御"],"duration":56,"failing":false,"failureDetails":[],"failureMessages":[],"fullName":"logger 環境変数による制御 開発環境では DEBUG レベルがデフォルト","invocations":1,"location":null,"numPassingAsserts":1,"retryReasons":[],"startAt":1758340563144,"status":"passed","title":"開発環境では DEBUG レベルがデフォルト"},{"ancestorTitles":["logger","ログフォーマット"],"duration":0,"failing":false,"failureDetails":[],"failureMessages":[],"fullName":"logger ログフォーマット タイムスタンプが含まれる","invocations":1,"location":null,"numPassingAsserts":2,"retryReasons":[],"startAt":1758340563200,"status":"passed","title":"タイムスタンプが含まれる"},{"ancestorTitles":["logger","ログフォーマット"],"duration":1,"failing":false,"failureDetails":[],"failureMessages":[],"fullName":"logger ログフォーマット 適切なアイコンが表示される","invocations":1,"location":null,"numPassingAsserts":4,"retryReasons":[],"startAt":1758340563200,"status":"passed","title":"適切なアイコンが表示される"},{"ancestorTitles":["logger","エラー処理"],"duration":4,"failing":false,"failureDetails":[],"failureMessages":[],"fullName":"logger エラー処理 Error オブジェクトのメッセージを表示","invocations":1,"location":null,"numPassingAsserts":2,"retryReasons":[],"startAt":1758340563201,"status":"passed","title":"Error オブジェクトのメッセージを表示"},{"ancestorTitles":["logger","エラー処理"],"duration":1,"failing":false,"failureDetails":[],"failureMessages":[],"fullName":"logger エラー処理 開発環境ではスタックトレースを表示","invocations":1,"location":null,"numPassingAsserts":1,"retryReasons":[],"startAt":1758340563205,"status":"passed","title":"開発環境ではスタックトレースを表示"},{"ancestorTitles":["logger","success メソッド"],"duration":1,"failing":false,"failureDetails":[],"failureMessages":[],"fullName":"logger success メソッド INFO レベル以上で出力される","invocations":1,"location":null,"numPassingAsserts":1,"retryReasons":[],"startAt":1758340563206,"status":"passed","title":"INFO レベル以上で出力される"},{"ancestorTitles":["logger","success メソッド"],"duration":0,"failing":false,"failureDetails":[],"failureMessages":[],"fullName":"logger success メソッド WARN レベルでは出力されない","invocations":1,"location":null,"numPassingAsserts":1,"retryReasons":[],"startAt":1758340563207,"status":"passed","title":"WARN レベルでは出力されない"}],"endTime":1758340563208,"message":"","name":"/home/tomoaki/work/techtrend/lib/cli/utils/__tests__/logger.test.ts","startTime":1758340562848,"status":"passed","summary":""},{"assertionResults":[{"ancestorTitles":["SourceCache","resolveSourceIds"],"duration":1,"failing":false,"failureDetails":[],"failureMessages":[],"fullName":"SourceCache resolveSourceIds should resolve source names to IDs (case-insensitive)","invocations":1,"location":null,"numPassingAsserts":2,"retryReasons":[],"startAt":1758340563328,"status":"passed","title":"should resolve source names to IDs (case-insensitive)"},{"ancestorTitles":["SourceCache","resolveSourceIds"],"duration":28,"failing":false,"failureDetails":[],"failureMessages":[],"fullName":"SourceCache resolveSourceIds should pass through existing IDs unchanged","invocations":1,"location":null,"numPassingAsserts":2,"retryReasons":[],"startAt":1758340563329,"status":"passed","title":"should pass through existing IDs unchanged"},{"ancestorTitles":["SourceCache","resolveSourceIds"],"duration":6,"failing":false,"failureDetails":[],"failureMessages":[],"fullName":"SourceCache resolveSourceIds should handle mixed names and IDs","invocations":1,"location":null,"numPassingAsserts":2,"retryReasons":[],"startAt":1758340563358,"status":"passed","title":"should handle mixed names and IDs"},{"ancestorTitles":["SourceCache","resolveSourceIds"],"duration":7,"failing":false,"failureDetails":[],"failureMessages":[],"fullName":"SourceCache resolveSourceIds should filter out unresolvable names","invocations":1,"location":null,"numPassingAsserts":1,"retryReasons":[],"startAt":1758340563364,"status":"passed","title":"should filter out unresolvable names"},{"ancestorTitles":["SourceCache","resolveSourceIds"],"duration":14,"failing":false,"failureDetails":[],"failureMessages":[],"fullName":"SourceCache resolveSourceIds should return empty array for empty input","invocations":1,"location":null,"numPassingAsserts":1,"retryReasons":[],"startAt":1758340563372,"status":"passed","title":"should return empty array for empty input"},{"ancestorTitles":["SourceCache","resolveSourceIds"],"duration":4,"failing":false,"failureDetails":[],"failureMessages":[],"fullName":"SourceCache resolveSourceIds should handle whitespace and empty strings","invocations":1,"location":null,"numPassingAsserts":1,"retryReasons":[],"startAt":1758340563386,"status":"passed","title":"should handle whitespace and empty strings"},{"ancestorTitles":["SourceCache","resolveSourceIds"],"duration":5,"failing":false,"failureDetails":[],"failureMessages":[],"fullName":"SourceCache resolveSourceIds should cache results for performance","invocations":1,"location":null,"numPassingAsserts":2,"retryReasons":[],"startAt":1758340563391,"status":"passed","title":"should cache results for performance"},{"ancestorTitles":["SourceCache","resolveSourceName"],"duration":13,"failing":false,"failureDetails":[],"failureMessages":[],"fullName":"SourceCache resolveSourceName should resolve source ID to name","invocations":1,"location":null,"numPassingAsserts":1,"retryReasons":[],"startAt":1758340563397,"status":"passed","title":"should resolve source ID to name"},{"ancestorTitles":["SourceCache","resolveSourceName"],"duration":7,"failing":false,"failureDetails":[],"failureMessages":[],"fullName":"SourceCache resolveSourceName should return null for unknown source ID","invocations":1,"location":null,"numPassingAsserts":1,"retryReasons":[],"startAt":1758340563410,"status":"passed","title":"should return null for unknown source ID"},{"ancestorTitles":["SourceCache","resolveSourceName"],"duration":18,"failing":false,"failureDetails":[],"failureMessages":[],"fullName":"SourceCache resolveSourceName should handle empty input","invocations":1,"location":null,"numPassingAsserts":1,"retryReasons":[],"startAt":1758340563417,"status":"passed","title":"should handle empty input"},{"ancestorTitles":["SourceCache","resolveSourceName"],"duration":6,"failing":false,"failureDetails":[],"failureMessages":[],"fullName":"SourceCache resolveSourceName should handle whitespace input","invocations":1,"location":null,"numPassingAsserts":1,"retryReasons":[],"startAt":1758340563436,"status":"passed","title":"should handle whitespace input"},{"ancestorTitles":["SourceCache","getAllSourcesWithStats"],"duration":8,"failing":false,"failureDetails":[],"failureMessages":[],"fullName":"SourceCache getAllSourcesWithStats should return all enabled sources with stats","invocations":1,"location":null,"numPassingAsserts":4,"retryReasons":[],"startAt":1758340563442,"status":"passed","title":"should return all enabled sources with stats"},{"ancestorTitles":["SourceCache","getAllSourcesWithStats"],"duration":18,"failing":false,"failureDetails":[],"failureMessages":[],"fullName":"SourceCache getAllSourcesWithStats should cache results","invocations":1,"location":null,"numPassingAsserts":2,"retryReasons":[],"startAt":1758340563450,"status":"passed","title":"should cache results"},{"ancestorTitles":["SourceCache","invalidate"],"duration":3,"failing":false,"failureDetails":[],"failureMessages":[],"fullName":"SourceCache invalidate should clear all caches","invocations":1,"location":null,"numPassingAsserts":1,"retryReasons":[],"startAt":1758340563468,"status":"passed","title":"should clear all caches"},{"ancestorTitles":["SourceCache","invalidateSource"],"duration":19,"failing":false,"failureDetails":[],"failureMessages":[],"fullName":"SourceCache invalidateSource should invalidate specific source cache","invocations":1,"location":null,"numPassingAsserts":2,"retryReasons":[],"startAt":1758340563471,"status":"passed","title":"should invalidate specific source cache"}],"endTime":1758340563493,"message":"","name":"/home/tomoaki/work/techtrend/__tests__/lib/cache/source-cache.test.ts","startTime":1758340563213,"status":"passed","summary":""},{"assertionResults":[{"ancestorTitles":["ContentEnricherFactory","getEnricher"],"duration":1,"failing":false,"failureDetails":[],"failureMessages":[],"fullName":"ContentEnricherFactory getEnricher should return StackOverflowEnricher for Stack Overflow URLs","invocations":1,"location":null,"numPassingAsserts":2,"retryReasons":[],"startAt":1758340563701,"status":"passed","title":"should return StackOverflowEnricher for Stack Overflow URLs"},{"ancestorTitles":["ContentEnricherFactory","getEnricher"],"duration":0,"failing":false,"failureDetails":[],"failureMessages":[],"fullName":"ContentEnricherFactory getEnricher should return GitHubBlogEnricher for GitHub blog URLs","invocations":1,"location":null,"numPassingAsserts":2,"retryReasons":[],"startAt":1758340563702,"status":"passed","title":"should return GitHubBlogEnricher for GitHub blog URLs"},{"ancestorTitles":["ContentEnricherFactory","getEnricher"],"duration":1,"failing":false,"failureDetails":[],"failureMessages":[],"fullName":"ContentEnricherFactory getEnricher should return CloudflareBlogEnricher for Cloudflare blog URLs","invocations":1,"location":null,"numPassingAsserts":2,"retryReasons":[],"startAt":1758340563702,"status":"passed","title":"should return CloudflareBlogEnricher for Cloudflare blog URLs"},{"ancestorTitles":["ContentEnricherFactory","getEnricher"],"duration":0,"failing":false,"failureDetails":[],"failureMessages":[],"fullName":"ContentEnricherFactory getEnricher should return ZennContentEnricher for Zenn URLs","invocations":1,"location":null,"numPassingAsserts":2,"retryReasons":[],"startAt":1758340563703,"status":"passed","title":"should return ZennContentEnricher for Zenn URLs"},{"ancestorTitles":["ContentEnricherFactory","getEnricher"],"duration":0,"failing":false,"failureDetails":[],"failureMessages":[],"fullName":"ContentEnricherFactory getEnricher should return MoneyForwardContentEnricher for Money Forward URLs","invocations":1,"location":null,"numPassingAsserts":2,"retryReasons":[],"startAt":1758340563703,"status":"passed","title":"should return MoneyForwardContentEnricher for Money Forward URLs"},{"ancestorTitles":["ContentEnricherFactory","getEnricher"],"duration":1,"failing":false,"failureDetails":[],"failureMessages":[],"fullName":"ContentEnricherFactory getEnricher should return HatenaContentEnricher as fallback for unknown URLs","invocations":1,"location":null,"numPassingAsserts":2,"retryReasons":[],"startAt":1758340563703,"status":"passed","title":"should return HatenaContentEnricher as fallback for unknown URLs"},{"ancestorTitles":["ContentEnricherFactory","getEnricher"],"duration":0,"failing":false,"failureDetails":[],"failureMessages":[],"fullName":"ContentEnricherFactory getEnricher should handle multiple enrichers for same domain correctly","invocations":1,"location":null,"numPassingAsserts":2,"retryReasons":[],"startAt":1758340563704,"status":"passed","title":"should handle multiple enrichers for same domain correctly"},{"ancestorTitles":["ContentEnricherFactory","getEnricherCount"],"duration":1,"failing":false,"failureDetails":[],"failureMessages":[],"fullName":"ContentEnricherFactory getEnricherCount should return the correct number of enrichers","invocations":1,"location":null,"numPassingAsserts":2,"retryReasons":[],"startAt":1758340563704,"status":"passed","title":"should return the correct number of enrichers"},{"ancestorTitles":["ContentEnricherFactory","getSupportedDomains"],"duration":0,"failing":false,"failureDetails":[],"failureMessages":[],"fullName":"ContentEnricherFactory getSupportedDomains should return list of supported domains","invocations":1,"location":null,"numPassingAsserts":5,"retryReasons":[],"startAt":1758340563705,"status":"passed","title":"should return list of supported domains"},{"ancestorTitles":["ContentEnricherFactory","getSupportedDomains"],"duration":1,"failing":false,"failureDetails":[],"failureMessages":[],"fullName":"ContentEnricherFactory getSupportedDomains should include all primary domains","invocations":1,"location":null,"numPassingAsserts":2,"retryReasons":[],"startAt":1758340563705,"status":"passed","title":"should include all primary domains"},{"ancestorTitles":["ContentEnricherFactory","enricher ordering"],"duration":0,"failing":false,"failureDetails":[],"failureMessages":[],"fullName":"ContentEnricherFactory enricher ordering should prioritize specific enrichers over generic ones","invocations":1,"location":null,"numPassingAsserts":2,"retryReasons":[],"startAt":1758340563706,"status":"passed","title":"should prioritize specific enrichers over generic ones"},{"ancestorTitles":["ContentEnricherFactory","enricher URL matching"],"duration":0,"failing":false,"failureDetails":[],"failureMessages":[],"fullName":"ContentEnricherFactory enricher URL matching should return GMOContentEnricher for https://developers.gmo.jp/123","invocations":1,"location":null,"numPassingAsserts":1,"retryReasons":[],"startAt":1758340563706,"status":"passed","title":"should return GMOContentEnricher for https://developers.gmo.jp/123"},{"ancestorTitles":["ContentEnricherFactory","enricher URL matching"],"duration":1,"failing":false,"failureDetails":[],"failureMessages":[],"fullName":"ContentEnricherFactory enricher URL matching should return FreeeContentEnricher for https://developers.freee.co.jp/entry","invocations":1,"location":null,"numPassingAsserts":1,"retryReasons":[],"startAt":1758340563706,"status":"passed","title":"should return FreeeContentEnricher for https://developers.freee.co.jp/entry"},{"ancestorTitles":["ContentEnricherFactory","enricher URL matching"],"duration":0,"failing":false,"failureDetails":[],"failureMessages":[],"fullName":"ContentEnricherFactory enricher URL matching should return ZennContentEnricher for https://zenn.dev/user/articles/abc","invocations":1,"location":null,"numPassingAsserts":1,"retryReasons":[],"startAt":1758340563707,"status":"passed","title":"should return ZennContentEnricher for https://zenn.dev/user/articles/abc"},{"ancestorTitles":["ContentEnricherFactory","enricher URL matching"],"duration":0,"failing":false,"failureDetails":[],"failureMessages":[],"fullName":"ContentEnricherFactory enricher URL matching should return ThinkITContentEnricher for https://thinkit.co.jp/article/123","invocations":1,"location":null,"numPassingAsserts":1,"retryReasons":[],"startAt":1758340563707,"status":"passed","title":"should return ThinkITContentEnricher for https://thinkit.co.jp/article/123"},{"ancestorTitles":["ContentEnricherFactory","enricher URL matching"],"duration":0,"failing":false,"failureDetails":[],"failureMessages":[],"fullName":"ContentEnricherFactory enricher URL matching should return GoogleDevEnricher for https://developers.googleblog.com/post","invocations":1,"location":null,"numPassingAsserts":1,"retryReasons":[],"startAt":1758340563707,"status":"passed","title":"should return GoogleDevEnricher for https://developers.googleblog.com/post"},{"ancestorTitles":["ContentEnricherFactory","enricher URL matching"],"duration":0,"failing":false,"failureDetails":[],"failureMessages":[],"fullName":"ContentEnricherFactory enricher URL matching should return HuggingFaceEnricher for https://huggingface.co/blog/post","invocations":1,"location":null,"numPassingAsserts":1,"retryReasons":[],"startAt":1758340563708,"status":"passed","title":"should return HuggingFaceEnricher for https://huggingface.co/blog/post"},{"ancestorTitles":["ContentEnricherFactory","enricher URL matching"],"duration":0,"failing":false,"failureDetails":[],"failureMessages":[],"fullName":"ContentEnricherFactory enricher URL matching should return InfoQEnricher for https://www.infoq.com/jp/articles/test","invocations":1,"location":null,"numPassingAsserts":1,"retryReasons":[],"startAt":1758340563708,"status":"passed","title":"should return InfoQEnricher for https://www.infoq.com/jp/articles/test"},{"ancestorTitles":["ContentEnricherFactory","enricher URL matching"],"duration":1,"failing":false,"failureDetails":[],"failureMessages":[],"fullName":"ContentEnricherFactory enricher URL matching should return PublickeyEnricher for https://www.publickey1.jp/blog/24/test","invocations":1,"location":null,"numPassingAsserts":1,"retryReasons":[],"startAt":1758340563708,"status":"passed","title":"should return PublickeyEnricher for https://www.publickey1.jp/blog/24/test"},{"ancestorTitles":["ContentEnricherFactory","enricher URL matching"],"duration":0,"failing":false,"failureDetails":[],"failureMessages":[],"fullName":"ContentEnricherFactory enricher URL matching should return StackOverflowEnricher for https://stackoverflow.blog/2024/01/test","invocations":1,"location":null,"numPassingAsserts":1,"retryReasons":[],"startAt":1758340563709,"status":"passed","title":"should return StackOverflowEnricher for https://stackoverflow.blog/2024/01/test"},{"ancestorTitles":["ContentEnricherFactory","enricher URL matching"],"duration":0,"failing":false,"failureDetails":[],"failureMessages":[],"fullName":"ContentEnricherFactory enricher URL matching should return ZOZOContentEnricher for https://techblog.zozo.com/entry/test","invocations":1,"location":null,"numPassingAsserts":1,"retryReasons":[],"startAt":1758340563709,"status":"passed","title":"should return ZOZOContentEnricher for https://techblog.zozo.com/entry/test"},{"ancestorTitles":["ContentEnricherFactory","enricher URL matching"],"duration":0,"failing":false,"failureDetails":[],"failureMessages":[],"fullName":"ContentEnricherFactory enricher URL matching should return HatenaDeveloperContentEnricher for https://developer.hatenastaff.com/entry","invocations":1,"location":null,"numPassingAsserts":1,"retryReasons":[],"startAt":1758340563709,"status":"passed","title":"should return HatenaDeveloperContentEnricher for https://developer.hatenastaff.com/entry"},{"ancestorTitles":["ContentEnricherFactory","enricher URL matching"],"duration":0,"failing":false,"failureDetails":[],"failureMessages":[],"fullName":"ContentEnricherFactory enricher URL matching should return PepaboContentEnricher for https://tech.pepabo.com/2024/01/test","invocations":1,"location":null,"numPassingAsserts":1,"retryReasons":[],"startAt":1758340563710,"status":"passed","title":"should return PepaboContentEnricher for https://tech.pepabo.com/2024/01/test"},{"ancestorTitles":["ContentEnricherFactory","enricher URL matching"],"duration":0,"failing":false,"failureDetails":[],"failureMessages":[],"fullName":"ContentEnricherFactory enricher URL matching should return SansanContentEnricher for https://buildersbox.corp-sansan.com/entry","invocations":1,"location":null,"numPassingAsserts":1,"retryReasons":[],"startAt":1758340563710,"status":"passed","title":"should return SansanContentEnricher for https://buildersbox.corp-sansan.com/entry"},{"ancestorTitles":["ContentEnricherFactory","enricher URL matching"],"duration":0,"failing":false,"failureDetails":[],"failureMessages":[],"fullName":"ContentEnricherFactory enricher URL matching should return MoneyForwardContentEnricher for https://moneyforward-dev.jp/entry/test","invocations":1,"location":null,"numPassingAsserts":1,"retryReasons":[],"startAt":1758340563710,"status":"passed","title":"should return MoneyForwardContentEnricher for https://moneyforward-dev.jp/entry/test"},{"ancestorTitles":["ContentEnricherFactory","enricher URL matching"],"duration":1,"failing":false,"failureDetails":[],"failureMessages":[],"fullName":"ContentEnricherFactory enricher URL matching should return GitHubBlogEnricher for https://github.blog/2024-01-test","invocations":1,"location":null,"numPassingAsserts":1,"retryReasons":[],"startAt":1758340563710,"status":"passed","title":"should return GitHubBlogEnricher for https://github.blog/2024-01-test"},{"ancestorTitles":["ContentEnricherFactory","enricher URL matching"],"duration":1,"failing":false,"failureDetails":[],"failureMessages":[],"fullName":"ContentEnricherFactory enricher URL matching should return CloudflareBlogEnricher for https://blog.cloudflare.com/test","invocations":1,"location":null,"numPassingAsserts":1,"retryReasons":[],"startAt":1758340563711,"status":"passed","title":"should return CloudflareBlogEnricher for https://blog.cloudflare.com/test"},{"ancestorTitles":["ContentEnricherFactory","enricher URL matching"],"duration":0,"failing":false,"failureDetails":[],"failureMessages":[],"fullName":"ContentEnricherFactory enricher URL matching should return MozillaHacksEnricher for https://hacks.mozilla.org/2024/01/test","invocations":1,"location":null,"numPassingAsserts":1,"retryReasons":[],"startAt":1758340563712,"status":"passed","title":"should return MozillaHacksEnricher for https://hacks.mozilla.org/2024/01/test"},{"ancestorTitles":["ContentEnricherFactory","enricher URL matching"],"duration":0,"failing":false,"failureDetails":[],"failureMessages":[],"fullName":"ContentEnricherFactory enricher URL matching should return MediumEngineeringEnricher for https://netflixtechblog.com/test","invocations":1,"location":null,"numPassingAsserts":1,"retryReasons":[],"startAt":1758340563712,"status":"passed","title":"should return MediumEngineeringEnricher for https://netflixtechblog.com/test"}],"endTime":1758340563716,"message":"","name":"/home/tomoaki/work/techtrend/lib/enrichers/__tests__/index.test.ts","startTime":1758340563498,"status":"passed","summary":""},{"assertionResults":[{"ancestorTitles":["API /api/articles Integration Tests","Basic Article Fetching"],"duration":1,"failing":false,"failureDetails":[],"failureMessages":[],"fullName":"API /api/articles Integration Tests Basic Article Fetching should return articles with default parameters","invocations":1,"location":null,"numPassingAsserts":2,"retryReasons":[],"startAt":1758340563884,"status":"passed","title":"should return articles with default parameters"},{"ancestorTitles":["API /api/articles Integration Tests","Basic Article Fetching"],"duration":5,"failing":false,"failureDetails":[],"failureMessages":[],"fullName":"API /api/articles Integration Tests Basic Article Fetching should handle pagination parameters correctly","invocations":1,"location":null,"numPassingAsserts":2,"retryReasons":[],"startAt":1758340563885,"status":"passed","title":"should handle pagination parameters correctly"},{"ancestorTitles":["API /api/articles Integration Tests","Filtering"],"duration":1,"failing":false,"failureDetails":[],"failureMessages":[],"fullName":"API /api/articles Integration Tests Filtering should filter by sourceId","invocations":1,"location":null,"numPassingAsserts":1,"retryReasons":[],"startAt":1758340563890,"status":"passed","title":"should filter by sourceId"},{"ancestorTitles":["API /api/articles Integration Tests","Filtering"],"duration":0,"failing":false,"failureDetails":[],"failureMessages":[],"fullName":"API /api/articles Integration Tests Filtering should filter by multiple sources","invocations":1,"location":null,"numPassingAsserts":1,"retryReasons":[],"startAt":1758340563891,"status":"passed","title":"should filter by multiple sources"},{"ancestorTitles":["API /api/articles Integration Tests","Filtering"],"duration":1,"failing":false,"failureDetails":[],"failureMessages":[],"fullName":"API /api/articles Integration Tests Filtering should filter by tag","invocations":1,"location":null,"numPassingAsserts":1,"retryReasons":[],"startAt":1758340563891,"status":"passed","title":"should filter by tag"},{"ancestorTitles":["API /api/articles Integration Tests","Filtering"],"duration":0,"failing":false,"failureDetails":[],"failureMessages":[],"fullName":"API /api/articles Integration Tests Filtering should handle search keywords","invocations":1,"location":null,"numPassingAsserts":1,"retryReasons":[],"startAt":1758340563892,"status":"passed","title":"should handle search keywords"},{"ancestorTitles":["API /api/articles Integration Tests","Filtering"],"duration":1,"failing":false,"failureDetails":[],"failureMessages":[],"fullName":"API /api/articles Integration Tests Filtering should handle multiple keywords with AND logic","invocations":1,"location":null,"numPassingAsserts":3,"retryReasons":[],"startAt":1758340563892,"status":"passed","title":"should handle multiple keywords with AND logic"},{"ancestorTitles":["API /api/articles Integration Tests","Sorting"],"duration":0,"failing":false,"failureDetails":[],"failureMessages":[],"fullName":"API /api/articles Integration Tests Sorting should sort by publishedAt","invocations":1,"location":null,"numPassingAsserts":1,"retryReasons":[],"startAt":1758340563893,"status":"passed","title":"should sort by publishedAt"},{"ancestorTitles":["API /api/articles Integration Tests","Sorting"],"duration":0,"failing":false,"failureDetails":[],"failureMessages":[],"fullName":"API /api/articles Integration Tests Sorting should sort by createdAt","invocations":1,"location":null,"numPassingAsserts":1,"retryReasons":[],"startAt":1758340563893,"status":"passed","title":"should sort by createdAt"},{"ancestorTitles":["API /api/articles Integration Tests","Sorting"],"duration":0,"failing":false,"failureDetails":[],"failureMessages":[],"fullName":"API /api/articles Integration Tests Sorting should validate sort fields","invocations":1,"location":null,"numPassingAsserts":1,"retryReasons":[],"startAt":1758340563893,"status":"passed","title":"should validate sort fields"},{"ancestorTitles":["API /api/articles Integration Tests","Error Handling"],"duration":1,"failing":false,"failureDetails":[],"failureMessages":[],"fullName":"API /api/articles Integration Tests Error Handling should handle database errors gracefully","invocations":1,"location":null,"numPassingAsserts":1,"retryReasons":[],"startAt":1758340563893,"status":"passed","title":"should handle database errors gracefully"},{"ancestorTitles":["API /api/articles Integration Tests","Error Handling"],"duration":0,"failing":false,"failureDetails":[],"failureMessages":[],"fullName":"API /api/articles Integration Tests Error Handling should validate page numbers","invocations":1,"location":null,"numPassingAsserts":1,"retryReasons":[],"startAt":1758340563894,"status":"passed","title":"should validate page numbers"},{"ancestorTitles":["API /api/articles Integration Tests","Error Handling"],"duration":0,"failing":false,"failureDetails":[],"failureMessages":[],"fullName":"API /api/articles Integration Tests Error Handling should limit max results per page","invocations":1,"location":null,"numPassingAsserts":1,"retryReasons":[],"startAt":1758340563894,"status":"passed","title":"should limit max results per page"}],"endTime":1758340563895,"message":"","name":"/home/tomoaki/work/techtrend/app/api/articles/__tests__/route.integration.test.ts","startTime":1758340563720,"status":"passed","summary":""},{"assertionResults":[{"ancestorTitles":["Environment Configuration","getEnv"],"duration":3,"failing":false,"failureDetails":[],"failureMessages":[],"fullName":"Environment Configuration getEnv validates required environment variables","invocations":1,"location":null,"numPassingAsserts":2,"retryReasons":[],"startAt":1758340564004,"status":"passed","title":"validates required environment variables"},{"ancestorTitles":["Environment Configuration","getEnv"],"duration":1,"failing":false,"failureDetails":[],"failureMessages":[],"fullName":"Environment Configuration getEnv provides defaults for optional variables","invocations":1,"location":null,"numPassingAsserts":3,"retryReasons":[],"startAt":1758340564007,"status":"passed","title":"provides defaults for optional variables"},{"ancestorTitles":["Environment Configuration","getEnv"],"duration":11,"failing":false,"failureDetails":[],"failureMessages":[],"fullName":"Environment Configuration getEnv validates URL format for DATABASE_URL","invocations":1,"location":null,"numPassingAsserts":1,"retryReasons":[],"startAt":1758340564008,"status":"passed","title":"validates URL format for DATABASE_URL"},{"ancestorTitles":["Environment Configuration","getEnv"],"duration":1,"failing":false,"failureDetails":[],"failureMessages":[],"fullName":"Environment Configuration getEnv validates port numbers","invocations":1,"location":null,"numPassingAsserts":1,"retryReasons":[],"startAt":1758340564019,"status":"passed","title":"validates port numbers"},{"ancestorTitles":["Environment Configuration","getEnv"],"duration":1,"failing":false,"failureDetails":[],"failureMessages":[],"fullName":"Environment Configuration getEnv validates enum values","invocations":1,"location":null,"numPassingAsserts":1,"retryReasons":[],"startAt":1758340564020,"status":"passed","title":"validates enum values"},{"ancestorTitles":["Environment Configuration","getEnv"],"duration":1,"failing":false,"failureDetails":[],"failureMessages":[],"fullName":"Environment Configuration getEnv handles development mode with warnings","invocations":1,"location":null,"numPassingAsserts":2,"retryReasons":[],"startAt":1758340564021,"status":"passed","title":"handles development mode with warnings"},{"ancestorTitles":["Environment Configuration","env proxy"],"duration":12,"failing":false,"failureDetails":[],"failureMessages":[],"fullName":"Environment Configuration env proxy provides type-safe access to environment variables","invocations":1,"location":null,"numPassingAsserts":2,"retryReasons":[],"startAt":1758340564022,"status":"passed","title":"provides type-safe access to environment variables"},{"ancestorTitles":["Environment Configuration","env proxy"],"duration":14,"failing":false,"failureDetails":[],"failureMessages":[],"fullName":"Environment Configuration env proxy returns undefined for non-existent variables","invocations":1,"location":null,"numPassingAsserts":1,"retryReasons":[],"startAt":1758340564034,"status":"passed","title":"returns undefined for non-existent variables"},{"ancestorTitles":["Environment Configuration","features"],"duration":0,"failing":false,"failureDetails":[],"failureMessages":[],"fullName":"Environment Configuration features correctly interprets feature flags","invocations":1,"location":null,"numPassingAsserts":3,"retryReasons":[],"startAt":1758340564048,"status":"passed","title":"correctly interprets feature flags"},{"ancestorTitles":["Environment Configuration","features"],"duration":1,"failing":false,"failureDetails":[],"failureMessages":[],"fullName":"Environment Configuration features uses defaults when flags are not set","invocations":1,"location":null,"numPassingAsserts":3,"retryReasons":[],"startAt":1758340564048,"status":"passed","title":"uses defaults when flags are not set"},{"ancestorTitles":["Environment Configuration","config helpers"],"duration":1,"failing":false,"failureDetails":[],"failureMessages":[],"fullName":"Environment Configuration config helpers constructs Redis URL correctly","invocations":1,"location":null,"numPassingAsserts":1,"retryReasons":[],"startAt":1758340564064,"status":"passed","title":"constructs Redis URL correctly"},{"ancestorTitles":["Environment Configuration","config helpers"],"duration":1,"failing":false,"failureDetails":[],"failureMessages":[],"fullName":"Environment Configuration config helpers uses REDIS_URL when provided","invocations":1,"location":null,"numPassingAsserts":1,"retryReasons":[],"startAt":1758340564065,"status":"passed","title":"uses REDIS_URL when provided"},{"ancestorTitles":["Environment Configuration","config helpers"],"duration":0,"failing":false,"failureDetails":[],"failureMessages":[],"fullName":"Environment Configuration config helpers parses numeric configurations","invocations":1,"location":null,"numPassingAsserts":3,"retryReasons":[],"startAt":1758340564066,"status":"passed","title":"parses numeric configurations"},{"ancestorTitles":["Environment Configuration","config helpers"],"duration":0,"failing":false,"failureDetails":[],"failureMessages":[],"fullName":"Environment Configuration config helpers uses test database in test environment","invocations":1,"location":null,"numPassingAsserts":1,"retryReasons":[],"startAt":1758340564067,"status":"passed","title":"uses test database in test environment"},{"ancestorTitles":["Environment Configuration","config helpers"],"duration":5,"failing":false,"failureDetails":[],"failureMessages":[],"fullName":"Environment Configuration config helpers uses test database configuration in test environment","invocations":1,"location":null,"numPassingAsserts":2,"retryReasons":[],"startAt":1758340564067,"status":"passed","title":"uses test database configuration in test environment"},{"ancestorTitles":["Environment Configuration","config helpers"],"duration":63,"failing":false,"failureDetails":[],"failureMessages":[],"fullName":"Environment Configuration config helpers correctly identifies environment","invocations":1,"location":null,"numPassingAsserts":6,"retryReasons":[],"startAt":1758340564072,"status":"passed","title":"correctly identifies environment"},{"ancestorTitles":["Environment Configuration","config helpers"],"duration":21,"failing":false,"failureDetails":[],"failureMessages":[],"fullName":"Environment Configuration config helpers constructs app URL correctly","invocations":1,"location":null,"numPassingAsserts":2,"retryReasons":[],"startAt":1758340564135,"status":"passed","title":"constructs app URL correctly"},{"ancestorTitles":["Environment Configuration - getEnv"],"duration":0,"failing":false,"failureDetails":[],"failureMessages":[],"fullName":"Environment Configuration - getEnv validates required environment variables","invocations":1,"location":null,"numPassingAsserts":2,"retryReasons":[],"startAt":1758340564157,"status":"passed","title":"validates required environment variables"},{"ancestorTitles":["Environment Configuration - getEnv"],"duration":1,"failing":false,"failureDetails":[],"failureMessages":[],"fullName":"Environment Configuration - getEnv provides defaults for optional variables","invocations":1,"location":null,"numPassingAsserts":3,"retryReasons":[],"startAt":1758340564157,"status":"passed","title":"provides defaults for optional variables"},{"ancestorTitles":["Environment Configuration - getEnv"],"duration":0,"failing":false,"failureDetails":[],"failureMessages":[],"fullName":"Environment Configuration - getEnv validates URL format for DATABASE_URL","invocations":1,"location":null,"numPassingAsserts":1,"retryReasons":[],"startAt":1758340564158,"status":"passed","title":"validates URL format for DATABASE_URL"},{"ancestorTitles":["Environment Configuration - getEnv"],"duration":1,"failing":false,"failureDetails":[],"failureMessages":[],"fullName":"Environment Configuration - getEnv validates port numbers","invocations":1,"location":null,"numPassingAsserts":1,"retryReasons":[],"startAt":1758340564158,"status":"passed","title":"validates port numbers"},{"ancestorTitles":["Environment Configuration - getEnv"],"duration":1,"failing":false,"failureDetails":[],"failureMessages":[],"fullName":"Environment Configuration - getEnv validates enum values","invocations":1,"location":null,"numPassingAsserts":1,"retryReasons":[],"startAt":1758340564159,"status":"passed","title":"validates enum values"},{"ancestorTitles":["Environment Configuration - getEnv"],"duration":5,"failing":false,"failureDetails":[],"failureMessages":[],"fullName":"Environment Configuration - getEnv handles development mode with warnings","invocations":1,"location":null,"numPassingAsserts":2,"retryReasons":[],"startAt":1758340564160,"status":"passed","title":"handles development mode with warnings"},{"ancestorTitles":["Environment Configuration - features"],"duration":0,"failing":false,"failureDetails":[],"failureMessages":[],"fullName":"Environment Configuration - features correctly interprets feature flags","invocations":1,"location":null,"numPassingAsserts":3,"retryReasons":[],"startAt":1758340564165,"status":"passed","title":"correctly interprets feature flags"},{"ancestorTitles":["Environment Configuration - features"],"duration":1,"failing":false,"failureDetails":[],"failureMessages":[],"fullName":"Environment Configuration - features uses defaults when flags are not set","invocations":1,"location":null,"numPassingAsserts":3,"retryReasons":[],"startAt":1758340564165,"status":"passed","title":"uses defaults when flags are not set"},{"ancestorTitles":["Environment Configuration - env proxy"],"duration":10,"failing":false,"failureDetails":[],"failureMessages":[],"fullName":"Environment Configuration - env proxy provides type-safe access to environment variables","invocations":1,"location":null,"numPassingAsserts":2,"retryReasons":[],"startAt":1758340564166,"status":"passed","title":"provides type-safe access to environment variables"},{"ancestorTitles":["Environment Configuration - env proxy"],"duration":15,"failing":false,"failureDetails":[],"failureMessages":[],"fullName":"Environment Configuration - env proxy returns undefined for non-existent variables","invocations":1,"location":null,"numPassingAsserts":1,"retryReasons":[],"startAt":1758340564176,"status":"passed","title":"returns undefined for non-existent variables"},{"ancestorTitles":["Environment Configuration - Config Helpers"],"duration":9,"failing":false,"failureDetails":[],"failureMessages":[],"fullName":"Environment Configuration - Config Helpers constructs Redis URL correctly","invocations":1,"location":null,"numPassingAsserts":1,"retryReasons":[],"startAt":1758340564191,"status":"passed","title":"constructs Redis URL correctly"},{"ancestorTitles":["Environment Configuration - Config Helpers"],"duration":1,"failing":false,"failureDetails":[],"failureMessages":[],"fullName":"Environment Configuration - Config Helpers uses REDIS_URL when provided","invocations":1,"location":null,"numPassingAsserts":1,"retryReasons":[],"startAt":1758340564200,"status":"passed","title":"uses REDIS_URL when provided"},{"ancestorTitles":["Environment Configuration - Config Helpers"],"duration":0,"failing":false,"failureDetails":[],"failureMessages":[],"fullName":"Environment Configuration - Config Helpers parses numeric configurations","invocations":1,"location":null,"numPassingAsserts":3,"retryReasons":[],"startAt":1758340564201,"status":"passed","title":"parses numeric configurations"},{"ancestorTitles":["Environment Configuration - Config Helpers"],"duration":1,"failing":false,"failureDetails":[],"failureMessages":[],"fullName":"Environment Configuration - Config Helpers uses test database in test environment","invocations":1,"location":null,"numPassingAsserts":1,"retryReasons":[],"startAt":1758340564201,"status":"passed","title":"uses test database in test environment"},{"ancestorTitles":["Environment Configuration - Config Helpers"],"duration":0,"failing":false,"failureDetails":[],"failureMessages":[],"fullName":"Environment Configuration - Config Helpers uses test database configuration in test environment","invocations":1,"location":null,"numPassingAsserts":1,"retryReasons":[],"startAt":1758340564202,"status":"passed","title":"uses test database configuration in test environment"},{"ancestorTitles":["Environment Configuration - Config Helpers"],"duration":0,"failing":false,"failureDetails":[],"failureMessages":[],"fullName":"Environment Configuration - Config Helpers correctly identifies environment","invocations":1,"location":null,"numPassingAsserts":3,"retryReasons":[],"startAt":1758340564202,"status":"passed","title":"correctly identifies environment"},{"ancestorTitles":["Environment Configuration - Config Helpers"],"duration":1,"failing":false,"failureDetails":[],"failureMessages":[],"fullName":"Environment Configuration - Config Helpers constructs app URL correctly","invocations":1,"location":null,"numPassingAsserts":2,"retryReasons":[],"startAt":1758340564202,"status":"passed","title":"constructs app URL correctly"}],"endTime":1758340564203,"message":"","name":"/home/tomoaki/work/techtrend/__tests__/lib/config/env.test.ts","startTime":1758340563898,"status":"passed","summary":""},{"assertionResults":[{"ancestorTitles":["AWSFetcher","extractTags"],"duration":43,"failing":false,"failureDetails":[],"failureMessages":[],"fullName":"AWSFetcher extractTags タイトルからEC2サービスを抽出できる","invocations":1,"location":null,"numPassingAsserts":2,"retryReasons":[],"startAt":1758340564429,"status":"passed","title":"タイトルからEC2サービスを抽出できる"},{"ancestorTitles":["AWSFetcher","extractTags"],"duration":6,"failing":false,"failureDetails":[],"failureMessages":[],"fullName":"AWSFetcher extractTags 複数のAWSサービスを同時に抽出できる","invocations":1,"location":null,"numPassingAsserts":4,"retryReasons":[],"startAt":1758340564472,"status":"passed","title":"複数のAWSサービスを同時に抽出できる"},{"ancestorTitles":["AWSFetcher","extractTags"],"duration":0,"failing":false,"failureDetails":[],"failureMessages":[],"fullName":"AWSFetcher extractTags サービス名の変形パターンに対応できる","invocations":1,"location":null,"numPassingAsserts":3,"retryReasons":[],"startAt":1758340564479,"status":"passed","title":"サービス名の変形パターンに対応できる"},{"ancestorTitles":["AWSFetcher","extractTags"],"duration":1,"failing":false,"failureDetails":[],"failureMessages":[],"fullName":"AWSFetcher extractTags コンテンツからもサービス名を抽出できる","invocations":1,"location":null,"numPassingAsserts":3,"retryReasons":[],"startAt":1758340564479,"status":"passed","title":"コンテンツからもサービス名を抽出できる"},{"ancestorTitles":["AWSFetcher","extractTags"],"duration":1,"failing":false,"failureDetails":[],"failureMessages":[],"fullName":"AWSFetcher extractTags 大文字小文字を区別せずにサービス名を抽出できる","invocations":1,"location":null,"numPassingAsserts":3,"retryReasons":[],"startAt":1758340564480,"status":"passed","title":"大文字小文字を区別せずにサービス名を抽出できる"},{"ancestorTitles":["AWSFetcher","extractTags"],"duration":1,"failing":false,"failureDetails":[],"failureMessages":[],"fullName":"AWSFetcher extractTags 重複したタグを削除する","invocations":1,"location":null,"numPassingAsserts":1,"retryReasons":[],"startAt":1758340564481,"status":"passed","title":"重複したタグを削除する"},{"ancestorTitles":["AWSFetcher","extractTags"],"duration":0,"failing":false,"failureDetails":[],"failureMessages":[],"fullName":"AWSFetcher extractTags 新しいサービス名も抽出できる","invocations":1,"location":null,"numPassingAsserts":2,"retryReasons":[],"startAt":1758340564482,"status":"passed","title":"新しいサービス名も抽出できる"},{"ancestorTitles":["AWSFetcher","extractTags"],"duration":1,"failing":false,"failureDetails":[],"failureMessages":[],"fullName":"AWSFetcher extractTags IoTサービスを正しく抽出できる","invocations":1,"location":null,"numPassingAsserts":3,"retryReasons":[],"startAt":1758340564482,"status":"passed","title":"IoTサービスを正しく抽出できる"},{"ancestorTitles":["AWSFetcher","extractTags"],"duration":1,"failing":false,"failureDetails":[],"failureMessages":[],"fullName":"AWSFetcher extractTags セキュリティサービスを正しく抽出できる","invocations":1,"location":null,"numPassingAsserts":4,"retryReasons":[],"startAt":1758340564483,"status":"passed","title":"セキュリティサービスを正しく抽出できる"},{"ancestorTitles":["AWSFetcher","extractTags"],"duration":1,"failing":false,"failureDetails":[],"failureMessages":[],"fullName":"AWSFetcher extractTags フィード別の追加タグが正しく付与される","invocations":1,"location":null,"numPassingAsserts":6,"retryReasons":[],"startAt":1758340564484,"status":"passed","title":"フィード別の追加タグが正しく付与される"}],"endTime":1758340564486,"message":"","name":"/home/tomoaki/work/techtrend/__tests__/unit/lib/fetchers/aws.test.ts","startTime":1758340564208,"status":"passed","summary":""},{"assertionResults":[{"ancestorTitles":["CorporateTechBlogFetcher","isEventArticle","イベントキーワードの判定"],"duration":1,"failing":false,"failureDetails":[],"failureMessages":[],"fullName":"CorporateTechBlogFetcher isEventArticle イベントキーワードの判定 「登壇」を含むタイトルはイベント記事と判定される","invocations":1,"location":null,"numPassingAsserts":1,"retryReasons":[],"startAt":1758340564607,"status":"passed","title":"「登壇」を含むタイトルはイベント記事と判定される"},{"ancestorTitles":["CorporateTechBlogFetcher","isEventArticle","イベントキーワードの判定"],"duration":1,"failing":false,"failureDetails":[],"failureMessages":[],"fullName":"CorporateTechBlogFetcher isEventArticle イベントキーワードの判定 「イベント」を含むタイトルはイベント記事と判定される","invocations":1,"location":null,"numPassingAsserts":1,"retryReasons":[],"startAt":1758340564608,"status":"passed","title":"「イベント」を含むタイトルはイベント記事と判定される"},{"ancestorTitles":["CorporateTechBlogFetcher","isEventArticle","イベントキーワードの判定"],"duration":0,"failing":false,"failureDetails":[],"failureMessages":[],"fullName":"CorporateTechBlogFetcher isEventArticle イベントキーワードの判定 「セミナー」を含むタイトルはイベント記事と判定される","invocations":1,"location":null,"numPassingAsserts":1,"retryReasons":[],"startAt":1758340564609,"status":"passed","title":"「セミナー」を含むタイトルはイベント記事と判定される"},{"ancestorTitles":["CorporateTechBlogFetcher","isEventArticle","イベントキーワードの判定"],"duration":0,"failing":false,"failureDetails":[],"failureMessages":[],"fullName":"CorporateTechBlogFetcher isEventArticle イベントキーワードの判定 「勉強会」を含むタイトルはイベント記事と判定される","invocations":1,"location":null,"numPassingAsserts":1,"retryReasons":[],"startAt":1758340564609,"status":"passed","title":"「勉強会」を含むタイトルはイベント記事と判定される"},{"ancestorTitles":["CorporateTechBlogFetcher","isEventArticle","イベントキーワードの判定"],"duration":1,"failing":false,"failureDetails":[],"failureMessages":[],"fullName":"CorporateTechBlogFetcher isEventArticle イベントキーワードの判定 「カンファレンス」を含むタイトルはイベント記事と判定される","invocations":1,"location":null,"numPassingAsserts":1,"retryReasons":[],"startAt":1758340564609,"status":"passed","title":"「カンファレンス」を含むタイトルはイベント記事と判定される"},{"ancestorTitles":["CorporateTechBlogFetcher","isEventArticle","イベントキーワードの判定"],"duration":0,"failing":false,"failureDetails":[],"failureMessages":[],"fullName":"CorporateTechBlogFetcher isEventArticle イベントキーワードの判定 「meetup」を含むタイトルはイベント記事と判定される","invocations":1,"location":null,"numPassingAsserts":1,"retryReasons":[],"startAt":1758340564610,"status":"passed","title":"「meetup」を含むタイトルはイベント記事と判定される"},{"ancestorTitles":["CorporateTechBlogFetcher","isEventArticle","イベントキーワードの判定"],"duration":0,"failing":false,"failureDetails":[],"failureMessages":[],"fullName":"CorporateTechBlogFetcher isEventArticle イベントキーワードの判定 「参加募集」を含むタイトルはイベント記事と判定される","invocations":1,"location":null,"numPassingAsserts":1,"retryReasons":[],"startAt":1758340564610,"status":"passed","title":"「参加募集」を含むタイトルはイベント記事と判定される"},{"ancestorTitles":["CorporateTechBlogFetcher","isEventArticle","イベントキーワードの判定"],"duration":0,"failing":false,"failureDetails":[],"failureMessages":[],"fullName":"CorporateTechBlogFetcher isEventArticle イベントキーワードの判定 「開催しました」を含むタイトルはイベント記事と判定される","invocations":1,"location":null,"numPassingAsserts":1,"retryReasons":[],"startAt":1758340564610,"status":"passed","title":"「開催しました」を含むタイトルはイベント記事と判定される"},{"ancestorTitles":["CorporateTechBlogFetcher","isEventArticle","URLパターンの判定"],"duration":0,"failing":false,"failureDetails":[],"failureMessages":[],"fullName":"CorporateTechBlogFetcher isEventArticle URLパターンの判定 URLに/eventを含む場合はイベント記事と判定される","invocations":1,"location":null,"numPassingAsserts":1,"retryReasons":[],"startAt":1758340564611,"status":"passed","title":"URLに/eventを含む場合はイベント記事と判定される"},{"ancestorTitles":["CorporateTechBlogFetcher","isEventArticle","URLパターンの判定"],"duration":0,"failing":false,"failureDetails":[],"failureMessages":[],"fullName":"CorporateTechBlogFetcher isEventArticle URLパターンの判定 URLに/seminarを含む場合はイベント記事と判定される","invocations":1,"location":null,"numPassingAsserts":1,"retryReasons":[],"startAt":1758340564611,"status":"passed","title":"URLに/seminarを含む場合はイベント記事と判定される"},{"ancestorTitles":["CorporateTechBlogFetcher","isEventArticle","URLパターンの判定"],"duration":0,"failing":false,"failureDetails":[],"failureMessages":[],"fullName":"CorporateTechBlogFetcher isEventArticle URLパターンの判定 URLに/meetupを含む場合はイベント記事と判定される","invocations":1,"location":null,"numPassingAsserts":1,"retryReasons":[],"startAt":1758340564611,"status":"passed","title":"URLに/meetupを含む場合はイベント記事と判定される"},{"ancestorTitles":["CorporateTechBlogFetcher","isEventArticle","URLパターンの判定"],"duration":1,"failing":false,"failureDetails":[],"failureMessages":[],"fullName":"CorporateTechBlogFetcher isEventArticle URLパターンの判定 URLに/conferenceを含む場合はイベント記事と判定される","invocations":1,"location":null,"numPassingAsserts":1,"retryReasons":[],"startAt":1758340564611,"status":"passed","title":"URLに/conferenceを含む場合はイベント記事と判定される"},{"ancestorTitles":["CorporateTechBlogFetcher","isEventArticle","日付パターンの判定"],"duration":0,"failing":false,"failureDetails":[],"failureMessages":[],"fullName":"CorporateTechBlogFetcher isEventArticle 日付パターンの判定 タイトルに未来の日付が含まれる場合はイベント記事と判定される","invocations":1,"location":null,"numPassingAsserts":1,"retryReasons":[],"startAt":1758340564612,"status":"passed","title":"タイトルに未来の日付が含まれる場合はイベント記事と判定される"},{"ancestorTitles":["CorporateTechBlogFetcher","isEventArticle","日付パターンの判定"],"duration":0,"failing":false,"failureDetails":[],"failureMessages":[],"fullName":"CorporateTechBlogFetcher isEventArticle 日付パターンの判定 タイトルに日付形式があってもイベント記事と判定される","invocations":1,"location":null,"numPassingAsserts":1,"retryReasons":[],"startAt":1758340564612,"status":"passed","title":"タイトルに日付形式があってもイベント記事と判定される"},{"ancestorTitles":["CorporateTechBlogFetcher","isEventArticle","例外パターン（除外しない）"],"duration":1,"failing":false,"failureDetails":[],"failureMessages":[],"fullName":"CorporateTechBlogFetcher isEventArticle 例外パターン（除外しない） 「振り返り」を含むタイトルは除外されない","invocations":1,"location":null,"numPassingAsserts":1,"retryReasons":[],"startAt":1758340564612,"status":"passed","title":"「振り返り」を含むタイトルは除外されない"},{"ancestorTitles":["CorporateTechBlogFetcher","isEventArticle","例外パターン（除外しない）"],"duration":0,"failing":false,"failureDetails":[],"failureMessages":[],"fullName":"CorporateTechBlogFetcher isEventArticle 例外パターン（除外しない） 「レポート」を含むタイトルは除外されない","invocations":1,"location":null,"numPassingAsserts":1,"retryReasons":[],"startAt":1758340564613,"status":"passed","title":"「レポート」を含むタイトルは除外されない"},{"ancestorTitles":["CorporateTechBlogFetcher","isEventArticle","例外パターン（除外しない）"],"duration":0,"failing":false,"failureDetails":[],"failureMessages":[],"fullName":"CorporateTechBlogFetcher isEventArticle 例外パターン（除外しない） 「技術解説」を含むタイトルは除外されない","invocations":1,"location":null,"numPassingAsserts":1,"retryReasons":[],"startAt":1758340564613,"status":"passed","title":"「技術解説」を含むタイトルは除外されない"},{"ancestorTitles":["CorporateTechBlogFetcher","isEventArticle","例外パターン（除外しない）"],"duration":0,"failing":false,"failureDetails":[],"failureMessages":[],"fullName":"CorporateTechBlogFetcher isEventArticle 例外パターン（除外しない） 「まとめ」を含むタイトルは除外されない","invocations":1,"location":null,"numPassingAsserts":1,"retryReasons":[],"startAt":1758340564613,"status":"passed","title":"「まとめ」を含むタイトルは除外されない"},{"ancestorTitles":["CorporateTechBlogFetcher","isEventArticle","通常の技術記事"],"duration":1,"failing":false,"failureDetails":[],"failureMessages":[],"fullName":"CorporateTechBlogFetcher isEventArticle 通常の技術記事 イベントキーワードを含まない技術記事は除外されない","invocations":1,"location":null,"numPassingAsserts":1,"retryReasons":[],"startAt":1758340564613,"status":"passed","title":"イベントキーワードを含まない技術記事は除外されない"},{"ancestorTitles":["CorporateTechBlogFetcher","isEventArticle","通常の技術記事"],"duration":0,"failing":false,"failureDetails":[],"failureMessages":[],"fullName":"CorporateTechBlogFetcher isEventArticle 通常の技術記事 技術的な内容の記事は除外されない","invocations":1,"location":null,"numPassingAsserts":1,"retryReasons":[],"startAt":1758340564614,"status":"passed","title":"技術的な内容の記事は除外されない"},{"ancestorTitles":["CorporateTechBlogFetcher","isEventArticle","通常の技術記事"],"duration":0,"failing":false,"failureDetails":[],"failureMessages":[],"fullName":"CorporateTechBlogFetcher isEventArticle 通常の技術記事 チュートリアル記事は除外されない","invocations":1,"location":null,"numPassingAsserts":1,"retryReasons":[],"startAt":1758340564614,"status":"passed","title":"チュートリアル記事は除外されない"},{"ancestorTitles":["CorporateTechBlogFetcher","isEventArticle","複合パターン"],"duration":0,"failing":false,"failureDetails":[],"failureMessages":[],"fullName":"CorporateTechBlogFetcher isEventArticle 複合パターン イベントキーワードとURLパターンの両方を含む場合","invocations":1,"location":null,"numPassingAsserts":1,"retryReasons":[],"startAt":1758340564614,"status":"passed","title":"イベントキーワードとURLパターンの両方を含む場合"},{"ancestorTitles":["CorporateTechBlogFetcher","isEventArticle","複合パターン"],"duration":1,"failing":false,"failureDetails":[],"failureMessages":[],"fullName":"CorporateTechBlogFetcher isEventArticle 複合パターン イベントキーワードがあるが例外キーワードも含む場合","invocations":1,"location":null,"numPassingAsserts":1,"retryReasons":[],"startAt":1758340564614,"status":"passed","title":"イベントキーワードがあるが例外キーワードも含む場合"},{"ancestorTitles":["CorporateTechBlogFetcher","環境変数による制御"],"duration":0,"failing":false,"failureDetails":[],"failureMessages":[],"fullName":"CorporateTechBlogFetcher 環境変数による制御 EXCLUDE_EVENT_ARTICLESがfalseの場合、イベント記事も取得される","invocations":1,"location":null,"numPassingAsserts":1,"retryReasons":[],"startAt":1758340564615,"status":"passed","title":"EXCLUDE_EVENT_ARTICLESがfalseの場合、イベント記事も取得される"},{"ancestorTitles":["CorporateTechBlogFetcher","環境変数による制御"],"duration":1,"failing":false,"failureDetails":[],"failureMessages":[],"fullName":"CorporateTechBlogFetcher 環境変数による制御 EXCLUDE_EVENT_ARTICLESがtrueの場合、イベント記事が除外される","invocations":1,"location":null,"numPassingAsserts":1,"retryReasons":[],"startAt":1758340564615,"status":"passed","title":"EXCLUDE_EVENT_ARTICLESがtrueの場合、イベント記事が除外される"},{"ancestorTitles":["CorporateTechBlogFetcher","環境変数による制御"],"duration":0,"failing":false,"failureDetails":[],"failureMessages":[],"fullName":"CorporateTechBlogFetcher 環境変数による制御 EXCLUDE_EVENT_ARTICLESが未設定の場合、デフォルトでfalse（除外しない）","invocations":1,"location":null,"numPassingAsserts":1,"retryReasons":[],"startAt":1758340564616,"status":"passed","title":"EXCLUDE_EVENT_ARTICLESが未設定の場合、デフォルトでfalse（除外しない）"}],"endTime":1758340564617,"message":"","name":"/home/tomoaki/work/techtrend/lib/fetchers/__tests__/corporate-tech-blog.test.ts","startTime":1758340564491,"status":"passed","summary":""},{"assertionResults":[{"ancestorTitles":["/api/digest/generate","POST"],"duration":1,"failing":false,"failureDetails":[],"failureMessages":[],"fullName":"/api/digest/generate POST 日付指定なしで週次ダイジェストを生成する","invocations":1,"location":null,"numPassingAsserts":5,"retryReasons":[],"startAt":1758340564801,"status":"passed","title":"日付指定なしで週次ダイジェストを生成する"},{"ancestorTitles":["/api/digest/generate","POST"],"duration":1,"failing":false,"failureDetails":[],"failureMessages":[],"fullName":"/api/digest/generate POST 特定の日付で週次ダイジェストを生成する","invocations":1,"location":null,"numPassingAsserts":5,"retryReasons":[],"startAt":1758340564802,"status":"passed","title":"特定の日付で週次ダイジェストを生成する"},{"ancestorTitles":["/api/digest/generate","POST"],"duration":1,"failing":false,"failureDetails":[],"failureMessages":[],"fullName":"/api/digest/generate POST 無効な日付形式でエラーを返す","invocations":1,"location":null,"numPassingAsserts":3,"retryReasons":[],"startAt":1758340564803,"status":"passed","title":"無効な日付形式でエラーを返す"},{"ancestorTitles":["/api/digest/generate","POST"],"duration":0,"failing":false,"failureDetails":[],"failureMessages":[],"fullName":"/api/digest/generate POST 無効なJSONでエラーを返す","invocations":1,"location":null,"numPassingAsserts":3,"retryReasons":[],"startAt":1758340564804,"status":"passed","title":"無効なJSONでエラーを返す"},{"ancestorTitles":["/api/digest/generate","POST"],"duration":1,"failing":false,"failureDetails":[],"failureMessages":[],"fullName":"/api/digest/generate POST ダイジェスト生成エラーの場合500を返す","invocations":1,"location":null,"numPassingAsserts":5,"retryReasons":[],"startAt":1758340564804,"status":"passed","title":"ダイジェスト生成エラーの場合500を返す"},{"ancestorTitles":["/api/digest/generate","POST"],"duration":1,"failing":false,"failureDetails":[],"failureMessages":[],"fullName":"/api/digest/generate POST キャッシュ削除エラーでも処理を続行する","invocations":1,"location":null,"numPassingAsserts":2,"retryReasons":[],"startAt":1758340564805,"status":"passed","title":"キャッシュ削除エラーでも処理を続行する"},{"ancestorTitles":["/api/digest/generate","POST"],"duration":0,"failing":false,"failureDetails":[],"failureMessages":[],"fullName":"/api/digest/generate POST 空のボディでも正常に処理する","invocations":1,"location":null,"numPassingAsserts":3,"retryReasons":[],"startAt":1758340564806,"status":"passed","title":"空のボディでも正常に処理する"}],"endTime":1758340564807,"message":"","name":"/home/tomoaki/work/techtrend/__tests__/api/digest/generate/route.test.ts","startTime":1758340564622,"status":"passed","summary":""},{"assertionResults":[{"ancestorTitles":["/api/recommendations","GET"],"duration":null,"failing":false,"failureDetails":[],"failureMessages":[],"fullName":"/api/recommendations GET 認証済みユーザーの推薦記事を返す（キャッシュなし）","invocations":1,"location":null,"numPassingAsserts":0,"retryReasons":[],"startAt":1758340564914,"status":"pending","title":"認証済みユーザーの推薦記事を返す（キャッシュなし）"},{"ancestorTitles":["/api/recommendations","GET"],"duration":null,"failing":false,"failureDetails":[],"failureMessages":[],"fullName":"/api/recommendations GET キャッシュから推薦記事を返す","invocations":1,"location":null,"numPassingAsserts":0,"retryReasons":[],"startAt":1758340564914,"status":"pending","title":"キャッシュから推薦記事を返す"},{"ancestorTitles":["/api/recommendations","GET"],"duration":null,"failing":false,"failureDetails":[],"failureMessages":[],"fullName":"/api/recommendations GET カスタムlimitパラメータを処理する","invocations":1,"location":null,"numPassingAsserts":0,"retryReasons":[],"startAt":1758340564914,"status":"pending","title":"カスタムlimitパラメータを処理する"},{"ancestorTitles":["/api/recommendations","GET"],"duration":1,"failing":false,"failureDetails":[],"failureMessages":[],"fullName":"/api/recommendations GET limitパラメータを最大30に制限する","invocations":1,"location":null,"numPassingAsserts":2,"retryReasons":[],"startAt":1758340564914,"status":"passed","title":"limitパラメータを最大30に制限する"},{"ancestorTitles":["/api/recommendations","GET"],"duration":1,"failing":false,"failureDetails":[],"failureMessages":[],"fullName":"/api/recommendations GET limitパラメータを最小1に制限する","invocations":1,"location":null,"numPassingAsserts":2,"retryReasons":[],"startAt":1758340564915,"status":"passed","title":"limitパラメータを最小1に制限する"},{"ancestorTitles":["/api/recommendations","GET"],"duration":1,"failing":false,"failureDetails":[],"failureMessages":[],"fullName":"/api/recommendations GET 未認証の場合401を返す","invocations":1,"location":null,"numPassingAsserts":3,"retryReasons":[],"startAt":1758340564916,"status":"passed","title":"未認証の場合401を返す"},{"ancestorTitles":["/api/recommendations","GET"],"duration":null,"failing":false,"failureDetails":[],"failureMessages":[],"fullName":"/api/recommendations GET 推薦サービスエラーの場合500を返す","invocations":1,"location":null,"numPassingAsserts":0,"retryReasons":[],"startAt":1758340564917,"status":"pending","title":"推薦サービスエラーの場合500を返す"},{"ancestorTitles":["/api/recommendations","GET"],"duration":null,"failing":false,"failureDetails":[],"failureMessages":[],"fullName":"/api/recommendations GET Redisエラーでも処理を続行する","invocations":1,"location":null,"numPassingAsserts":0,"retryReasons":[],"startAt":1758340564917,"status":"pending","title":"Redisエラーでも処理を続行する"},{"ancestorTitles":["/api/recommendations","GET"],"duration":null,"failing":false,"failureDetails":[],"failureMessages":[],"fullName":"/api/recommendations GET 空の推薦リストを正しく処理する","invocations":1,"location":null,"numPassingAsserts":0,"retryReasons":[],"startAt":1758340564917,"status":"pending","title":"空の推薦リストを正しく処理する"}],"endTime":1758340564917,"message":"","name":"/home/tomoaki/work/techtrend/__tests__/api/recommendations/route.test.ts","startTime":1758340564813,"status":"focused","summary":""},{"assertionResults":[{"ancestorTitles":["Error Classes","AppError"],"duration":1,"failing":false,"failureDetails":[],"failureMessages":[],"fullName":"Error Classes AppError 基本的なエラーを作成できる","invocations":1,"location":null,"numPassingAsserts":6,"retryReasons":[],"startAt":1758340564994,"status":"passed","title":"基本的なエラーを作成できる"},{"ancestorTitles":["Error Classes","AppError"],"duration":0,"failing":false,"failureDetails":[],"failureMessages":[],"fullName":"Error Classes AppError デフォルト値が設定される","invocations":1,"location":null,"numPassingAsserts":2,"retryReasons":[],"startAt":1758340564995,"status":"passed","title":"デフォルト値が設定される"},{"ancestorTitles":["Error Classes","AppError"],"duration":3,"failing":false,"failureDetails":[],"failureMessages":[],"fullName":"Error Classes AppError スタックトレースが含まれる","invocations":1,"location":null,"numPassingAsserts":2,"retryReasons":[],"startAt":1758340564995,"status":"passed","title":"スタックトレースが含まれる"},{"ancestorTitles":["Error Classes","ValidationError"],"duration":1,"failing":false,"failureDetails":[],"failureMessages":[],"fullName":"Error Classes ValidationError フィールド情報付きのバリデーションエラーを作成できる","invocations":1,"location":null,"numPassingAsserts":7,"retryReasons":[],"startAt":1758340564998,"status":"passed","title":"フィールド情報付きのバリデーションエラーを作成できる"},{"ancestorTitles":["Error Classes","ValidationError"],"duration":0,"failing":false,"failureDetails":[],"failureMessages":[],"fullName":"Error Classes ValidationError フィールド情報なしでも作成できる","invocations":1,"location":null,"numPassingAsserts":2,"retryReasons":[],"startAt":1758340564999,"status":"passed","title":"フィールド情報なしでも作成できる"},{"ancestorTitles":["Error Classes","AuthenticationError"],"duration":1,"failing":false,"failureDetails":[],"failureMessages":[],"fullName":"Error Classes AuthenticationError 認証エラーを作成できる","invocations":1,"location":null,"numPassingAsserts":3,"retryReasons":[],"startAt":1758340564999,"status":"passed","title":"認証エラーを作成できる"},{"ancestorTitles":["Error Classes","AuthenticationError"],"duration":0,"failing":false,"failureDetails":[],"failureMessages":[],"fullName":"Error Classes AuthenticationError カスタムメッセージを設定できる","invocations":1,"location":null,"numPassingAsserts":1,"retryReasons":[],"startAt":1758340565000,"status":"passed","title":"カスタムメッセージを設定できる"},{"ancestorTitles":["Error Classes","AuthorizationError"],"duration":4,"failing":false,"failureDetails":[],"failureMessages":[],"fullName":"Error Classes AuthorizationError 認可エラーを作成できる","invocations":1,"location":null,"numPassingAsserts":3,"retryReasons":[],"startAt":1758340565000,"status":"passed","title":"認可エラーを作成できる"},{"ancestorTitles":["Error Classes","NotFoundError"],"duration":0,"failing":false,"failureDetails":[],"failureMessages":[],"fullName":"Error Classes NotFoundError IDなしのNotFoundエラーを作成できる","invocations":1,"location":null,"numPassingAsserts":4,"retryReasons":[],"startAt":1758340565004,"status":"passed","title":"IDなしのNotFoundエラーを作成できる"},{"ancestorTitles":["Error Classes","NotFoundError"],"duration":1,"failing":false,"failureDetails":[],"failureMessages":[],"fullName":"Error Classes NotFoundError ID付きのNotFoundエラーを作成できる","invocations":1,"location":null,"numPassingAsserts":1,"retryReasons":[],"startAt":1758340565004,"status":"passed","title":"ID付きのNotFoundエラーを作成できる"},{"ancestorTitles":["Error Classes","DuplicateError"],"duration":0,"failing":false,"failureDetails":[],"failureMessages":[],"fullName":"Error Classes DuplicateError 値なしの重複エラーを作成できる","invocations":1,"location":null,"numPassingAsserts":5,"retryReasons":[],"startAt":1758340565005,"status":"passed","title":"値なしの重複エラーを作成できる"},{"ancestorTitles":["Error Classes","DuplicateError"],"duration":0,"failing":false,"failureDetails":[],"failureMessages":[],"fullName":"Error Classes DuplicateError 値付きの重複エラーを作成できる","invocations":1,"location":null,"numPassingAsserts":1,"retryReasons":[],"startAt":1758340565005,"status":"passed","title":"値付きの重複エラーを作成できる"},{"ancestorTitles":["Error Classes","RateLimitError"],"duration":0,"failing":false,"failureDetails":[],"failureMessages":[],"fullName":"Error Classes RateLimitError レート制限エラーを作成できる","invocations":1,"location":null,"numPassingAsserts":3,"retryReasons":[],"startAt":1758340565006,"status":"passed","title":"レート制限エラーを作成できる"},{"ancestorTitles":["Error Classes","RateLimitError"],"duration":0,"failing":false,"failureDetails":[],"failureMessages":[],"fullName":"Error Classes RateLimitError retryAfter情報を含むエラーを作成できる","invocations":1,"location":null,"numPassingAsserts":2,"retryReasons":[],"startAt":1758340565006,"status":"passed","title":"retryAfter情報を含むエラーを作成できる"},{"ancestorTitles":["Error Classes","ExternalAPIError"],"duration":0,"failing":false,"failureDetails":[],"failureMessages":[],"fullName":"Error Classes ExternalAPIError 外部APIエラーを作成できる","invocations":1,"location":null,"numPassingAsserts":5,"retryReasons":[],"startAt":1758340565007,"status":"passed","title":"外部APIエラーを作成できる"},{"ancestorTitles":["Error Classes","DatabaseError"],"duration":1,"failing":false,"failureDetails":[],"failureMessages":[],"fullName":"Error Classes DatabaseError データベースエラーを作成できる","invocations":1,"location":null,"numPassingAsserts":4,"retryReasons":[],"startAt":1758340565007,"status":"passed","title":"データベースエラーを作成できる"},{"ancestorTitles":["Error Classes","BusinessLogicError"],"duration":0,"failing":false,"failureDetails":[],"failureMessages":[],"fullName":"Error Classes BusinessLogicError ビジネスロジックエラーを作成できる","invocations":1,"location":null,"numPassingAsserts":3,"retryReasons":[],"startAt":1758340565008,"status":"passed","title":"ビジネスロジックエラーを作成できる"},{"ancestorTitles":["Error Classes","BusinessLogicError"],"duration":0,"failing":false,"failureDetails":[],"failureMessages":[],"fullName":"Error Classes BusinessLogicError カスタムコードを設定できる","invocations":1,"location":null,"numPassingAsserts":1,"retryReasons":[],"startAt":1758340565008,"status":"passed","title":"カスタムコードを設定できる"},{"ancestorTitles":["Error Classes","Utility Functions","isAppError"],"duration":0,"failing":false,"failureDetails":[],"failureMessages":[],"fullName":"Error Classes Utility Functions isAppError AppErrorインスタンスを判定できる","invocations":1,"location":null,"numPassingAsserts":5,"retryReasons":[],"startAt":1758340565009,"status":"passed","title":"AppErrorインスタンスを判定できる"},{"ancestorTitles":["Error Classes","Utility Functions","isOperationalError"],"duration":0,"failing":false,"failureDetails":[],"failureMessages":[],"fullName":"Error Classes Utility Functions isOperationalError 運用エラーを判定できる","invocations":1,"location":null,"numPassingAsserts":3,"retryReasons":[],"startAt":1758340565009,"status":"passed","title":"運用エラーを判定できる"},{"ancestorTitles":["Error Classes","Utility Functions","formatErrorResponse"],"duration":1,"failing":false,"failureDetails":[],"failureMessages":[],"fullName":"Error Classes Utility Functions formatErrorResponse AppErrorをレスポンス形式に変換できる","invocations":1,"location":null,"numPassingAsserts":1,"retryReasons":[],"startAt":1758340565009,"status":"passed","title":"AppErrorをレスポンス形式に変換できる"},{"ancestorTitles":["Error Classes","Utility Functions","formatErrorResponse"],"duration":0,"failing":false,"failureDetails":[],"failureMessages":[],"fullName":"Error Classes Utility Functions formatErrorResponse 通常のErrorをレスポンス形式に変換できる（開発環境）","invocations":1,"location":null,"numPassingAsserts":1,"retryReasons":[],"startAt":1758340565010,"status":"passed","title":"通常のErrorをレスポンス形式に変換できる（開発環境）"},{"ancestorTitles":["Error Classes","Utility Functions","formatErrorResponse"],"duration":0,"failing":false,"failureDetails":[],"failureMessages":[],"fullName":"Error Classes Utility Functions formatErrorResponse 通常のErrorをレスポンス形式に変換できる（本番環境）","invocations":1,"location":null,"numPassingAsserts":1,"retryReasons":[],"startAt":1758340565010,"status":"passed","title":"通常のErrorをレスポンス形式に変換できる（本番環境）"}],"endTime":1758340565011,"message":"","name":"/home/tomoaki/work/techtrend/__tests__/unit/lib/errors/index.test.ts","startTime":1758340564921,"status":"passed","summary":""},{"assertionResults":[{"ancestorTitles":["GMOContentEnricher","canHandle"],"duration":0,"failing":false,"failureDetails":[],"failureMessages":[],"fullName":"GMOContentEnricher canHandle GMOのURLを正しく判定できること","invocations":1,"location":null,"numPassingAsserts":2,"retryReasons":[],"startAt":1758340565141,"status":"passed","title":"GMOのURLを正しく判定できること"},{"ancestorTitles":["GMOContentEnricher","canHandle"],"duration":0,"failing":false,"failureDetails":[],"failureMessages":[],"fullName":"GMOContentEnricher canHandle GMO以外のURLを拒否すること","invocations":1,"location":null,"numPassingAsserts":3,"retryReasons":[],"startAt":1758340565142,"status":"passed","title":"GMO以外のURLを拒否すること"},{"ancestorTitles":["GMOContentEnricher","enrich"],"duration":9,"failing":false,"failureDetails":[],"failureMessages":[],"fullName":"GMOContentEnricher enrich モックHTMLから正しくコンテンツを抽出できること","invocations":1,"location":null,"numPassingAsserts":6,"retryReasons":[],"startAt":1758340565142,"status":"passed","title":"モックHTMLから正しくコンテンツを抽出できること"},{"ancestorTitles":["GMOContentEnricher","enrich"],"duration":5,"failing":false,"failureDetails":[],"failureMessages":[],"fullName":"GMOContentEnricher enrich コンテンツが不足している場合はnullを返すこと","invocations":1,"location":null,"numPassingAsserts":1,"retryReasons":[],"startAt":1758340565151,"status":"passed","title":"コンテンツが不足している場合はnullを返すこと"},{"ancestorTitles":["GMOContentEnricher","enrich"],"duration":0,"failing":false,"failureDetails":[],"failureMessages":[],"fullName":"GMOContentEnricher enrich フェッチエラー時はnullを返すこと","invocations":1,"location":null,"numPassingAsserts":1,"retryReasons":[],"startAt":1758340565156,"status":"passed","title":"フェッチエラー時はnullを返すこと"}],"endTime":1758340565157,"message":"","name":"/home/tomoaki/work/techtrend/__tests__/enrichers/gmo.test.ts","startTime":1758340565013,"status":"passed","summary":""},{"assertionResults":[{"ancestorTitles":["TagNormalizer","normalize","AI/LLM関連"],"duration":1,"failing":false,"failureDetails":[],"failureMessages":[],"fullName":"TagNormalizer normalize AI/LLM関連 Claudeの各種バリエーションを正規化","invocations":1,"location":null,"numPassingAsserts":5,"retryReasons":[],"startAt":1758340565230,"status":"passed","title":"Claudeの各種バリエーションを正規化"},{"ancestorTitles":["TagNormalizer","normalize","AI/LLM関連"],"duration":1,"failing":false,"failureDetails":[],"failureMessages":[],"fullName":"TagNormalizer normalize AI/LLM関連 GPTの各種バリエーションを正規化","invocations":1,"location":null,"numPassingAsserts":5,"retryReasons":[],"startAt":1758340565231,"status":"passed","title":"GPTの各種バリエーションを正規化"},{"ancestorTitles":["TagNormalizer","normalize","AI/LLM関連"],"duration":1,"failing":false,"failureDetails":[],"failureMessages":[],"fullName":"TagNormalizer normalize AI/LLM関連 OpenAIの各種バリエーションを正規化","invocat
[...]
:false,"failureDetails":[],"failureMessages":[],"fullName":"UnifiedSummaryService generate should ensure summary ends with proper punctuation","invocations":1,"location":null,"numPassingAsserts":1,"retryReasons":[],"startAt":1758340571188,"status":"passed","title":"should ensure summary ends with proper punctuation"}],"endTime":1758340571189,"message":"","name":"/home/tomoaki/work/techtrend/__tests__/unit/services/unified-summary-service.test.ts","startTime":1758340571097,"status":"passed","summary":""},{"assertionResults":[{"ancestorTitles":["Sources API (Simplified)","GET /api/sources"],"duration":1,"failing":false,"failureDetails":[],"failureMessages":[],"fullName":"Sources API (Simplified) GET /api/sources should return sources list","invocations":1,"location":null,"numPassingAsserts":5,"retryReasons":[],"startAt":1758340571263,"status":"passed","title":"should return sources list"},{"ancestorTitles":["Sources API (Simplified)","GET /api/sources"],"duration":1,"failing":false,"failureDetails":[],"failureMessages":[],"fullName":"Sources API (Simplified) GET /api/sources should validate source structure","invocations":1,"location":null,"numPassingAsserts":12,"retryReasons":[],"startAt":1758340571264,"status":"passed","title":"should validate source structure"},{"ancestorTitles":["Sources API (Simplified)","GET /api/sources"],"duration":0,"failing":false,"failureDetails":[],"failureMessages":[],"fullName":"Sources API (Simplified) GET /api/sources should only return enabled sources","invocations":1,"location":null,"numPassingAsserts":2,"retryReasons":[],"startAt":1758340571265,"status":"passed","title":"should only return enabled sources"},{"ancestorTitles":["Sources API (Simplified)","GET /api/sources/stats"],"duration":1,"failing":false,"failureDetails":[],"failureMessages":[],"fullName":"Sources API (Simplified) GET /api/sources/stats should return source statistics","invocations":1,"location":null,"numPassingAsserts":7,"retryReasons":[],"startAt":1758340571265,"status":"passed","title":"should return source statistics"},{"ancestorTitles":["Sources API (Simplified)","GET /api/sources/stats"],"duration":1,"failing":false,"failureDetails":[],"failureMessages":[],"fullName":"Sources API (Simplified) GET /api/sources/stats should validate stats structure","invocations":1,"location":null,"numPassingAsserts":16,"retryReasons":[],"startAt":1758340571266,"status":"passed","title":"should validate stats structure"},{"ancestorTitles":["Sources API (Simplified)","GET /api/sources/stats"],"duration":0,"failing":false,"failureDetails":[],"failureMessages":[],"fullName":"Sources API (Simplified) GET /api/sources/stats should validate quality score ranges","invocations":1,"location":null,"numPassingAsserts":6,"retryReasons":[],"startAt":1758340571267,"status":"passed","title":"should validate quality score ranges"},{"ancestorTitles":["Sources API (Simplified)","GET /api/sources/stats"],"duration":1,"failing":false,"failureDetails":[],"failureMessages":[],"fullName":"Sources API (Simplified) GET /api/sources/stats should handle server errors gracefully","invocations":1,"location":null,"numPassingAsserts":3,"retryReasons":[],"startAt":1758340571267,"status":"passed","title":"should handle server errors gracefully"}],"endTime":1758340571268,"message":"","name":"/home/tomoaki/work/techtrend/__tests__/api/sources/sources-simple.test.ts","startTime":1758340571192,"status":"passed","summary":""},{"assertionResults":[{"ancestorTitles":["normalizeDetailedSummary"],"duration":1,"failing":false,"failureDetails":[],"failureMessages":[],"fullName":"normalizeDetailedSummary ラベルなしの詳細要約にラベルを追加する","invocations":1,"location":null,"numPassingAsserts":1,"retryReasons":[],"startAt":1758340571338,"status":"passed","title":"ラベルなしの詳細要約にラベルを追加する"},{"ancestorTitles":["normalizeDetailedSummary"],"duration":1,"failing":false,"failureDetails":[],"failureMessages":[],"fullName":"normalizeDetailedSummary 既にラベルがある場合は変更しない","invocations":1,"location":null,"numPassingAsserts":1,"retryReasons":[],"startAt":1758340571339,"status":"passed","title":"既にラベルがある場合は変更しない"},{"ancestorTitles":["normalizeDetailedSummary"],"duration":0,"failing":false,"failureDetails":[],"failureMessages":[],"fullName":"normalizeDetailedSummary 部分的にラベルがある場合は不足分を補完する","invocations":1,"location":null,"numPassingAsserts":1,"retryReasons":[],"startAt":1758340571340,"status":"passed","title":"部分的にラベルがある場合は不足分を補完する"},{"ancestorTitles":["normalizeDetailedSummary"],"duration":0,"failing":false,"failureDetails":[],"failureMessages":[],"fullName":"normalizeDetailedSummary 空の入力に対して空文字を返す","invocations":1,"location":null,"numPassingAsserts":1,"retryReasons":[],"startAt":1758340571340,"status":"passed","title":"空の入力に対して空文字を返す"},{"ancestorTitles":["normalizeDetailedSummary"],"duration":1,"failing":false,"failureDetails":[],"failureMessages":[],"fullName":"normalizeDetailedSummary 箇条書きでない行はそのまま保持する","invocations":1,"location":null,"numPassingAsserts":1,"retryReasons":[],"startAt":1758340571340,"status":"passed","title":"箇条書きでない行はそのまま保持する"}],"endTime":1758340571341,"message":"","name":"/home/tomoaki/work/techtrend/scripts/maintenance/__tests__/summary-normalization.test.ts","startTime":1758340571275,"status":"passed","summary":""},{"assertionResults":[{"ancestorTitles":["unified-summary-parser","parseUnifiedResponse with markdown bold removal"],"duration":0,"failing":false,"failureDetails":[],"failureMessages":[],"fullName":"unified-summary-parser parseUnifiedResponse with markdown bold removal should remove markdown bold syntax from detailed summary","invocations":1,"location":null,"numPassingAsserts":3,"retryReasons":[],"startAt":1758340571405,"status":"passed","title":"should remove markdown bold syntax from detailed summary"},{"ancestorTitles":["unified-summary-parser","parseUnifiedResponse with markdown bold removal"],"duration":0,"failing":false,"failureDetails":[],"failureMessages":[],"fullName":"unified-summary-parser parseUnifiedResponse with markdown bold removal should handle multiple markdown bold patterns in one line","invocations":1,"location":null,"numPassingAsserts":3,"retryReasons":[],"startAt":1758340571406,"status":"passed","title":"should handle multiple markdown bold patterns in one line"},{"ancestorTitles":["unified-summary-parser","parseUnifiedResponse with markdown bold removal"],"duration":7,"failing":false,"failureDetails":[],"failureMessages":[],"fullName":"unified-summary-parser parseUnifiedResponse with markdown bold removal should preserve normal detailed summary without markdown","invocations":1,"location":null,"numPassingAsserts":2,"retryReasons":[],"startAt":1758340571406,"status":"passed","title":"should preserve normal detailed summary without markdown"},{"ancestorTitles":["unified-summary-parser","parseUnifiedResponse with markdown bold removal"],"duration":1,"failing":false,"failureDetails":[],"failureMessages":[],"fullName":"unified-summary-parser parseUnifiedResponse with markdown bold removal should handle mixed markdown and normal content","invocations":1,"location":null,"numPassingAsserts":4,"retryReasons":[],"startAt":1758340571413,"status":"passed","title":"should handle mixed markdown and normal content"},{"ancestorTitles":["unified-summary-parser","parseUnifiedResponse with markdown bold removal"],"duration":0,"failing":false,"failureDetails":[],"failureMessages":[],"fullName":"unified-summary-parser parseUnifiedResponse with markdown bold removal should handle edge cases with asterisks","invocations":1,"location":null,"numPassingAsserts":4,"retryReasons":[],"startAt":1758340571414,"status":"passed","title":"should handle edge cases with asterisks"},{"ancestorTitles":["unified-summary-parser","parseUnifiedResponse general functionality"],"duration":1,"failing":false,"failureDetails":[],"failureMessages":[],"fullName":"unified-summary-parser parseUnifiedResponse general functionality should parse all sections correctly","invocations":1,"location":null,"numPassingAsserts":4,"retryReasons":[],"startAt":1758340571414,"status":"passed","title":"should parse all sections correctly"}],"endTime":1758340571415,"message":"","name":"/home/tomoaki/work/techtrend/__tests__/unit/utils/unified-summary-parser.test.ts","startTime":1758340571348,"status":"passed","summary":""},{"assertionResults":[{"ancestorTitles":["generate-summaries parseSummaryAndTags","Markdown太字記法の削除"],"duration":1,"failing":false,"failureDetails":[],"failureMessages":[],"fullName":"generate-summaries parseSummaryAndTags Markdown太字記法の削除 詳細要約の箇条書きからMarkdown太字を削除する","invocations":1,"location":null,"numPassingAsserts":3,"retryReasons":[],"startAt":1758340571485,"status":"passed","title":"詳細要約の箇条書きからMarkdown太字を削除する"},{"ancestorTitles":["generate-summaries parseSummaryAndTags","Markdown太字記法の削除"],"duration":0,"failing":false,"failureDetails":[],"failureMessages":[],"fullName":"generate-summaries parseSummaryAndTags Markdown太字記法の削除 通常のテキスト中のMarkdown太字も削除する","invocations":1,"location":null,"numPassingAsserts":3,"retryReasons":[],"startAt":1758340571486,"status":"passed","title":"通常のテキスト中のMarkdown太字も削除する"},{"ancestorTitles":["generate-summaries parseSummaryAndTags","Markdown太字記法の削除"],"duration":1,"failing":false,"failureDetails":[],"failureMessages":[],"fullName":"generate-summaries parseSummaryAndTags Markdown太字記法の削除 複数のMarkdownパターンを処理する","invocations":1,"location":null,"numPassingAsserts":4,"retryReasons":[],"startAt":1758340571486,"status":"passed","title":"複数のMarkdownパターンを処理する"},{"ancestorTitles":["generate-summaries parseSummaryAndTags","既存機能の保持"],"duration":0,"failing":false,"failureDetails":[],"failureMessages":[],"fullName":"generate-summaries parseSummaryAndTags 既存機能の保持 Markdownがない場合はそのまま保持する","invocations":1,"location":null,"numPassingAsserts":1,"retryReasons":[],"startAt":1758340571487,"status":"passed","title":"Markdownがない場合はそのまま保持する"},{"ancestorTitles":["generate-summaries parseSummaryAndTags","既存機能の保持"],"duration":0,"failing":false,"failureDetails":[],"failureMessages":[],"fullName":"generate-summaries parseSummaryAndTags 既存機能の保持 空文字列を適切に処理する","invocations":1,"location":null,"numPassingAsserts":1,"retryReasons":[],"startAt":1758340571487,"status":"passed","title":"空文字列を適切に処理する"}],"endTime":1758340571487,"message":"","name":"/home/tomoaki/work/techtrend/__tests__/unit/utils/generate-summaries-parser.test.ts","startTime":1758340571418,"status":"passed","summary":""},{"assertionResults":[{"ancestorTitles":["Articles API (Simplified)","GET /api/articles"],"duration":1,"failing":false,"failureDetails":[],"failureMessages":[],"fullName":"Articles API (Simplified) GET /api/articles should return articles list with default pagination","invocations":1,"location":null,"numPassingAsserts":6,"retryReasons":[],"startAt":1758340571566,"status":"passed","title":"should return articles list with default pagination"},{"ancestorTitles":["Articles API (Simplified)","GET /api/articles"],"duration":1,"failing":false,"failureDetails":[],"failureMessages":[],"fullName":"Articles API (Simplified) GET /api/articles should handle pagination parameters","invocations":1,"location":null,"numPassingAsserts":4,"retryReasons":[],"startAt":1758340571567,"status":"passed","title":"should handle pagination parameters"},{"ancestorTitles":["Articles API (Simplified)","GET /api/articles"],"duration":1,"failing":false,"failureDetails":[],"failureMessages":[],"fullName":"Articles API (Simplified) GET /api/articles should filter articles by source","invocations":1,"location":null,"numPassingAsserts":2,"retryReasons":[],"startAt":1758340571568,"status":"passed","title":"should filter articles by source"},{"ancestorTitles":["Articles API (Simplified)","GET /api/articles"],"duration":1,"failing":false,"failureDetails":[],"failureMessages":[],"fullName":"Articles API (Simplified) GET /api/articles should handle server errors gracefully","invocations":1,"location":null,"numPassingAsserts":3,"retryReasons":[],"startAt":1758340571569,"status":"passed","title":"should handle server errors gracefully"},{"ancestorTitles":["Articles API (Simplified)","GET /api/articles"],"duration":1,"failing":false,"failureDetails":[],"failureMessages":[],"fullName":"Articles API (Simplified) GET /api/articles should validate article structure","invocations":1,"location":null,"numPassingAsserts":15,"retryReasons":[],"startAt":1758340571570,"status":"passed","title":"should validate article structure"},{"ancestorTitles":["Articles API (Simplified)","GET /api/articles"],"duration":0,"failing":false,"failureDetails":[],"failureMessages":[],"fullName":"Articles API (Simplified) GET /api/articles should validate summary length requirements","invocations":1,"location":null,"numPassingAsserts":4,"retryReasons":[],"startAt":1758340571572,"status":"passed","title":"should validate summary length requirements"}],"endTime":1758340571573,"message":"","name":"/home/tomoaki/work/techtrend/__tests__/api/articles/articles-simple.test.ts","startTime":1758340571490,"status":"passed","summary":""},{"assertionResults":[{"ancestorTitles":["Stats API"],"duration":1,"failing":false,"failureDetails":[],"failureMessages":[],"fullName":"Stats API should return correct statistics","invocations":1,"location":null,"numPassingAsserts":5,"retryReasons":[],"startAt":1758340571657,"status":"passed","title":"should return correct statistics"},{"ancestorTitles":["Stats API"],"duration":0,"failing":false,"failureDetails":[],"failureMessages":[],"fullName":"Stats API should handle empty database","invocations":1,"location":null,"numPassingAsserts":2,"retryReasons":[],"startAt":1758340571659,"status":"passed","title":"should handle empty database"}],"endTime":1758340571660,"message":"","name":"/home/tomoaki/work/techtrend/__tests__/api/stats.test.ts","startTime":1758340571582,"status":"passed","summary":""},{"assertionResults":[{"ancestorTitles":["RecommendationService","getUserInterests"],"duration":null,"failing":false,"failureDetails":[],"failureMessages":[],"fullName":"RecommendationService getUserInterests should return cached interests if available","invocations":1,"location":null,"numPassingAsserts":0,"retryReasons":[],"startAt":1758340571771,"status":"pending","title":"should return cached interests if available"},{"ancestorTitles":["RecommendationService","getUserInterests"],"duration":null,"failing":false,"failureDetails":[],"failureMessages":[],"fullName":"RecommendationService getUserInterests should calculate interests from database if cache miss","invocations":1,"location":null,"numPassingAsserts":0,"retryReasons":[],"startAt":1758340571771,"status":"pending","title":"should calculate interests from database if cache miss"},{"ancestorTitles":["RecommendationService","getUserInterests"],"duration":null,"failing":false,"failureDetails":[],"failureMessages":[],"fullName":"RecommendationService getUserInterests should handle users with no activity","invocations":1,"location":null,"numPassingAsserts":0,"retryReasons":[],"startAt":1758340571771,"status":"pending","title":"should handle users with no activity"},{"ancestorTitles":["RecommendationService","getUserInterests"],"duration":null,"failing":false,"failureDetails":[],"failureMessages":[],"fullName":"RecommendationService getUserInterests should handle Redis errors gracefully","invocations":1,"location":null,"numPassingAsserts":0,"retryReasons":[],"startAt":1758340571771,"status":"pending","title":"should handle Redis errors gracefully"},{"ancestorTitles":["RecommendationService","getRecommendations"],"duration":null,"failing":false,"failureDetails":[],"failureMessages":[],"fullName":"RecommendationService getRecommendations should return personalized recommendations","invocations":1,"location":null,"numPassingAsserts":0,"retryReasons":[],"startAt":1758340571771,"status":"pending","title":"should return personalized recommendations"},{"ancestorTitles":["RecommendationService","getRecommendations"],"duration":null,"failing":false,"failureDetails":[],"failureMessages":[],"fullName":"RecommendationService getRecommendations should exclude viewed articles within 7 days","invocations":1,"location":null,"numPassingAsserts":0,"retryReasons":[],"startAt":1758340571771,"status":"pending","title":"should exclude viewed articles within 7 days"},{"ancestorTitles":["RecommendationService","getRecommendations"],"duration":null,"failing":false,"failureDetails":[],"failureMessages":[],"fullName":"RecommendationService getRecommendations should handle tag filters","invocations":1,"location":null,"numPassingAsserts":0,"retryReasons":[],"startAt":1758340571771,"status":"pending","title":"should handle tag filters"},{"ancestorTitles":["RecommendationService","getRecommendations"],"duration":null,"failing":false,"failureDetails":[],"failureMessages":[],"fullName":"RecommendationService getRecommendations should return popular articles for users without interests","invocations":1,"location":null,"numPassingAsserts":0,"retryReasons":[],"startAt":1758340571771,"status":"pending","title":"should return popular articles for users without interests"},{"ancestorTitles":["RecommendationService","getRecommendations"],"duration":null,"failing":false,"failureDetails":[],"failureMessages":[],"fullName":"RecommendationService getRecommendations should limit results to requested count","invocations":1,"location":null,"numPassingAsserts":0,"retryReasons":[],"startAt":1758340571771,"status":"pending","title":"should limit results to requested count"},{"ancestorTitles":["RecommendationService","getRelatedArticles"],"duration":null,"failing":false,"failureDetails":[],"failureMessages":[],"fullName":"RecommendationService getRelatedArticles should return related articles based on tags","invocations":1,"location":null,"numPassingAsserts":0,"retryReasons":[],"startAt":1758340571771,"status":"pending","title":"should return related articles based on tags"},{"ancestorTitles":["RecommendationService","getRelatedArticles"],"duration":null,"failing":false,"failureDetails":[],"failureMessages":[],"fullName":"RecommendationService getRelatedArticles should handle article not found","invocations":1,"location":null,"numPassingAsserts":0,"retryReasons":[],"startAt":1758340571771,"status":"pending","title":"should handle article not found"},{"ancestorTitles":["RecommendationService","getRelatedArticles"],"duration":null,"failing":false,"failureDetails":[],"failureMessages":[],"fullName":"RecommendationService getRelatedArticles should exclude the original article from results","invocations":1,"location":null,"numPassingAsserts":0,"retryReasons":[],"startAt":1758340571771,"status":"pending","title":"should exclude the original article from results"},{"ancestorTitles":["RecommendationService","scoring logic"],"duration":null,"failing":false,"failureDetails":[],"failureMessages":[],"fullName":"RecommendationService scoring logic should calculate tag-based score correctly","invocations":1,"location":null,"numPassingAsserts":0,"retryReasons":[],"startAt":1758340571771,"status":"pending","title":"should calculate tag-based score correctly"},{"ancestorTitles":["RecommendationService","scoring logic"],"duration":null,"failing":false,"failureDetails":[],"failureMessages":[],"fullName":"RecommendationService scoring logic should apply freshness boost","invocations":1,"location":null,"numPassingAsserts":0,"retryReasons":[],"startAt":1758340571771,"status":"pending","title":"should apply freshness boost"},{"ancestorTitles":["RecommendationService","scoring logic"],"duration":null,"failing":false,"failureDetails":[],"failureMessages":[],"fullName":"RecommendationService scoring logic should normalize scores properly","invocations":1,"location":null,"numPassingAsserts":0,"retryReasons":[],"startAt":1758340571771,"status":"pending","title":"should normalize scores properly"}],"coverage":{},"endTime":1758340571782,"message":"","name":"/home/tomoaki/work/techtrend/lib/recommendation/__tests__/recommendation-service.test.ts","startTime":1758340571782,"status":"skipped","summary":""}],"wasInterrupted":false}
